2025-05-17 00:26:32,262 INFO: 
                ____                _       _____  ____
               / __ ) ____ _ _____ (_)_____/ ___/ / __ \
              / __  |/ __ `// ___// // ___/\__ \ / /_/ /
             / /_/ // /_/ /(__  )/ // /__ ___/ // _, _/
            /_____/ \__,_//____//_/ \___//____//_/ |_|
     ______                   __   __                 __      __
    / ____/____   ____   ____/ /  / /   __  __ _____ / /__   / /
   / / __ / __ \ / __ \ / __  /  / /   / / / // ___// //_/  / /
  / /_/ // /_/ // /_/ // /_/ /  / /___/ /_/ // /__ / /<    /_/
  \____/ \____/ \____/ \____/  /_____/\____/ \___//_/|_|  (_)
    
Version Information: 
	BasicSR: 1.2.0+1c931af
	PyTorch: 1.13.1+cu117
	TorchVision: 0.14.1+cu117
2025-05-17 00:26:32,262 INFO: 
  name: train_scratch_csm_newattn
  model_type: ImageCleanModel
  scale: 1
  num_gpu: 1
  manual_seed: 42
  datasets:[
    train:[
      name: TrainSet
      type: Dataset_OnlineGaussianDenoising
      sigma_type: random
      sigma_range: [55, 75]
      in_ch: 1
      dataroot_gt: /n/netscratch/zickler_lab/Lab/linbo/denoising_project/Restormer/dataset/new_train_gray
      dataroot_lq: none
      geometric_augs: True
      noise_std_min: 0.05
      noise_std_max: 0.1
      whole_noise_std: 0.03
      smooth_times: 300
      smooth_ksize: 3
      smooth_sigma: 7.0
      random_invert_prob: 0.5
      random_add_to_smoothed_prob: 0.5
      coil_sens_path: /n/netscratch/zickler_lab/Lab/linbo/denoising_project/Restormer/dataset/csm.mat
      use_csm: True
      filename_tmpl: {}
      io_backend:[
        type: disk
      ]
      use_shuffle: True
      num_worker_per_gpu: 4
      batch_size_per_gpu: 4
      mini_batch_sizes: [4, 4, 4, 4, 4, 4, 4]
      iters: [92000, 64000, 48000, 36000, 36000, 24000, 200000, 100000]
      gt_size: 146
      gt_sizes: [64, 64, 64, 128, 128, 128, 64, 128]
      dataset_enlarge_ratio: 1
      prefetch_mode: None
      phase: train
      scale: 1
    ]
    val:[
      name: ValSet
      type: Dataset_OnlineGaussianDenoising
      sigma_test: 50
      in_ch: 1
      dataroot_gt: /n/netscratch/zickler_lab/Lab/linbo/denoising_project/Restormer/dataset/test
      coil_sens_path: /n/netscratch/zickler_lab/Lab/linbo/denoising_project/Restormer/dataset/csm.mat
      dataroot_lq: none
      io_backend:[
        type: disk
      ]
      noise_std_min: 0.05
      noise_std_max: 0.45
      smooth_times: 300
      smooth_ksize: 3
      smooth_sigma: 7.0
      random_invert_prob: 0.5
      random_add_to_smoothed_prob: 0.5
      phase: val
      scale: 1
    ]
  ]
  network_g:[
    type: Restormer
    inp_channels: 2
    out_channels: 1
    dim: 48
    num_blocks: [4, 6, 6, 8]
    num_refinement_blocks: 4
    heads: [1, 2, 4, 8]
    ffn_expansion_factor: 2.66
    bias: False
    LayerNorm_type: BiasFree
    dual_pixel_task: False
  ]
  path:[
    pretrain_network_g: None
    strict_load_g: False
    resume_state: experiments/train_scratch_csm_newattn/training_states/192000.state
    root: /n/netscratch/zickler_lab/Lab/linbo/denoising_project/Restormer
    experiments_root: /n/netscratch/zickler_lab/Lab/linbo/denoising_project/Restormer/experiments/train_scratch_csm_newattn
    models: /n/netscratch/zickler_lab/Lab/linbo/denoising_project/Restormer/experiments/train_scratch_csm_newattn/models
    training_states: /n/netscratch/zickler_lab/Lab/linbo/denoising_project/Restormer/experiments/train_scratch_csm_newattn/training_states
    log: /n/netscratch/zickler_lab/Lab/linbo/denoising_project/Restormer/experiments/train_scratch_csm_newattn
    visualization: /n/netscratch/zickler_lab/Lab/linbo/denoising_project/Restormer/experiments/train_scratch_csm_newattn/visualization
  ]
  train:[
    total_iter: 600000
    warmup_iter: -1
    use_grad_clip: True
    scheduler:[
      type: CosineAnnealingRestartCyclicLR
      periods: [92000, 208000, 400000]
      restart_weights: [1, 1, 1]
      eta_mins: [0.0003, 0.0001, 5e-05]
    ]
    mixing_augs:[
      mixup: True
      mixup_beta: 1.2
      use_identity: True
    ]
    optim_g:[
      type: AdamW
      lr: 0.0001
      weight_decay: 0.0001
      betas: [0.9, 0.999]
    ]
    pixel_opt:[
      type: L1Loss
      loss_weight: 1
      reduction: mean
    ]
  ]
  val:[
    window_size: 8
    val_freq: 4000.0
    save_img: True
    rgb2bgr: True
    use_image: False
    max_minibatch: 8
    metrics:[
      psnr:[
        type: calculate_psnr
        crop_border: 0
        test_y_channel: False
      ]
    ]
  ]
  logger:[
    print_freq: 1000
    save_checkpoint_freq: 4000.0
    use_tb_logger: True
    wandb:[
      project: None
      resume_id: None
    ]
  ]
  dist_params:[
    backend: nccl
    port: 29500
  ]
  is_train: True
  dist: False
  rank: 0
  world_size: 1

slurmstepd: error: *** JOB 15752392 ON holygpu7c26105 CANCELLED AT 2025-05-17T00:26:33 ***
