Disable distributed.
 load net keys <built-in method keys of collections.OrderedDict object at 0x145e261dadd0>
 load net keys <built-in method keys of collections.OrderedDict object at 0x145e262027a0>
Original result_tensor shape: torch.Size([1, 1, 146, 146])
Result tensor after removing batch dimension: torch.Size([1, 146, 146])
Result tensor min/max: -0.0021995026618242264 0.2439480721950531
Combined result min/max before normalization: -0.0021995026618242264 0.2439480721950531
Combined result min/max after normalization: 0.0 0.9999999403953552
Original gt_tensor shape: torch.Size([1, 1, 146, 146])
Original result_tensor shape: torch.Size([1, 1, 146, 146])
Result tensor after removing batch dimension: torch.Size([1, 146, 146])
Result tensor min/max: -0.0024021007120609283 0.12620529532432556
Combined result min/max before normalization: -0.0024021007120609283 0.12620529532432556
Combined result min/max after normalization: 0.0 0.9999998807907104
Original gt_tensor shape: torch.Size([1, 1, 146, 146])
Original result_tensor shape: torch.Size([1, 1, 146, 146])
Result tensor after removing batch dimension: torch.Size([1, 146, 146])
Result tensor min/max: -0.07502985000610352 0.48415684700012207
Combined result min/max before normalization: -0.07502985000610352 0.48415684700012207
Combined result min/max after normalization: 0.0 1.0
Original gt_tensor shape: torch.Size([1, 1, 146, 146])
Original result_tensor shape: torch.Size([1, 1, 146, 146])
Result tensor after removing batch dimension: torch.Size([1, 146, 146])
Result tensor min/max: -0.0033356398344039917 0.23889537155628204
Combined result min/max before normalization: -0.0033356398344039917 0.23889537155628204
Combined result min/max after normalization: 0.0 0.9999999403953552
Original gt_tensor shape: torch.Size([1, 1, 146, 146])
Original result_tensor shape: torch.Size([1, 1, 146, 146])
Result tensor after removing batch dimension: torch.Size([1, 146, 146])
Result tensor min/max: -0.004106549546122551 0.30483660101890564
Combined result min/max before normalization: -0.004106549546122551 0.30483660101890564
Combined result min/max after normalization: 0.0 1.0
Original gt_tensor shape: torch.Size([1, 1, 146, 146])
Original result_tensor shape: torch.Size([1, 1, 146, 146])
Result tensor after removing batch dimension: torch.Size([1, 146, 146])
Result tensor min/max: -0.002128063701093197 0.11732102930545807
Combined result min/max before normalization: -0.002128063701093197 0.11732102930545807
Combined result min/max after normalization: 0.0 0.9999999403953552
Original gt_tensor shape: torch.Size([1, 1, 146, 146])
Original result_tensor shape: torch.Size([1, 1, 146, 146])
Result tensor after removing batch dimension: torch.Size([1, 146, 146])
Result tensor min/max: -0.0314173698425293 0.4067499041557312
Combined result min/max before normalization: -0.0314173698425293 0.4067499041557312
Combined result min/max after normalization: 0.0 1.0
Original gt_tensor shape: torch.Size([1, 1, 146, 146])
Original result_tensor shape: torch.Size([1, 1, 146, 146])
Result tensor after removing batch dimension: torch.Size([1, 146, 146])
Result tensor min/max: -0.0016872789710760117 0.07797785848379135
Combined result min/max before normalization: -0.0016872789710760117 0.07797785848379135
Combined result min/max after normalization: 0.0 0.9999998807907104
Original gt_tensor shape: torch.Size([1, 1, 146, 146])
Original result_tensor shape: torch.Size([1, 1, 146, 146])
Result tensor after removing batch dimension: torch.Size([1, 146, 146])
Result tensor min/max: -0.027993902564048767 0.3878437876701355
Combined result min/max before normalization: -0.027993902564048767 0.3878437876701355
Combined result min/max after normalization: 0.0 1.0
Original gt_tensor shape: torch.Size([1, 1, 146, 146])
Original result_tensor shape: torch.Size([1, 1, 146, 146])
Result tensor after removing batch dimension: torch.Size([1, 146, 146])
Result tensor min/max: -0.0945342481136322 0.794320821762085
Combined result min/max before normalization: -0.0945342481136322 0.794320821762085
Combined result min/max after normalization: 0.0 1.0
Original gt_tensor shape: torch.Size([1, 1, 146, 146])
Original result_tensor shape: torch.Size([1, 1, 146, 146])
Result tensor after removing batch dimension: torch.Size([1, 146, 146])
Result tensor min/max: -0.0020269788801670074 0.06963203847408295
Combined result min/max before normalization: -0.0020269788801670074 0.06963203847408295
Combined result min/max after normalization: 0.0 0.9999998807907104
Original gt_tensor shape: torch.Size([1, 1, 146, 146])
Original result_tensor shape: torch.Size([1, 1, 146, 146])
Result tensor after removing batch dimension: torch.Size([1, 146, 146])
Result tensor min/max: -0.003861086443066597 0.3548392951488495
Combined result min/max before normalization: -0.003861086443066597 0.3548392951488495
Combined result min/max after normalization: 0.0 1.0
Original gt_tensor shape: torch.Size([1, 1, 146, 146])
Original result_tensor shape: torch.Size([1, 1, 146, 146])
Result tensor after removing batch dimension: torch.Size([1, 146, 146])
Result tensor min/max: -0.05845034122467041 0.38469207286834717
Combined result min/max before normalization: -0.05845034122467041 0.38469207286834717
Combined result min/max after normalization: 0.0 1.0
Original gt_tensor shape: torch.Size([1, 1, 146, 146])
Original result_tensor shape: torch.Size([1, 1, 146, 146])
Result tensor after removing batch dimension: torch.Size([1, 146, 146])
Result tensor min/max: -0.0076070986688137054 0.4016260504722595
Combined result min/max before normalization: -0.0076070986688137054 0.4016260504722595
Combined result min/max after normalization: 0.0 1.0
Original gt_tensor shape: torch.Size([1, 1, 146, 146])
Original result_tensor shape: torch.Size([1, 1, 146, 146])
Result tensor after removing batch dimension: torch.Size([1, 146, 146])
Result tensor min/max: -0.009385776706039906 0.37514394521713257
Combined result min/max before normalization: -0.009385776706039906 0.37514394521713257
Combined result min/max after normalization: 0.0 1.0
Original gt_tensor shape: torch.Size([1, 1, 146, 146])
Original result_tensor shape: torch.Size([1, 1, 146, 146])
Result tensor after removing batch dimension: torch.Size([1, 146, 146])
Result tensor min/max: -0.006639814004302025 0.5650911331176758
Combined result min/max before normalization: -0.006639814004302025 0.5650911331176758
Combined result min/max after normalization: 0.0 1.0
Original gt_tensor shape: torch.Size([1, 1, 146, 146])
Original result_tensor shape: torch.Size([1, 1, 146, 146])
Result tensor after removing batch dimension: torch.Size([1, 146, 146])
Result tensor min/max: -0.0056512122973799706 0.01778969168663025
Combined result min/max before normalization: -0.0056512122973799706 0.01778969168663025
Combined result min/max after normalization: 0.0 0.9999995827674866
Original gt_tensor shape: torch.Size([1, 1, 146, 146])
Original result_tensor shape: torch.Size([1, 1, 146, 146])
Result tensor after removing batch dimension: torch.Size([1, 146, 146])
Result tensor min/max: -0.11047571897506714 0.6925301551818848
Combined result min/max before normalization: -0.11047571897506714 0.6925301551818848
Combined result min/max after normalization: 0.0 1.0
Original gt_tensor shape: torch.Size([1, 1, 146, 146])
Original result_tensor shape: torch.Size([1, 1, 146, 146])
Result tensor after removing batch dimension: torch.Size([1, 146, 146])
Result tensor min/max: -0.06889861822128296 0.4144805073738098
Combined result min/max before normalization: -0.06889861822128296 0.4144805073738098
Combined result min/max after normalization: 0.0 1.0
Original gt_tensor shape: torch.Size([1, 1, 146, 146])
Original result_tensor shape: torch.Size([1, 1, 146, 146])
Result tensor after removing batch dimension: torch.Size([1, 146, 146])
Result tensor min/max: -0.00269104540348053 0.7004779577255249
Combined result min/max before normalization: -0.00269104540348053 0.7004779577255249
Combined result min/max after normalization: 0.0 1.0
Original gt_tensor shape: torch.Size([1, 1, 146, 146])
Original result_tensor shape: torch.Size([1, 1, 146, 146])
Result tensor after removing batch dimension: torch.Size([1, 146, 146])
Result tensor min/max: -0.06078667938709259 0.5363590121269226
Combined result min/max before normalization: -0.06078667938709259 0.5363590121269226
Combined result min/max after normalization: 0.0 1.0
Original gt_tensor shape: torch.Size([1, 1, 146, 146])
Original result_tensor shape: torch.Size([1, 1, 146, 146])
Result tensor after removing batch dimension: torch.Size([1, 146, 146])
Result tensor min/max: -0.02234731614589691 0.502568244934082
Combined result min/max before normalization: -0.02234731614589691 0.502568244934082
Combined result min/max after normalization: 0.0 1.0
Original gt_tensor shape: torch.Size([1, 1, 146, 146])
Original result_tensor shape: torch.Size([1, 1, 146, 146])
Result tensor after removing batch dimension: torch.Size([1, 146, 146])
Result tensor min/max: -0.004969129338860512 0.23851028084754944
Combined result min/max before normalization: -0.004969129338860512 0.23851028084754944
Combined result min/max after normalization: 0.0 0.9999999403953552
Original gt_tensor shape: torch.Size([1, 1, 146, 146])
Original result_tensor shape: torch.Size([1, 1, 146, 146])
Result tensor after removing batch dimension: torch.Size([1, 146, 146])
Result tensor min/max: -0.00288428645581007 0.23892074823379517
Combined result min/max before normalization: -0.00288428645581007 0.23892074823379517
Combined result min/max after normalization: 0.0 0.9999999403953552
Original gt_tensor shape: torch.Size([1, 1, 146, 146])
Original result_tensor shape: torch.Size([1, 1, 146, 146])
Result tensor after removing batch dimension: torch.Size([1, 146, 146])
Result tensor min/max: -0.0037091420963406563 0.854083776473999
Combined result min/max before normalization: -0.0037091420963406563 0.854083776473999
Combined result min/max after normalization: 0.0 1.0
Original gt_tensor shape: torch.Size([1, 1, 146, 146])
Original result_tensor shape: torch.Size([1, 1, 146, 146])
Result tensor after removing batch dimension: torch.Size([1, 146, 146])
Result tensor min/max: -0.09490826725959778 0.39167165756225586
Combined result min/max before normalization: -0.09490826725959778 0.39167165756225586
Combined result min/max after normalization: 0.0 1.0
Original gt_tensor shape: torch.Size([1, 1, 146, 146])
Original result_tensor shape: torch.Size([1, 1, 146, 146])
Result tensor after removing batch dimension: torch.Size([1, 146, 146])
Result tensor min/max: -0.00675840862095356 0.4389549195766449
Combined result min/max before normalization: -0.00675840862095356 0.4389549195766449
Combined result min/max after normalization: 0.0 1.0
Original gt_tensor shape: torch.Size([1, 1, 146, 146])
Original result_tensor shape: torch.Size([1, 1, 146, 146])
Result tensor after removing batch dimension: torch.Size([1, 146, 146])
Result tensor min/max: -0.007200729101896286 0.5435407757759094
Combined result min/max before normalization: -0.007200729101896286 0.5435407757759094
Combined result min/max after normalization: 0.0 1.0
Original gt_tensor shape: torch.Size([1, 1, 146, 146])
Original result_tensor shape: torch.Size([1, 1, 146, 146])
Result tensor after removing batch dimension: torch.Size([1, 146, 146])
Result tensor min/max: -0.04815882444381714 0.520161509513855
Combined result min/max before normalization: -0.04815882444381714 0.520161509513855
Combined result min/max after normalization: 0.0 1.0
Original gt_tensor shape: torch.Size([1, 1, 146, 146])
Original result_tensor shape: torch.Size([1, 1, 146, 146])
Result tensor after removing batch dimension: torch.Size([1, 146, 146])
Result tensor min/max: -0.04359140992164612 0.39178359508514404
Combined result min/max before normalization: -0.04359140992164612 0.39178359508514404
Combined result min/max after normalization: 0.0 1.0
Original gt_tensor shape: torch.Size([1, 1, 146, 146])
Original result_tensor shape: torch.Size([1, 1, 146, 146])
Result tensor after removing batch dimension: torch.Size([1, 146, 146])
Result tensor min/max: -0.009625392034649849 0.2892614006996155
Combined result min/max before normalization: -0.009625392034649849 0.2892614006996155
Combined result min/max after normalization: 0.0 1.0
Original gt_tensor shape: torch.Size([1, 1, 146, 146])
Original result_tensor shape: torch.Size([1, 1, 146, 146])
Result tensor after removing batch dimension: torch.Size([1, 146, 146])
Result tensor min/max: -0.03398418799042702 0.08324872702360153
Combined result min/max before normalization: -0.03398418799042702 0.08324872702360153
Combined result min/max after normalization: 0.0 0.9999999403953552
Original gt_tensor shape: torch.Size([1, 1, 146, 146])
Original result_tensor shape: torch.Size([1, 1, 146, 146])
Result tensor after removing batch dimension: torch.Size([1, 146, 146])
Result tensor min/max: -0.007239501923322678 0.3175557255744934
Combined result min/max before normalization: -0.007239501923322678 0.3175557255744934
Combined result min/max after normalization: 0.0 1.0
Original gt_tensor shape: torch.Size([1, 1, 146, 146])
Original result_tensor shape: torch.Size([1, 1, 146, 146])
Result tensor after removing batch dimension: torch.Size([1, 146, 146])
Result tensor min/max: -0.2796013355255127 0.36198025941848755
Combined result min/max before normalization: -0.2796013355255127 0.36198025941848755
Combined result min/max after normalization: 0.0 1.0
Original gt_tensor shape: torch.Size([1, 1, 146, 146])
Original result_tensor shape: torch.Size([1, 1, 146, 146])
Result tensor after removing batch dimension: torch.Size([1, 146, 146])
Result tensor min/max: -0.15923821926116943 0.26038897037506104
Combined result min/max before normalization: -0.15923821926116943 0.26038897037506104
Combined result min/max after normalization: 0.0 1.0
Original gt_tensor shape: torch.Size([1, 1, 146, 146])
Original result_tensor shape: torch.Size([1, 1, 146, 146])
Result tensor after removing batch dimension: torch.Size([1, 146, 146])
Result tensor min/max: -0.0038780057802796364 0.2829955220222473
Combined result min/max before normalization: -0.0038780057802796364 0.2829955220222473
Combined result min/max after normalization: 0.0 1.0
Original gt_tensor shape: torch.Size([1, 1, 146, 146])
Original result_tensor shape: torch.Size([1, 1, 146, 146])
Result tensor after removing batch dimension: torch.Size([1, 146, 146])
Result tensor min/max: -0.012516320683062077 0.1893690526485443
Combined result min/max before normalization: -0.012516320683062077 0.1893690526485443
Combined result min/max after normalization: 0.0 0.9999999403953552
Original gt_tensor shape: torch.Size([1, 1, 146, 146])
Original result_tensor shape: torch.Size([1, 1, 146, 146])
Result tensor after removing batch dimension: torch.Size([1, 146, 146])
Result tensor min/max: -0.010401502251625061 0.4856943190097809
Combined result min/max before normalization: -0.010401502251625061 0.4856943190097809
Combined result min/max after normalization: 0.0 1.0
Original gt_tensor shape: torch.Size([1, 1, 146, 146])
Original result_tensor shape: torch.Size([1, 1, 146, 146])
Result tensor after removing batch dimension: torch.Size([1, 146, 146])
Result tensor min/max: -0.009540284052491188 0.20935572683811188
Combined result min/max before normalization: -0.009540284052491188 0.20935572683811188
Combined result min/max after normalization: 0.0 0.9999999403953552
Original gt_tensor shape: torch.Size([1, 1, 146, 146])
Original result_tensor shape: torch.Size([1, 1, 146, 146])
Result tensor after removing batch dimension: torch.Size([1, 146, 146])
Result tensor min/max: -0.04490935802459717 0.46290701627731323
Combined result min/max before normalization: -0.04490935802459717 0.46290701627731323
Combined result min/max after normalization: 0.0 1.0
Original gt_tensor shape: torch.Size([1, 1, 146, 146])
Original result_tensor shape: torch.Size([1, 1, 146, 146])
Result tensor after removing batch dimension: torch.Size([1, 146, 146])
Result tensor min/max: -0.001598544418811798 0.2925092875957489
Combined result min/max before normalization: -0.001598544418811798 0.2925092875957489
Combined result min/max after normalization: 0.0 1.0
Original gt_tensor shape: torch.Size([1, 1, 146, 146])
Original result_tensor shape: torch.Size([1, 1, 146, 146])
Result tensor after removing batch dimension: torch.Size([1, 146, 146])
Result tensor min/max: -0.026189252734184265 0.370937705039978
Combined result min/max before normalization: -0.026189252734184265 0.370937705039978
Combined result min/max after normalization: 0.0 1.0
Original gt_tensor shape: torch.Size([1, 1, 146, 146])
Original result_tensor shape: torch.Size([1, 1, 146, 146])
Result tensor after removing batch dimension: torch.Size([1, 146, 146])
Result tensor min/max: -0.022394537925720215 0.7119126915931702
Combined result min/max before normalization: -0.022394537925720215 0.7119126915931702
Combined result min/max after normalization: 0.0 1.0
Original gt_tensor shape: torch.Size([1, 1, 146, 146])
Original result_tensor shape: torch.Size([1, 1, 146, 146])
Result tensor after removing batch dimension: torch.Size([1, 146, 146])
Result tensor min/max: -0.008137768134474754 0.17145419120788574
Combined result min/max before normalization: -0.008137768134474754 0.17145419120788574
Combined result min/max after normalization: 0.0 0.9999999403953552
Original gt_tensor shape: torch.Size([1, 1, 146, 146])
Original result_tensor shape: torch.Size([1, 1, 146, 146])
Result tensor after removing batch dimension: torch.Size([1, 146, 146])
Result tensor min/max: -0.007520129904150963 0.1297944039106369
Combined result min/max before normalization: -0.007520129904150963 0.1297944039106369
Combined result min/max after normalization: 0.0 0.9999998807907104
Original gt_tensor shape: torch.Size([1, 1, 146, 146])
Original result_tensor shape: torch.Size([1, 1, 146, 146])
Result tensor after removing batch dimension: torch.Size([1, 146, 146])
Result tensor min/max: -0.012277540750801563 0.2786256670951843
Combined result min/max before normalization: -0.012277540750801563 0.2786256670951843
Combined result min/max after normalization: 0.0 1.0
Original gt_tensor shape: torch.Size([1, 1, 146, 146])
Original result_tensor shape: torch.Size([1, 1, 146, 146])
Result tensor after removing batch dimension: torch.Size([1, 146, 146])
Result tensor min/max: -0.015223812311887741 0.0432211235165596
Combined result min/max before normalization: -0.015223812311887741 0.0432211235165596
Combined result min/max after normalization: 0.0 0.9999998211860657
Original gt_tensor shape: torch.Size([1, 1, 146, 146])
Original result_tensor shape: torch.Size([1, 1, 146, 146])
Result tensor after removing batch dimension: torch.Size([1, 146, 146])
Result tensor min/max: -0.043445512652397156 0.2680349349975586
Combined result min/max before normalization: -0.043445512652397156 0.2680349349975586
Combined result min/max after normalization: 0.0 1.0
Original gt_tensor shape: torch.Size([1, 1, 146, 146])
Original result_tensor shape: torch.Size([1, 1, 146, 146])
Result tensor after removing batch dimension: torch.Size([1, 146, 146])
Result tensor min/max: -0.004324267618358135 0.09784003347158432
Combined result min/max before normalization: -0.004324267618358135 0.09784003347158432
Combined result min/max after normalization: 0.0 0.9999999403953552
Original gt_tensor shape: torch.Size([1, 1, 146, 146])
Original result_tensor shape: torch.Size([1, 1, 146, 146])
Result tensor after removing batch dimension: torch.Size([1, 146, 146])
Result tensor min/max: -0.05424922704696655 0.4594757556915283
Combined result min/max before normalization: -0.05424922704696655 0.4594757556915283
Combined result min/max after normalization: 0.0 1.0
Original gt_tensor shape: torch.Size([1, 1, 146, 146])
Original result_tensor shape: torch.Size([1, 1, 146, 146])
Result tensor after removing batch dimension: torch.Size([1, 146, 146])
Result tensor min/max: -0.0032537002116441727 0.12072908133268356
Combined result min/max before normalization: -0.0032537002116441727 0.12072908133268356
Combined result min/max after normalization: 0.0 0.9999999403953552
Original gt_tensor shape: torch.Size([1, 1, 146, 146])
Original result_tensor shape: torch.Size([1, 1, 146, 146])
Result tensor after removing batch dimension: torch.Size([1, 146, 146])
Result tensor min/max: -0.02812822163105011 0.4428246021270752
Combined result min/max before normalization: -0.02812822163105011 0.4428246021270752
Combined result min/max after normalization: 0.0 1.0
Original gt_tensor shape: torch.Size([1, 1, 146, 146])
Original result_tensor shape: torch.Size([1, 1, 146, 146])
Result tensor after removing batch dimension: torch.Size([1, 146, 146])
Result tensor min/max: -0.020878344774246216 0.34386539459228516
Combined result min/max before normalization: -0.020878344774246216 0.34386539459228516
Combined result min/max after normalization: 0.0 1.0
Original gt_tensor shape: torch.Size([1, 1, 146, 146])
Original result_tensor shape: torch.Size([1, 1, 146, 146])
Result tensor after removing batch dimension: torch.Size([1, 146, 146])
Result tensor min/max: -0.011900901794433594 0.737352192401886
Combined result min/max before normalization: -0.011900901794433594 0.737352192401886
Combined result min/max after normalization: 0.0 1.0
Original gt_tensor shape: torch.Size([1, 1, 146, 146])
Original result_tensor shape: torch.Size([1, 1, 146, 146])
Result tensor after removing batch dimension: torch.Size([1, 146, 146])
Result tensor min/max: -0.0064535317942500114 0.19732506573200226
Combined result min/max before normalization: -0.0064535317942500114 0.19732506573200226
Combined result min/max after normalization: 0.0 0.9999999403953552
Original gt_tensor shape: torch.Size([1, 1, 146, 146])
Original result_tensor shape: torch.Size([1, 1, 146, 146])
Result tensor after removing batch dimension: torch.Size([1, 146, 146])
Result tensor min/max: -0.005651087500154972 0.09337124228477478
Combined result min/max before normalization: -0.005651087500154972 0.09337124228477478
Combined result min/max after normalization: 0.0 0.9999999403953552
Original gt_tensor shape: torch.Size([1, 1, 146, 146])
Original result_tensor shape: torch.Size([1, 1, 146, 146])
Result tensor after removing batch dimension: torch.Size([1, 146, 146])
Result tensor min/max: -0.03952209651470184 0.3383260667324066
Combined result min/max before normalization: -0.03952209651470184 0.3383260667324066
Combined result min/max after normalization: 0.0 1.0
Original gt_tensor shape: torch.Size([1, 1, 146, 146])
Original result_tensor shape: torch.Size([1, 1, 146, 146])
Result tensor after removing batch dimension: torch.Size([1, 146, 146])
Result tensor min/max: -0.10561135411262512 0.753979504108429
Combined result min/max before normalization: -0.10561135411262512 0.753979504108429
Combined result min/max after normalization: 0.0 1.0
Original gt_tensor shape: torch.Size([1, 1, 146, 146])
Original result_tensor shape: torch.Size([1, 1, 146, 146])
Result tensor after removing batch dimension: torch.Size([1, 146, 146])
Result tensor min/max: -0.06519795209169388 0.21656665205955505
Combined result min/max before normalization: -0.06519795209169388 0.21656665205955505
Combined result min/max after normalization: 0.0 1.0
Original gt_tensor shape: torch.Size([1, 1, 146, 146])
Original result_tensor shape: torch.Size([1, 1, 146, 146])
Result tensor after removing batch dimension: torch.Size([1, 146, 146])
Result tensor min/max: -0.20327287912368774 0.41911983489990234
Combined result min/max before normalization: -0.20327287912368774 0.41911983489990234
Combined result min/max after normalization: 0.0 1.0
Original gt_tensor shape: torch.Size([1, 1, 146, 146])
Original result_tensor shape: torch.Size([1, 1, 146, 146])
Result tensor after removing batch dimension: torch.Size([1, 146, 146])
Result tensor min/max: -0.008599779568612576 0.3128671646118164
Combined result min/max before normalization: -0.008599779568612576 0.3128671646118164
Combined result min/max after normalization: 0.0 1.0
Original gt_tensor shape: torch.Size([1, 1, 146, 146])
Original result_tensor shape: torch.Size([1, 1, 146, 146])
Result tensor after removing batch dimension: torch.Size([1, 146, 146])
Result tensor min/max: -0.0065741632133722305 0.23815983533859253
Combined result min/max before normalization: -0.0065741632133722305 0.23815983533859253
Combined result min/max after normalization: 0.0 0.9999999403953552
Original gt_tensor shape: torch.Size([1, 1, 146, 146])
Original result_tensor shape: torch.Size([1, 1, 146, 146])
Result tensor after removing batch dimension: torch.Size([1, 146, 146])
Result tensor min/max: -0.005296951159834862 0.14342492818832397
Combined result min/max before normalization: -0.005296951159834862 0.14342492818832397
Combined result min/max after normalization: 0.0 0.9999998807907104
Original gt_tensor shape: torch.Size([1, 1, 146, 146])
Original result_tensor shape: torch.Size([1, 1, 146, 146])
Result tensor after removing batch dimension: torch.Size([1, 146, 146])
Result tensor min/max: 0.02369508147239685 0.6817429065704346
Combined result min/max before normalization: 0.02369508147239685 0.6817429065704346
Combined result min/max after normalization: 0.0 1.0
Original gt_tensor shape: torch.Size([1, 1, 146, 146])
Original result_tensor shape: torch.Size([1, 1, 146, 146])
Result tensor after removing batch dimension: torch.Size([1, 146, 146])
Result tensor min/max: -0.0015113800764083862 0.0357193797826767
Combined result min/max before normalization: -0.0015113800764083862 0.0357193797826767
Combined result min/max after normalization: 0.0 0.9999997019767761
Original gt_tensor shape: torch.Size([1, 1, 146, 146])
Original result_tensor shape: torch.Size([1, 1, 146, 146])
Result tensor after removing batch dimension: torch.Size([1, 146, 146])
Result tensor min/max: -0.021291440352797508 0.10696597397327423
Combined result min/max before normalization: -0.021291440352797508 0.10696597397327423
Combined result min/max after normalization: 0.0 0.9999998807907104
Original gt_tensor shape: torch.Size([1, 1, 146, 146])
Original result_tensor shape: torch.Size([1, 1, 146, 146])
Result tensor after removing batch dimension: torch.Size([1, 146, 146])
Result tensor min/max: -0.02430817484855652 0.26688528060913086
Combined result min/max before normalization: -0.02430817484855652 0.26688528060913086
Combined result min/max after normalization: 0.0 1.0
Original gt_tensor shape: torch.Size([1, 1, 146, 146])
Original result_tensor shape: torch.Size([1, 1, 146, 146])
Result tensor after removing batch dimension: torch.Size([1, 146, 146])
Result tensor min/max: -0.007256150245666504 0.38477298617362976
Combined result min/max before normalization: -0.007256150245666504 0.38477298617362976
Combined result min/max after normalization: 0.0 1.0
Original gt_tensor shape: torch.Size([1, 1, 146, 146])
Original result_tensor shape: torch.Size([1, 1, 146, 146])
Result tensor after removing batch dimension: torch.Size([1, 146, 146])
Result tensor min/max: -0.06716221570968628 0.732141375541687
Combined result min/max before normalization: -0.06716221570968628 0.732141375541687
Combined result min/max after normalization: 0.0 1.0
Original gt_tensor shape: torch.Size([1, 1, 146, 146])
Original result_tensor shape: torch.Size([1, 1, 146, 146])
Result tensor after removing batch dimension: torch.Size([1, 146, 146])
Result tensor min/max: -0.06307494640350342 0.6215015649795532
Combined result min/max before normalization: -0.06307494640350342 0.6215015649795532
Combined result min/max after normalization: 0.0 1.0
Original gt_tensor shape: torch.Size([1, 1, 146, 146])
Original result_tensor shape: torch.Size([1, 1, 146, 146])
Result tensor after removing batch dimension: torch.Size([1, 146, 146])
Result tensor min/max: -0.07049041986465454 0.5457921028137207
Combined result min/max before normalization: -0.07049041986465454 0.5457921028137207
Combined result min/max after normalization: 0.0 1.0
Original gt_tensor shape: torch.Size([1, 1, 146, 146])
Original result_tensor shape: torch.Size([1, 1, 146, 146])
Result tensor after removing batch dimension: torch.Size([1, 146, 146])
Result tensor min/max: -0.018284384161233902 0.31148505210876465
Combined result min/max before normalization: -0.018284384161233902 0.31148505210876465
Combined result min/max after normalization: 0.0 1.0
Original gt_tensor shape: torch.Size([1, 1, 146, 146])
Original result_tensor shape: torch.Size([1, 1, 146, 146])
Result tensor after removing batch dimension: torch.Size([1, 146, 146])
Result tensor min/max: -0.1599859893321991 0.5360597372055054
Combined result min/max before normalization: -0.1599859893321991 0.5360597372055054
Combined result min/max after normalization: 0.0 1.0
Original gt_tensor shape: torch.Size([1, 1, 146, 146])
Original result_tensor shape: torch.Size([1, 1, 146, 146])
Result tensor after removing batch dimension: torch.Size([1, 146, 146])
Result tensor min/max: -0.008260095492005348 0.25119340419769287
Combined result min/max before normalization: -0.008260095492005348 0.25119340419769287
Combined result min/max after normalization: 0.0 1.0
Original gt_tensor shape: torch.Size([1, 1, 146, 146])
Original result_tensor shape: torch.Size([1, 1, 146, 146])
Result tensor after removing batch dimension: torch.Size([1, 146, 146])
Result tensor min/max: -0.006555676460266113 0.6575155854225159
Combined result min/max before normalization: -0.006555676460266113 0.6575155854225159
Combined result min/max after normalization: 0.0 1.0
Original gt_tensor shape: torch.Size([1, 1, 146, 146])
Original result_tensor shape: torch.Size([1, 1, 146, 146])
Result tensor after removing batch dimension: torch.Size([1, 146, 146])
Result tensor min/max: -0.007847912609577179 0.789818286895752
Combined result min/max before normalization: -0.007847912609577179 0.789818286895752
Combined result min/max after normalization: 0.0 1.0
Original gt_tensor shape: torch.Size([1, 1, 146, 146])
Original result_tensor shape: torch.Size([1, 1, 146, 146])
Result tensor after removing batch dimension: torch.Size([1, 146, 146])
Result tensor min/max: -0.0008636340498924255 0.10052923113107681
Combined result min/max before normalization: -0.0008636340498924255 0.10052923113107681
Combined result min/max after normalization: 0.0 0.9999999403953552
Original gt_tensor shape: torch.Size([1, 1, 146, 146])
Original result_tensor shape: torch.Size([1, 1, 146, 146])
Result tensor after removing batch dimension: torch.Size([1, 146, 146])
Result tensor min/max: -0.007288860157132149 0.11414729058742523
Combined result min/max before normalization: -0.007288860157132149 0.11414729058742523
Combined result min/max after normalization: 0.0 0.9999999403953552
Original gt_tensor shape: torch.Size([1, 1, 146, 146])
Original result_tensor shape: torch.Size([1, 1, 146, 146])
Result tensor after removing batch dimension: torch.Size([1, 146, 146])
Result tensor min/max: -0.28562697768211365 0.30098897218704224
Combined result min/max before normalization: -0.28562697768211365 0.30098897218704224
Combined result min/max after normalization: 0.0 1.0
Original gt_tensor shape: torch.Size([1, 1, 146, 146])
Original result_tensor shape: torch.Size([1, 1, 146, 146])
Result tensor after removing batch dimension: torch.Size([1, 146, 146])
Result tensor min/max: -0.007459734566509724 0.07696659117937088
Combined result min/max before normalization: -0.007459734566509724 0.07696659117937088
Combined result min/max after normalization: 0.0 0.9999999403953552
Original gt_tensor shape: torch.Size([1, 1, 146, 146])
Original result_tensor shape: torch.Size([1, 1, 146, 146])
Result tensor after removing batch dimension: torch.Size([1, 146, 146])
Result tensor min/max: -0.01127374917268753 0.15844324231147766
Combined result min/max before normalization: -0.01127374917268753 0.15844324231147766
Combined result min/max after normalization: 0.0 0.9999999403953552
Original gt_tensor shape: torch.Size([1, 1, 146, 146])
Original result_tensor shape: torch.Size([1, 1, 146, 146])
Result tensor after removing batch dimension: torch.Size([1, 146, 146])
Result tensor min/max: -0.01947592943906784 0.4375971853733063
Combined result min/max before normalization: -0.01947592943906784 0.4375971853733063
Combined result min/max after normalization: 0.0 1.0
Original gt_tensor shape: torch.Size([1, 1, 146, 146])
Original result_tensor shape: torch.Size([1, 1, 146, 146])
Result tensor after removing batch dimension: torch.Size([1, 146, 146])
Result tensor min/max: -0.015177402645349503 0.22816221415996552
Combined result min/max before normalization: -0.015177402645349503 0.22816221415996552
Combined result min/max after normalization: 0.0 0.9999999403953552
Original gt_tensor shape: torch.Size([1, 1, 146, 146])
Original result_tensor shape: torch.Size([1, 1, 146, 146])
Result tensor after removing batch dimension: torch.Size([1, 146, 146])
Result tensor min/max: -0.026071874424815178 0.19893334805965424
Combined result min/max before normalization: -0.026071874424815178 0.19893334805965424
Combined result min/max after normalization: 0.0 0.9999999403953552
Original gt_tensor shape: torch.Size([1, 1, 146, 146])
Original result_tensor shape: torch.Size([1, 1, 146, 146])
Result tensor after removing batch dimension: torch.Size([1, 146, 146])
Result tensor min/max: -0.05981558561325073 0.1951282024383545
Combined result min/max before normalization: -0.05981558561325073 0.1951282024383545
Combined result min/max after normalization: 0.0 1.0
Original gt_tensor shape: torch.Size([1, 1, 146, 146])
Original result_tensor shape: torch.Size([1, 1, 146, 146])
Result tensor after removing batch dimension: torch.Size([1, 146, 146])
Result tensor min/max: -0.029809167608618736 0.14947152137756348
Combined result min/max before normalization: -0.029809167608618736 0.14947152137756348
Combined result min/max after normalization: 0.0 0.9999999403953552
Original gt_tensor shape: torch.Size([1, 1, 146, 146])
Original result_tensor shape: torch.Size([1, 1, 146, 146])
Result tensor after removing batch dimension: torch.Size([1, 146, 146])
Result tensor min/max: 0.0035432279109954834 0.5235496163368225
Combined result min/max before normalization: 0.0035432279109954834 0.5235496163368225
Combined result min/max after normalization: 0.0 1.0
Original gt_tensor shape: torch.Size([1, 1, 146, 146])
Original result_tensor shape: torch.Size([1, 1, 146, 146])
Result tensor after removing batch dimension: torch.Size([1, 146, 146])
Result tensor min/max: -0.06456242501735687 0.4566529095172882
Combined result min/max before normalization: -0.06456242501735687 0.4566529095172882
Combined result min/max after normalization: 0.0 1.0
Original gt_tensor shape: torch.Size([1, 1, 146, 146])
Original result_tensor shape: torch.Size([1, 1, 146, 146])
Result tensor after removing batch dimension: torch.Size([1, 146, 146])
Result tensor min/max: -0.0415889136493206 0.27680885791778564
Combined result min/max before normalization: -0.0415889136493206 0.27680885791778564
Combined result min/max after normalization: 0.0 1.0
Original gt_tensor shape: torch.Size([1, 1, 146, 146])
Original result_tensor shape: torch.Size([1, 1, 146, 146])
Result tensor after removing batch dimension: torch.Size([1, 146, 146])
Result tensor min/max: -0.03264237567782402 0.1356300562620163
Combined result min/max before normalization: -0.03264237567782402 0.1356300562620163
Combined result min/max after normalization: 0.0 0.9999999403953552
Original gt_tensor shape: torch.Size([1, 1, 146, 146])
