Disable distributed.
USE CSM:  False
USE CSM:  True
Original result_tensor shape: torch.Size([1, 1, 146, 146])
Result tensor after removing batch dimension: torch.Size([1, 146, 146])
Result tensor min/max: -0.01919391006231308 0.19192947447299957
Combined result min/max before normalization: -0.01919391006231308 0.19192947447299957
Combined result min/max after normalization: 0.0 0.9999999403953552
Original gt_tensor shape: torch.Size([1, 1, 146, 146])
Original result_tensor shape: torch.Size([1, 1, 146, 146])
Result tensor after removing batch dimension: torch.Size([1, 146, 146])
Result tensor min/max: 0.16361784934997559 0.9537312984466553
Combined result min/max before normalization: 0.16361784934997559 0.9537312984466553
Combined result min/max after normalization: 0.0 1.0
Original gt_tensor shape: torch.Size([1, 1, 146, 146])
Original result_tensor shape: torch.Size([1, 1, 146, 146])
Result tensor after removing batch dimension: torch.Size([1, 146, 146])
Result tensor min/max: -0.025456499308347702 0.13893726468086243
Combined result min/max before normalization: -0.025456499308347702 0.13893726468086243
Combined result min/max after normalization: 0.0 0.9999998807907104
Original gt_tensor shape: torch.Size([1, 1, 146, 146])
Original result_tensor shape: torch.Size([1, 1, 146, 146])
Result tensor after removing batch dimension: torch.Size([1, 146, 146])
Result tensor min/max: 0.16778914630413055 0.9129124879837036
Combined result min/max before normalization: 0.16778914630413055 0.9129124879837036
Combined result min/max after normalization: 0.0 1.0
Original gt_tensor shape: torch.Size([1, 1, 146, 146])
Original result_tensor shape: torch.Size([1, 1, 146, 146])
Result tensor after removing batch dimension: torch.Size([1, 146, 146])
Result tensor min/max: -0.01743888109922409 0.06665145605802536
Combined result min/max before normalization: -0.01743888109922409 0.06665145605802536
Combined result min/max after normalization: 0.0 0.9999999403953552
Original gt_tensor shape: torch.Size([1, 1, 146, 146])
Original result_tensor shape: torch.Size([1, 1, 146, 146])
Result tensor after removing batch dimension: torch.Size([1, 146, 146])
Result tensor min/max: 0.06589610874652863 0.6423609852790833
Combined result min/max before normalization: 0.06589610874652863 0.6423609852790833
Combined result min/max after normalization: 0.0 1.0
Original gt_tensor shape: torch.Size([1, 1, 146, 146])
Original result_tensor shape: torch.Size([1, 1, 146, 146])
Result tensor after removing batch dimension: torch.Size([1, 146, 146])
Result tensor min/max: -0.02619452401995659 0.5755153894424438
Combined result min/max before normalization: -0.02619452401995659 0.5755153894424438
Combined result min/max after normalization: 0.0 1.0
Original gt_tensor shape: torch.Size([1, 1, 146, 146])
Original result_tensor shape: torch.Size([1, 1, 146, 146])
Result tensor after removing batch dimension: torch.Size([1, 146, 146])
Result tensor min/max: 0.03143511712551117 0.5891954898834229
Combined result min/max before normalization: 0.03143511712551117 0.5891954898834229
Combined result min/max after normalization: 0.0 1.0
Original gt_tensor shape: torch.Size([1, 1, 146, 146])
Original result_tensor shape: torch.Size([1, 1, 146, 146])
Result tensor after removing batch dimension: torch.Size([1, 146, 146])
Result tensor min/max: -0.0181063711643219 0.7738032341003418
Combined result min/max before normalization: -0.0181063711643219 0.7738032341003418
Combined result min/max after normalization: 0.0 1.0
Original gt_tensor shape: torch.Size([1, 1, 146, 146])
Original result_tensor shape: torch.Size([1, 1, 146, 146])
Result tensor after removing batch dimension: torch.Size([1, 146, 146])
Result tensor min/max: -0.018813330680131912 0.07188956439495087
Combined result min/max before normalization: -0.018813330680131912 0.07188956439495087
Combined result min/max after normalization: 0.0 0.9999999403953552
Original gt_tensor shape: torch.Size([1, 1, 146, 146])
Original result_tensor shape: torch.Size([1, 1, 146, 146])
Result tensor after removing batch dimension: torch.Size([1, 146, 146])
Result tensor min/max: -0.036420904099941254 0.674295961856842
Combined result min/max before normalization: -0.036420904099941254 0.674295961856842
Combined result min/max after normalization: 0.0 1.0
Original gt_tensor shape: torch.Size([1, 1, 146, 146])
Original result_tensor shape: torch.Size([1, 1, 146, 146])
Result tensor after removing batch dimension: torch.Size([1, 146, 146])
Result tensor min/max: -0.012039612047374249 0.08588697761297226
Combined result min/max before normalization: -0.012039612047374249 0.08588697761297226
Combined result min/max after normalization: 0.0 0.9999999403953552
Original gt_tensor shape: torch.Size([1, 1, 146, 146])
Original result_tensor shape: torch.Size([1, 1, 146, 146])
Result tensor after removing batch dimension: torch.Size([1, 146, 146])
Result tensor min/max: 0.016144663095474243 0.46097904443740845
Combined result min/max before normalization: 0.016144663095474243 0.46097904443740845
Combined result min/max after normalization: 0.0 1.0
Original gt_tensor shape: torch.Size([1, 1, 146, 146])
Original result_tensor shape: torch.Size([1, 1, 146, 146])
Result tensor after removing batch dimension: torch.Size([1, 146, 146])
Result tensor min/max: -0.015506776049733162 0.36989137530326843
Combined result min/max before normalization: -0.015506776049733162 0.36989137530326843
Combined result min/max after normalization: 0.0 1.0
Original gt_tensor shape: torch.Size([1, 1, 146, 146])
Original result_tensor shape: torch.Size([1, 1, 146, 146])
Result tensor after removing batch dimension: torch.Size([1, 146, 146])
Result tensor min/max: -0.05852265655994415 0.5314457416534424
Combined result min/max before normalization: -0.05852265655994415 0.5314457416534424
Combined result min/max after normalization: 0.0 1.0
Original gt_tensor shape: torch.Size([1, 1, 146, 146])
Original result_tensor shape: torch.Size([1, 1, 146, 146])
Result tensor after removing batch dimension: torch.Size([1, 146, 146])
Result tensor min/max: -0.013964524492621422 0.18960972130298615
Combined result min/max before normalization: -0.013964524492621422 0.18960972130298615
Combined result min/max after normalization: 0.0 0.9999999403953552
Original gt_tensor shape: torch.Size([1, 1, 146, 146])
Original result_tensor shape: torch.Size([1, 1, 146, 146])
Result tensor after removing batch dimension: torch.Size([1, 146, 146])
Result tensor min/max: 0.01626884937286377 0.25364363193511963
Combined result min/max before normalization: 0.01626884937286377 0.25364363193511963
Combined result min/max after normalization: 0.0 0.9999999403953552
Original gt_tensor shape: torch.Size([1, 1, 146, 146])
Original result_tensor shape: torch.Size([1, 1, 146, 146])
Result tensor after removing batch dimension: torch.Size([1, 146, 146])
Result tensor min/max: -0.015292491763830185 0.3009032905101776
Combined result min/max before normalization: -0.015292491763830185 0.3009032905101776
Combined result min/max after normalization: 0.0 1.0
Original gt_tensor shape: torch.Size([1, 1, 146, 146])
Original result_tensor shape: torch.Size([1, 1, 146, 146])
Result tensor after removing batch dimension: torch.Size([1, 146, 146])
Result tensor min/max: -0.01381220854818821 0.017936542630195618
Combined result min/max before normalization: -0.01381220854818821 0.017936542630195618
Combined result min/max after normalization: 0.0 0.9999996423721313
Original gt_tensor shape: torch.Size([1, 1, 146, 146])
Original result_tensor shape: torch.Size([1, 1, 146, 146])
Result tensor after removing batch dimension: torch.Size([1, 146, 146])
Result tensor min/max: -0.003673642873764038 0.43802374601364136
Combined result min/max before normalization: -0.003673642873764038 0.43802374601364136
Combined result min/max after normalization: 0.0 1.0
Original gt_tensor shape: torch.Size([1, 1, 146, 146])
Original result_tensor shape: torch.Size([1, 1, 146, 146])
Result tensor after removing batch dimension: torch.Size([1, 146, 146])
Result tensor min/max: 0.06250278651714325 0.9162379503250122
Combined result min/max before normalization: 0.06250278651714325 0.9162379503250122
Combined result min/max after normalization: 0.0 1.0
Original gt_tensor shape: torch.Size([1, 1, 146, 146])
Original result_tensor shape: torch.Size([1, 1, 146, 146])
Result tensor after removing batch dimension: torch.Size([1, 146, 146])
Result tensor min/max: 0.09863390028476715 0.6920590400695801
Combined result min/max before normalization: 0.09863390028476715 0.6920590400695801
Combined result min/max after normalization: 0.0 1.0
Original gt_tensor shape: torch.Size([1, 1, 146, 146])
Original result_tensor shape: torch.Size([1, 1, 146, 146])
Result tensor after removing batch dimension: torch.Size([1, 146, 146])
Result tensor min/max: 0.1496760994195938 0.7665680050849915
Combined result min/max before normalization: 0.1496760994195938 0.7665680050849915
Combined result min/max after normalization: 0.0 1.0
Original gt_tensor shape: torch.Size([1, 1, 146, 146])
Original result_tensor shape: torch.Size([1, 1, 146, 146])
Result tensor after removing batch dimension: torch.Size([1, 146, 146])
Result tensor min/max: -0.01113271713256836 0.6360212564468384
Combined result min/max before normalization: -0.01113271713256836 0.6360212564468384
Combined result min/max after normalization: 0.0 1.0
Original gt_tensor shape: torch.Size([1, 1, 146, 146])
Original result_tensor shape: torch.Size([1, 1, 146, 146])
Result tensor after removing batch dimension: torch.Size([1, 146, 146])
Result tensor min/max: -0.01105042640119791 0.1477624475955963
Combined result min/max before normalization: -0.01105042640119791 0.1477624475955963
Combined result min/max after normalization: 0.0 0.9999998807907104
Original gt_tensor shape: torch.Size([1, 1, 146, 146])
Original result_tensor shape: torch.Size([1, 1, 146, 146])
Result tensor after removing batch dimension: torch.Size([1, 146, 146])
Result tensor min/max: -0.008737402968108654 0.03949439153075218
Combined result min/max before normalization: -0.008737402968108654 0.03949439153075218
Combined result min/max after normalization: 0.0 0.9999997615814209
Original gt_tensor shape: torch.Size([1, 1, 146, 146])
Original result_tensor shape: torch.Size([1, 1, 146, 146])
Result tensor after removing batch dimension: torch.Size([1, 146, 146])
Result tensor min/max: 0.01726837456226349 0.29623037576675415
Combined result min/max before normalization: 0.01726837456226349 0.29623037576675415
Combined result min/max after normalization: 0.0 1.0
Original gt_tensor shape: torch.Size([1, 1, 146, 146])
Original result_tensor shape: torch.Size([1, 1, 146, 146])
Result tensor after removing batch dimension: torch.Size([1, 146, 146])
Result tensor min/max: 0.0175468772649765 0.40564924478530884
Combined result min/max before normalization: 0.0175468772649765 0.40564924478530884
Combined result min/max after normalization: 0.0 1.0
Original gt_tensor shape: torch.Size([1, 1, 146, 146])
Original result_tensor shape: torch.Size([1, 1, 146, 146])
Result tensor after removing batch dimension: torch.Size([1, 146, 146])
Result tensor min/max: 0.17329981923103333 0.6235013008117676
Combined result min/max before normalization: 0.17329981923103333 0.6235013008117676
Combined result min/max after normalization: 0.0 1.0
Original gt_tensor shape: torch.Size([1, 1, 146, 146])
Original result_tensor shape: torch.Size([1, 1, 146, 146])
Result tensor after removing batch dimension: torch.Size([1, 146, 146])
Result tensor min/max: -0.016872463747859 0.3142260015010834
Combined result min/max before normalization: -0.016872463747859 0.3142260015010834
Combined result min/max after normalization: 0.0 1.0
Original gt_tensor shape: torch.Size([1, 1, 146, 146])
Original result_tensor shape: torch.Size([1, 1, 146, 146])
Result tensor after removing batch dimension: torch.Size([1, 146, 146])
Result tensor min/max: -0.010812738910317421 0.8912114500999451
Combined result min/max before normalization: -0.010812738910317421 0.8912114500999451
Combined result min/max after normalization: 0.0 1.0
Original gt_tensor shape: torch.Size([1, 1, 146, 146])
Original result_tensor shape: torch.Size([1, 1, 146, 146])
Result tensor after removing batch dimension: torch.Size([1, 146, 146])
Result tensor min/max: -0.005583707243204117 0.05719321593642235
Combined result min/max before normalization: -0.005583707243204117 0.05719321593642235
Combined result min/max after normalization: 0.0 0.9999998807907104
Original gt_tensor shape: torch.Size([1, 1, 146, 146])
Original result_tensor shape: torch.Size([1, 1, 146, 146])
Result tensor after removing batch dimension: torch.Size([1, 146, 146])
Result tensor min/max: -0.004089832305908203 0.36370885372161865
Combined result min/max before normalization: -0.004089832305908203 0.36370885372161865
Combined result min/max after normalization: 0.0 1.0
Original gt_tensor shape: torch.Size([1, 1, 146, 146])
Original result_tensor shape: torch.Size([1, 1, 146, 146])
Result tensor after removing batch dimension: torch.Size([1, 146, 146])
Result tensor min/max: -0.00990428775548935 0.344715416431427
Combined result min/max before normalization: -0.00990428775548935 0.344715416431427
Combined result min/max after normalization: 0.0 1.0
Original gt_tensor shape: torch.Size([1, 1, 146, 146])
Original result_tensor shape: torch.Size([1, 1, 146, 146])
Result tensor after removing batch dimension: torch.Size([1, 146, 146])
Result tensor min/max: -0.006309641525149345 0.05080452188849449
Combined result min/max before normalization: -0.006309641525149345 0.05080452188849449
Combined result min/max after normalization: 0.0 0.9999998211860657
Original gt_tensor shape: torch.Size([1, 1, 146, 146])
Original result_tensor shape: torch.Size([1, 1, 146, 146])
Result tensor after removing batch dimension: torch.Size([1, 146, 146])
Result tensor min/max: -0.009070320054888725 0.33271440863609314
Combined result min/max before normalization: -0.009070320054888725 0.33271440863609314
Combined result min/max after normalization: 0.0 1.0
Original gt_tensor shape: torch.Size([1, 1, 146, 146])
Original result_tensor shape: torch.Size([1, 1, 146, 146])
Result tensor after removing batch dimension: torch.Size([1, 146, 146])
Result tensor min/max: 0.14336569607257843 0.6513826251029968
Combined result min/max before normalization: 0.14336569607257843 0.6513826251029968
Combined result min/max after normalization: 0.0 1.0
Original gt_tensor shape: torch.Size([1, 1, 146, 146])
Original result_tensor shape: torch.Size([1, 1, 146, 146])
Result tensor after removing batch dimension: torch.Size([1, 146, 146])
Result tensor min/max: 0.045533448457717896 0.47230660915374756
Combined result min/max before normalization: 0.045533448457717896 0.47230660915374756
Combined result min/max after normalization: 0.0 1.0
Original gt_tensor shape: torch.Size([1, 1, 146, 146])
Original result_tensor shape: torch.Size([1, 1, 146, 146])
Result tensor after removing batch dimension: torch.Size([1, 146, 146])
Result tensor min/max: -0.007447471842169762 0.14622807502746582
Combined result min/max before normalization: -0.007447471842169762 0.14622807502746582
Combined result min/max after normalization: 0.0 0.9999998807907104
Original gt_tensor shape: torch.Size([1, 1, 146, 146])
Original result_tensor shape: torch.Size([1, 1, 146, 146])
Result tensor after removing batch dimension: torch.Size([1, 146, 146])
Result tensor min/max: -0.007783063687384129 0.09063214063644409
Combined result min/max before normalization: -0.007783063687384129 0.09063214063644409
Combined result min/max after normalization: 0.0 0.9999999403953552
Original gt_tensor shape: torch.Size([1, 1, 146, 146])
Original result_tensor shape: torch.Size([1, 1, 146, 146])
Result tensor after removing batch dimension: torch.Size([1, 146, 146])
Result tensor min/max: 0.09409186244010925 0.49081289768218994
Combined result min/max before normalization: 0.09409186244010925 0.49081289768218994
Combined result min/max after normalization: 0.0 1.0
Original gt_tensor shape: torch.Size([1, 1, 146, 146])
Original result_tensor shape: torch.Size([1, 1, 146, 146])
Result tensor after removing batch dimension: torch.Size([1, 146, 146])
Result tensor min/max: -0.008941381238400936 0.05452552065253258
Combined result min/max before normalization: -0.008941381238400936 0.05452552065253258
Combined result min/max after normalization: 0.0 0.9999998807907104
Original gt_tensor shape: torch.Size([1, 1, 146, 146])
Original result_tensor shape: torch.Size([1, 1, 146, 146])
Result tensor after removing batch dimension: torch.Size([1, 146, 146])
Result tensor min/max: -0.005364362150430679 0.21803760528564453
Combined result min/max before normalization: -0.005364362150430679 0.21803760528564453
Combined result min/max after normalization: 0.0 0.9999999403953552
Original gt_tensor shape: torch.Size([1, 1, 146, 146])
Original result_tensor shape: torch.Size([1, 1, 146, 146])
Result tensor after removing batch dimension: torch.Size([1, 146, 146])
Result tensor min/max: 0.21779313683509827 0.6039562821388245
Combined result min/max before normalization: 0.21779313683509827 0.6039562821388245
Combined result min/max after normalization: 0.0 1.0
Original gt_tensor shape: torch.Size([1, 1, 146, 146])
Original result_tensor shape: torch.Size([1, 1, 146, 146])
Result tensor after removing batch dimension: torch.Size([1, 146, 146])
Result tensor min/max: 0.18645501136779785 0.6011386513710022
Combined result min/max before normalization: 0.18645501136779785 0.6011386513710022
Combined result min/max after normalization: 0.0 1.0
Original gt_tensor shape: torch.Size([1, 1, 146, 146])
Original result_tensor shape: torch.Size([1, 1, 146, 146])
Result tensor after removing batch dimension: torch.Size([1, 146, 146])
Result tensor min/max: -0.005402823910117149 0.11408467590808868
Combined result min/max before normalization: -0.005402823910117149 0.11408467590808868
Combined result min/max after normalization: 0.0 0.9999999403953552
Original gt_tensor shape: torch.Size([1, 1, 146, 146])
Original result_tensor shape: torch.Size([1, 1, 146, 146])
Result tensor after removing batch dimension: torch.Size([1, 146, 146])
Result tensor min/max: -0.006661581806838512 0.0833764374256134
Combined result min/max before normalization: -0.006661581806838512 0.0833764374256134
Combined result min/max after normalization: 0.0 0.9999999403953552
Original gt_tensor shape: torch.Size([1, 1, 146, 146])
Original result_tensor shape: torch.Size([1, 1, 146, 146])
Result tensor after removing batch dimension: torch.Size([1, 146, 146])
Result tensor min/max: -0.008375460281968117 0.3924853503704071
Combined result min/max before normalization: -0.008375460281968117 0.3924853503704071
Combined result min/max after normalization: 0.0 1.0
Original gt_tensor shape: torch.Size([1, 1, 146, 146])
Original result_tensor shape: torch.Size([1, 1, 146, 146])
Result tensor after removing batch dimension: torch.Size([1, 146, 146])
Result tensor min/max: -0.010604076087474823 0.5895863771438599
Combined result min/max before normalization: -0.010604076087474823 0.5895863771438599
Combined result min/max after normalization: 0.0 1.0
Original gt_tensor shape: torch.Size([1, 1, 146, 146])
Original result_tensor shape: torch.Size([1, 1, 146, 146])
Result tensor after removing batch dimension: torch.Size([1, 146, 146])
Result tensor min/max: -0.013977626338601112 0.580773115158081
Combined result min/max before normalization: -0.013977626338601112 0.580773115158081
Combined result min/max after normalization: 0.0 1.0
Original gt_tensor shape: torch.Size([1, 1, 146, 146])
Original result_tensor shape: torch.Size([1, 1, 146, 146])
Result tensor after removing batch dimension: torch.Size([1, 146, 146])
Result tensor min/max: -0.009018274024128914 0.5959590077400208
Combined result min/max before normalization: -0.009018274024128914 0.5959590077400208
Combined result min/max after normalization: 0.0 1.0
Original gt_tensor shape: torch.Size([1, 1, 146, 146])
Original result_tensor shape: torch.Size([1, 1, 146, 146])
Result tensor after removing batch dimension: torch.Size([1, 146, 146])
Result tensor min/max: -0.007249504327774048 0.6052654981613159
Combined result min/max before normalization: -0.007249504327774048 0.6052654981613159
Combined result min/max after normalization: 0.0 1.0
Original gt_tensor shape: torch.Size([1, 1, 146, 146])
Original result_tensor shape: torch.Size([1, 1, 146, 146])
Result tensor after removing batch dimension: torch.Size([1, 146, 146])
Result tensor min/max: -0.005539169535040855 0.4416773319244385
Combined result min/max before normalization: -0.005539169535040855 0.4416773319244385
Combined result min/max after normalization: 0.0 1.0
Original gt_tensor shape: torch.Size([1, 1, 146, 146])
Original result_tensor shape: torch.Size([1, 1, 146, 146])
Result tensor after removing batch dimension: torch.Size([1, 146, 146])
Result tensor min/max: 0.16094622015953064 0.5891277194023132
Combined result min/max before normalization: 0.16094622015953064 0.5891277194023132
Combined result min/max after normalization: 0.0 1.0
Original gt_tensor shape: torch.Size([1, 1, 146, 146])
Original result_tensor shape: torch.Size([1, 1, 146, 146])
Result tensor after removing batch dimension: torch.Size([1, 146, 146])
Result tensor min/max: -0.00325755774974823 0.11789810657501221
Combined result min/max before normalization: -0.00325755774974823 0.11789810657501221
Combined result min/max after normalization: 0.0 0.9999999403953552
Original gt_tensor shape: torch.Size([1, 1, 146, 146])
Original result_tensor shape: torch.Size([1, 1, 146, 146])
Result tensor after removing batch dimension: torch.Size([1, 146, 146])
Result tensor min/max: -0.0012223273515701294 0.08249929547309875
Combined result min/max before normalization: -0.0012223273515701294 0.08249929547309875
Combined result min/max after normalization: 0.0 0.9999999403953552
Original gt_tensor shape: torch.Size([1, 1, 146, 146])
Original result_tensor shape: torch.Size([1, 1, 146, 146])
Result tensor after removing batch dimension: torch.Size([1, 146, 146])
Result tensor min/max: -0.006131023168563843 0.0548669695854187
Combined result min/max before normalization: -0.006131023168563843 0.0548669695854187
Combined result min/max after normalization: 0.0 0.9999998211860657
Original gt_tensor shape: torch.Size([1, 1, 146, 146])
Original result_tensor shape: torch.Size([1, 1, 146, 146])
Result tensor after removing batch dimension: torch.Size([1, 146, 146])
Result tensor min/max: 0.02890753746032715 0.5109586715698242
Combined result min/max before normalization: 0.02890753746032715 0.5109586715698242
Combined result min/max after normalization: 0.0 1.0
Original gt_tensor shape: torch.Size([1, 1, 146, 146])
Original result_tensor shape: torch.Size([1, 1, 146, 146])
Result tensor after removing batch dimension: torch.Size([1, 146, 146])
Result tensor min/max: -0.010460056364536285 0.1409430205821991
Combined result min/max before normalization: -0.010460056364536285 0.1409430205821991
Combined result min/max after normalization: 0.0 0.9999998807907104
Original gt_tensor shape: torch.Size([1, 1, 146, 146])
Original result_tensor shape: torch.Size([1, 1, 146, 146])
Result tensor after removing batch dimension: torch.Size([1, 146, 146])
Result tensor min/max: -0.0005136728286743164 0.3932161331176758
Combined result min/max before normalization: -0.0005136728286743164 0.3932161331176758
Combined result min/max after normalization: 0.0 1.0
Original gt_tensor shape: torch.Size([1, 1, 146, 146])
Original result_tensor shape: torch.Size([1, 1, 146, 146])
Result tensor after removing batch dimension: torch.Size([1, 146, 146])
Result tensor min/max: -0.0037481533363461494 0.10649672895669937
Combined result min/max before normalization: -0.0037481533363461494 0.10649672895669937
Combined result min/max after normalization: 0.0 0.9999999403953552
Original gt_tensor shape: torch.Size([1, 1, 146, 146])
Original result_tensor shape: torch.Size([1, 1, 146, 146])
Result tensor after removing batch dimension: torch.Size([1, 146, 146])
Result tensor min/max: 0.011111408472061157 0.22355300188064575
Combined result min/max before normalization: 0.011111408472061157 0.22355300188064575
Combined result min/max after normalization: 0.0 0.9999999403953552
Original gt_tensor shape: torch.Size([1, 1, 146, 146])
Original result_tensor shape: torch.Size([1, 1, 146, 146])
Result tensor after removing batch dimension: torch.Size([1, 146, 146])
Result tensor min/max: -0.00510263629257679 0.3437745273113251
Combined result min/max before normalization: -0.00510263629257679 0.3437745273113251
Combined result min/max after normalization: 0.0 1.0
Original gt_tensor shape: torch.Size([1, 1, 146, 146])
Original result_tensor shape: torch.Size([1, 1, 146, 146])
Result tensor after removing batch dimension: torch.Size([1, 146, 146])
Result tensor min/max: -0.006400683894753456 0.34909629821777344
Combined result min/max before normalization: -0.006400683894753456 0.34909629821777344
Combined result min/max after normalization: 0.0 1.0
Original gt_tensor shape: torch.Size([1, 1, 146, 146])
Original result_tensor shape: torch.Size([1, 1, 146, 146])
Result tensor after removing batch dimension: torch.Size([1, 146, 146])
Result tensor min/max: -0.0036837486550211906 0.039747923612594604
Combined result min/max before normalization: -0.0036837486550211906 0.039747923612594604
Combined result min/max after normalization: 0.0 0.9999997615814209
Original gt_tensor shape: torch.Size([1, 1, 146, 146])
Original result_tensor shape: torch.Size([1, 1, 146, 146])
Result tensor after removing batch dimension: torch.Size([1, 146, 146])
Result tensor min/max: -0.006152133457362652 0.28844738006591797
Combined result min/max before normalization: -0.006152133457362652 0.28844738006591797
Combined result min/max after normalization: 0.0 1.0
Original gt_tensor shape: torch.Size([1, 1, 146, 146])
Original result_tensor shape: torch.Size([1, 1, 146, 146])
Result tensor after removing batch dimension: torch.Size([1, 146, 146])
Result tensor min/max: 0.04794195294380188 0.7342183589935303
Combined result min/max before normalization: 0.04794195294380188 0.7342183589935303
Combined result min/max after normalization: 0.0 1.0
Original gt_tensor shape: torch.Size([1, 1, 146, 146])
Original result_tensor shape: torch.Size([1, 1, 146, 146])
Result tensor after removing batch dimension: torch.Size([1, 146, 146])
Result tensor min/max: -0.004612240009009838 0.038319192826747894
Combined result min/max before normalization: -0.004612240009009838 0.038319192826747894
Combined result min/max after normalization: 0.0 0.9999997615814209
Original gt_tensor shape: torch.Size([1, 1, 146, 146])
Original result_tensor shape: torch.Size([1, 1, 146, 146])
Result tensor after removing batch dimension: torch.Size([1, 146, 146])
Result tensor min/max: -0.00570406299084425 0.2594936788082123
Combined result min/max before normalization: -0.00570406299084425 0.2594936788082123
Combined result min/max after normalization: 0.0 1.0
Original gt_tensor shape: torch.Size([1, 1, 146, 146])
Original result_tensor shape: torch.Size([1, 1, 146, 146])
Result tensor after removing batch dimension: torch.Size([1, 146, 146])
Result tensor min/max: -0.006480507552623749 0.13110609352588654
Combined result min/max before normalization: -0.006480507552623749 0.13110609352588654
Combined result min/max after normalization: 0.0 0.9999998807907104
Original gt_tensor shape: torch.Size([1, 1, 146, 146])
Original result_tensor shape: torch.Size([1, 1, 146, 146])
Result tensor after removing batch dimension: torch.Size([1, 146, 146])
Result tensor min/max: -0.005125453695654869 0.5241424441337585
Combined result min/max before normalization: -0.005125453695654869 0.5241424441337585
Combined result min/max after normalization: 0.0 1.0
Original gt_tensor shape: torch.Size([1, 1, 146, 146])
Original result_tensor shape: torch.Size([1, 1, 146, 146])
Result tensor after removing batch dimension: torch.Size([1, 146, 146])
Result tensor min/max: -0.008736805059015751 0.2414356768131256
Combined result min/max before normalization: -0.008736805059015751 0.2414356768131256
Combined result min/max after normalization: 0.0 1.0
Original gt_tensor shape: torch.Size([1, 1, 146, 146])
Original result_tensor shape: torch.Size([1, 1, 146, 146])
Result tensor after removing batch dimension: torch.Size([1, 146, 146])
Result tensor min/max: 0.08332622051239014 0.4215710163116455
Combined result min/max before normalization: 0.08332622051239014 0.4215710163116455
Combined result min/max after normalization: 0.0 1.0
Original gt_tensor shape: torch.Size([1, 1, 146, 146])
Original result_tensor shape: torch.Size([1, 1, 146, 146])
Result tensor after removing batch dimension: torch.Size([1, 146, 146])
Result tensor min/max: -0.005266362801194191 0.4663020372390747
Combined result min/max before normalization: -0.005266362801194191 0.4663020372390747
Combined result min/max after normalization: 0.0 1.0
Original gt_tensor shape: torch.Size([1, 1, 146, 146])
Original result_tensor shape: torch.Size([1, 1, 146, 146])
Result tensor after removing batch dimension: torch.Size([1, 146, 146])
Result tensor min/max: -0.0035039782524108887 0.3239952325820923
Combined result min/max before normalization: -0.0035039782524108887 0.3239952325820923
Combined result min/max after normalization: 0.0 1.0
Original gt_tensor shape: torch.Size([1, 1, 146, 146])
Original result_tensor shape: torch.Size([1, 1, 146, 146])
Result tensor after removing batch dimension: torch.Size([1, 146, 146])
Result tensor min/max: -0.004265834577381611 0.04826078191399574
Combined result min/max before normalization: -0.004265834577381611 0.04826078191399574
Combined result min/max after normalization: 0.0 0.9999997615814209
Original gt_tensor shape: torch.Size([1, 1, 146, 146])
Original result_tensor shape: torch.Size([1, 1, 146, 146])
Result tensor after removing batch dimension: torch.Size([1, 146, 146])
Result tensor min/max: -0.004268689081072807 0.46614938974380493
Combined result min/max before normalization: -0.004268689081072807 0.46614938974380493
Combined result min/max after normalization: 0.0 1.0
Original gt_tensor shape: torch.Size([1, 1, 146, 146])
Original result_tensor shape: torch.Size([1, 1, 146, 146])
Result tensor after removing batch dimension: torch.Size([1, 146, 146])
Result tensor min/max: -0.007033072412014008 0.7345280647277832
Combined result min/max before normalization: -0.007033072412014008 0.7345280647277832
Combined result min/max after normalization: 0.0 1.0
Original gt_tensor shape: torch.Size([1, 1, 146, 146])
Original result_tensor shape: torch.Size([1, 1, 146, 146])
Result tensor after removing batch dimension: torch.Size([1, 146, 146])
Result tensor min/max: -0.005998608656227589 0.35860198736190796
Combined result min/max before normalization: -0.005998608656227589 0.35860198736190796
Combined result min/max after normalization: 0.0 1.0
Original gt_tensor shape: torch.Size([1, 1, 146, 146])
Original result_tensor shape: torch.Size([1, 1, 146, 146])
Result tensor after removing batch dimension: torch.Size([1, 146, 146])
Result tensor min/max: -0.0054802056401968 0.7184314727783203
Combined result min/max before normalization: -0.0054802056401968 0.7184314727783203
Combined result min/max after normalization: 0.0 1.0
Original gt_tensor shape: torch.Size([1, 1, 146, 146])
Original result_tensor shape: torch.Size([1, 1, 146, 146])
Result tensor after removing batch dimension: torch.Size([1, 146, 146])
Result tensor min/max: -0.005889002233743668 0.2557221055030823
Combined result min/max before normalization: -0.005889002233743668 0.2557221055030823
Combined result min/max after normalization: 0.0 1.0
Original gt_tensor shape: torch.Size([1, 1, 146, 146])
Original result_tensor shape: torch.Size([1, 1, 146, 146])
Result tensor after removing batch dimension: torch.Size([1, 146, 146])
Result tensor min/max: 0.029226690530776978 0.4955140948295593
Combined result min/max before normalization: 0.029226690530776978 0.4955140948295593
Combined result min/max after normalization: 0.0 1.0
Original gt_tensor shape: torch.Size([1, 1, 146, 146])
Original result_tensor shape: torch.Size([1, 1, 146, 146])
Result tensor after removing batch dimension: torch.Size([1, 146, 146])
Result tensor min/max: -0.00352669321000576 0.4156484007835388
Combined result min/max before normalization: -0.00352669321000576 0.4156484007835388
Combined result min/max after normalization: 0.0 1.0
Original gt_tensor shape: torch.Size([1, 1, 146, 146])
Original result_tensor shape: torch.Size([1, 1, 146, 146])
Result tensor after removing batch dimension: torch.Size([1, 146, 146])
Result tensor min/max: 0.024550586938858032 0.4126173257827759
Combined result min/max before normalization: 0.024550586938858032 0.4126173257827759
Combined result min/max after normalization: 0.0 1.0
Original gt_tensor shape: torch.Size([1, 1, 146, 146])
Original result_tensor shape: torch.Size([1, 1, 146, 146])
Result tensor after removing batch dimension: torch.Size([1, 146, 146])
Result tensor min/max: -0.004399874247610569 0.14686459302902222
Combined result min/max before normalization: -0.004399874247610569 0.14686459302902222
Combined result min/max after normalization: 0.0 0.9999998807907104
Original gt_tensor shape: torch.Size([1, 1, 146, 146])
Original result_tensor shape: torch.Size([1, 1, 146, 146])
Result tensor after removing batch dimension: torch.Size([1, 146, 146])
Result tensor min/max: 0.051688581705093384 0.4994729459285736
Combined result min/max before normalization: 0.051688581705093384 0.4994729459285736
Combined result min/max after normalization: 0.0 1.0
Original gt_tensor shape: torch.Size([1, 1, 146, 146])
Original result_tensor shape: torch.Size([1, 1, 146, 146])
Result tensor after removing batch dimension: torch.Size([1, 146, 146])
Result tensor min/max: -0.0019719749689102173 0.20003750920295715
Combined result min/max before normalization: -0.0019719749689102173 0.20003750920295715
Combined result min/max after normalization: 0.0 0.9999999403953552
Original gt_tensor shape: torch.Size([1, 1, 146, 146])
Original result_tensor shape: torch.Size([1, 1, 146, 146])
Result tensor after removing batch dimension: torch.Size([1, 146, 146])
Result tensor min/max: 0.009932488203048706 0.6909040212631226
Combined result min/max before normalization: 0.009932488203048706 0.6909040212631226
Combined result min/max after normalization: 0.0 1.0
Original gt_tensor shape: torch.Size([1, 1, 146, 146])
Original result_tensor shape: torch.Size([1, 1, 146, 146])
Result tensor after removing batch dimension: torch.Size([1, 146, 146])
Result tensor min/max: -0.0018734335899353027 0.30845406651496887
Combined result min/max before normalization: -0.0018734335899353027 0.30845406651496887
Combined result min/max after normalization: 0.0 1.0
Original gt_tensor shape: torch.Size([1, 1, 146, 146])
Original result_tensor shape: torch.Size([1, 1, 146, 146])
Result tensor after removing batch dimension: torch.Size([1, 146, 146])
Result tensor min/max: -0.0043050991371273994 0.20001021027565002
Combined result min/max before normalization: -0.0043050991371273994 0.20001021027565002
Combined result min/max after normalization: 0.0 0.9999999403953552
Original gt_tensor shape: torch.Size([1, 1, 146, 146])
Original result_tensor shape: torch.Size([1, 1, 146, 146])
Result tensor after removing batch dimension: torch.Size([1, 146, 146])
Result tensor min/max: 0.014593690633773804 0.36342787742614746
Combined result min/max before normalization: 0.014593690633773804 0.36342787742614746
Combined result min/max after normalization: 0.0 1.0
Original gt_tensor shape: torch.Size([1, 1, 146, 146])
Original result_tensor shape: torch.Size([1, 1, 146, 146])
Result tensor after removing batch dimension: torch.Size([1, 146, 146])
Result tensor min/max: -0.004913918673992157 0.4690801203250885
Combined result min/max before normalization: -0.004913918673992157 0.4690801203250885
Combined result min/max after normalization: 0.0 1.0
Original gt_tensor shape: torch.Size([1, 1, 146, 146])
Original result_tensor shape: torch.Size([1, 1, 146, 146])
Result tensor after removing batch dimension: torch.Size([1, 146, 146])
Result tensor min/max: -0.004762804135680199 0.21123959124088287
Combined result min/max before normalization: -0.004762804135680199 0.21123959124088287
Combined result min/max after normalization: 0.0 0.9999999403953552
Original gt_tensor shape: torch.Size([1, 1, 146, 146])
Original result_tensor shape: torch.Size([1, 1, 146, 146])
Result tensor after removing batch dimension: torch.Size([1, 146, 146])
Result tensor min/max: -0.023841887712478638 0.8119701147079468
Combined result min/max before normalization: -0.023841887712478638 0.8119701147079468
Combined result min/max after normalization: 0.0 1.0
Original gt_tensor shape: torch.Size([1, 1, 146, 146])
Original result_tensor shape: torch.Size([1, 1, 146, 146])
Result tensor after removing batch dimension: torch.Size([1, 146, 146])
Result tensor min/max: 0.09902647137641907 0.7083543539047241
Combined result min/max before normalization: 0.09902647137641907 0.7083543539047241
Combined result min/max after normalization: 0.0 1.0
Original gt_tensor shape: torch.Size([1, 1, 146, 146])
Original result_tensor shape: torch.Size([1, 1, 146, 146])
Result tensor after removing batch dimension: torch.Size([1, 146, 146])
Result tensor min/max: 0.005693346261978149 0.36355453729629517
Combined result min/max before normalization: 0.005693346261978149 0.36355453729629517
Combined result min/max after normalization: 0.0 1.0
Original gt_tensor shape: torch.Size([1, 1, 146, 146])
Original result_tensor shape: torch.Size([1, 1, 146, 146])
Result tensor after removing batch dimension: torch.Size([1, 146, 146])
Result tensor min/max: -0.007282288745045662 0.15273985266685486
Combined result min/max before normalization: -0.007282288745045662 0.15273985266685486
Combined result min/max after normalization: 0.0 0.9999998807907104
Original gt_tensor shape: torch.Size([1, 1, 146, 146])
Original result_tensor shape: torch.Size([1, 1, 146, 146])
Result tensor after removing batch dimension: torch.Size([1, 146, 146])
Result tensor min/max: -0.0012038201093673706 0.31375405192375183
Combined result min/max before normalization: -0.0012038201093673706 0.31375405192375183
Combined result min/max after normalization: 0.0 1.0
Original gt_tensor shape: torch.Size([1, 1, 146, 146])
Original result_tensor shape: torch.Size([1, 1, 146, 146])
Result tensor after removing batch dimension: torch.Size([1, 146, 146])
Result tensor min/max: -0.0007314085960388184 0.5239056348800659
Combined result min/max before normalization: -0.0007314085960388184 0.5239056348800659
Combined result min/max after normalization: 0.0 1.0
Original gt_tensor shape: torch.Size([1, 1, 146, 146])
Original result_tensor shape: torch.Size([1, 1, 146, 146])
Result tensor after removing batch dimension: torch.Size([1, 146, 146])
Result tensor min/max: -0.0037782490253448486 0.19951054453849792
Combined result min/max before normalization: -0.0037782490253448486 0.19951054453849792
Combined result min/max after normalization: 0.0 0.9999999403953552
Original gt_tensor shape: torch.Size([1, 1, 146, 146])
Original result_tensor shape: torch.Size([1, 1, 146, 146])
Result tensor after removing batch dimension: torch.Size([1, 146, 146])
Result tensor min/max: -0.001468271017074585 0.29934239387512207
Combined result min/max before normalization: -0.001468271017074585 0.29934239387512207
Combined result min/max after normalization: 0.0 1.0
Original gt_tensor shape: torch.Size([1, 1, 146, 146])
Original result_tensor shape: torch.Size([1, 1, 146, 146])
Result tensor after removing batch dimension: torch.Size([1, 146, 146])
Result tensor min/max: 0.014603748917579651 0.829001247882843
Combined result min/max before normalization: 0.014603748917579651 0.829001247882843
Combined result min/max after normalization: 0.0 1.0
Original gt_tensor shape: torch.Size([1, 1, 146, 146])
Original result_tensor shape: torch.Size([1, 1, 146, 146])
Result tensor after removing batch dimension: torch.Size([1, 146, 146])
Result tensor min/max: 0.10150608420372009 0.5206874012947083
Combined result min/max before normalization: 0.10150608420372009 0.5206874012947083
Combined result min/max after normalization: 0.0 1.0
Original gt_tensor shape: torch.Size([1, 1, 146, 146])
Original result_tensor shape: torch.Size([1, 1, 146, 146])
Result tensor after removing batch dimension: torch.Size([1, 146, 146])
Result tensor min/max: -0.00238877534866333 0.15344199538230896
Combined result min/max before normalization: -0.00238877534866333 0.15344199538230896
Combined result min/max after normalization: 0.0 0.9999998807907104
Original gt_tensor shape: torch.Size([1, 1, 146, 146])
Original result_tensor shape: torch.Size([1, 1, 146, 146])
Result tensor after removing batch dimension: torch.Size([1, 146, 146])
Result tensor min/max: -0.005415472202003002 0.2624698579311371
Combined result min/max before normalization: -0.005415472202003002 0.2624698579311371
Combined result min/max after normalization: 0.0 1.0
Original gt_tensor shape: torch.Size([1, 1, 146, 146])
Original result_tensor shape: torch.Size([1, 1, 146, 146])
Result tensor after removing batch dimension: torch.Size([1, 146, 146])
Result tensor min/max: -0.006917640566825867 0.6209052801132202
Combined result min/max before normalization: -0.006917640566825867 0.6209052801132202
Combined result min/max after normalization: 0.0 1.0
Original gt_tensor shape: torch.Size([1, 1, 146, 146])
Original result_tensor shape: torch.Size([1, 1, 146, 146])
Result tensor after removing batch dimension: torch.Size([1, 146, 146])
Result tensor min/max: -0.004777229391038418 0.08377915620803833
Combined result min/max before normalization: -0.004777229391038418 0.08377915620803833
Combined result min/max after normalization: 0.0 0.9999999403953552
Original gt_tensor shape: torch.Size([1, 1, 146, 146])
Original result_tensor shape: torch.Size([1, 1, 146, 146])
Result tensor after removing batch dimension: torch.Size([1, 146, 146])
Result tensor min/max: 0.022644758224487305 0.5111010074615479
Combined result min/max before normalization: 0.022644758224487305 0.5111010074615479
Combined result min/max after normalization: 0.0 1.0
Original gt_tensor shape: torch.Size([1, 1, 146, 146])
Original result_tensor shape: torch.Size([1, 1, 146, 146])
Result tensor after removing batch dimension: torch.Size([1, 146, 146])
Result tensor min/max: -0.00275459885597229 0.4098624289035797
Combined result min/max before normalization: -0.00275459885597229 0.4098624289035797
Combined result min/max after normalization: 0.0 1.0
Original gt_tensor shape: torch.Size([1, 1, 146, 146])
Original result_tensor shape: torch.Size([1, 1, 146, 146])
Result tensor after removing batch dimension: torch.Size([1, 146, 146])
Result tensor min/max: -0.004409433342516422 0.1886356770992279
Combined result min/max before normalization: -0.004409433342516422 0.1886356770992279
Combined result min/max after normalization: 0.0 0.9999999403953552
Original gt_tensor shape: torch.Size([1, 1, 146, 146])
Original result_tensor shape: torch.Size([1, 1, 146, 146])
Result tensor after removing batch dimension: torch.Size([1, 146, 146])
Result tensor min/max: -0.005739374086260796 0.6604759097099304
Combined result min/max before normalization: -0.005739374086260796 0.6604759097099304
Combined result min/max after normalization: 0.0 1.0
Original gt_tensor shape: torch.Size([1, 1, 146, 146])
Original result_tensor shape: torch.Size([1, 1, 146, 146])
Result tensor after removing batch dimension: torch.Size([1, 146, 146])
Result tensor min/max: -0.0034049926325678825 0.15237022936344147
Combined result min/max before normalization: -0.0034049926325678825 0.15237022936344147
Combined result min/max after normalization: 0.0 0.9999998807907104
Original gt_tensor shape: torch.Size([1, 1, 146, 146])
Original result_tensor shape: torch.Size([1, 1, 146, 146])
Result tensor after removing batch dimension: torch.Size([1, 146, 146])
Result tensor min/max: 0.0017524659633636475 0.4092833399772644
Combined result min/max before normalization: 0.0017524659633636475 0.4092833399772644
Combined result min/max after normalization: 0.0 1.0
Original gt_tensor shape: torch.Size([1, 1, 146, 146])
Original result_tensor shape: torch.Size([1, 1, 146, 146])
Result tensor after removing batch dimension: torch.Size([1, 146, 146])
Result tensor min/max: 0.01943206787109375 0.3881077170372009
Combined result min/max before normalization: 0.01943206787109375 0.3881077170372009
Combined result min/max after normalization: 0.0 1.0
Original gt_tensor shape: torch.Size([1, 1, 146, 146])
Original result_tensor shape: torch.Size([1, 1, 146, 146])
Result tensor after removing batch dimension: torch.Size([1, 146, 146])
Result tensor min/max: -0.0049471668899059296 0.07863130420446396
Combined result min/max before normalization: -0.0049471668899059296 0.07863130420446396
Combined result min/max after normalization: 0.0 0.9999999403953552
Original gt_tensor shape: torch.Size([1, 1, 146, 146])
Original result_tensor shape: torch.Size([1, 1, 146, 146])
Result tensor after removing batch dimension: torch.Size([1, 146, 146])
Result tensor min/max: 0.000400736927986145 0.3102777600288391
Combined result min/max before normalization: 0.000400736927986145 0.3102777600288391
Combined result min/max after normalization: 0.0 1.0
Original gt_tensor shape: torch.Size([1, 1, 146, 146])
Original result_tensor shape: torch.Size([1, 1, 146, 146])
Result tensor after removing batch dimension: torch.Size([1, 146, 146])
Result tensor min/max: -0.002952009439468384 0.40231597423553467
Combined result min/max before normalization: -0.002952009439468384 0.40231597423553467
Combined result min/max after normalization: 0.0 1.0
Original gt_tensor shape: torch.Size([1, 1, 146, 146])
Original result_tensor shape: torch.Size([1, 1, 146, 146])
Result tensor after removing batch dimension: torch.Size([1, 146, 146])
Result tensor min/max: -0.00545346736907959 0.3893899619579315
Combined result min/max before normalization: -0.00545346736907959 0.3893899619579315
Combined result min/max after normalization: 0.0 1.0
Original gt_tensor shape: torch.Size([1, 1, 146, 146])
Original result_tensor shape: torch.Size([1, 1, 146, 146])
Result tensor after removing batch dimension: torch.Size([1, 146, 146])
Result tensor min/max: -0.008656146004796028 0.104054756462574
Combined result min/max before normalization: -0.008656146004796028 0.104054756462574
Combined result min/max after normalization: 0.0 0.9999999403953552
Original gt_tensor shape: torch.Size([1, 1, 146, 146])
Original result_tensor shape: torch.Size([1, 1, 146, 146])
Result tensor after removing batch dimension: torch.Size([1, 146, 146])
Result tensor min/max: 0.011649012565612793 0.4313238859176636
Combined result min/max before normalization: 0.011649012565612793 0.4313238859176636
Combined result min/max after normalization: 0.0 1.0
Original gt_tensor shape: torch.Size([1, 1, 146, 146])
Original result_tensor shape: torch.Size([1, 1, 146, 146])
Result tensor after removing batch dimension: torch.Size([1, 146, 146])
Result tensor min/max: 0.005848526954650879 0.4204674959182739
Combined result min/max before normalization: 0.005848526954650879 0.4204674959182739
Combined result min/max after normalization: 0.0 1.0
Original gt_tensor shape: torch.Size([1, 1, 146, 146])
Original result_tensor shape: torch.Size([1, 1, 146, 146])
Result tensor after removing batch dimension: torch.Size([1, 146, 146])
Result tensor min/max: -0.003604654222726822 0.16792763769626617
Combined result min/max before normalization: -0.003604654222726822 0.16792763769626617
Combined result min/max after normalization: 0.0 0.9999999403953552
Original gt_tensor shape: torch.Size([1, 1, 146, 146])
Original result_tensor shape: torch.Size([1, 1, 146, 146])
Result tensor after removing batch dimension: torch.Size([1, 146, 146])
Result tensor min/max: 0.04432615637779236 0.5515803694725037
Combined result min/max before normalization: 0.04432615637779236 0.5515803694725037
Combined result min/max after normalization: 0.0 1.0
Original gt_tensor shape: torch.Size([1, 1, 146, 146])
Original result_tensor shape: torch.Size([1, 1, 146, 146])
Result tensor after removing batch dimension: torch.Size([1, 146, 146])
Result tensor min/max: 0.04801580309867859 0.468245267868042
Combined result min/max before normalization: 0.04801580309867859 0.468245267868042
Combined result min/max after normalization: 0.0 1.0
Original gt_tensor shape: torch.Size([1, 1, 146, 146])
Original result_tensor shape: torch.Size([1, 1, 146, 146])
Result tensor after removing batch dimension: torch.Size([1, 146, 146])
Result tensor min/max: -0.008236559107899666 0.6956316232681274
Combined result min/max before normalization: -0.008236559107899666 0.6956316232681274
Combined result min/max after normalization: 0.0 1.0
Original gt_tensor shape: torch.Size([1, 1, 146, 146])
Original result_tensor shape: torch.Size([1, 1, 146, 146])
Result tensor after removing batch dimension: torch.Size([1, 146, 146])
Result tensor min/max: -0.0036483146250247955 0.15770323574543
Combined result min/max before normalization: -0.0036483146250247955 0.15770323574543
Combined result min/max after normalization: 0.0 0.9999998807907104
Original gt_tensor shape: torch.Size([1, 1, 146, 146])
Original result_tensor shape: torch.Size([1, 1, 146, 146])
Result tensor after removing batch dimension: torch.Size([1, 146, 146])
Result tensor min/max: -0.018391866236925125 0.4994010031223297
Combined result min/max before normalization: -0.018391866236925125 0.4994010031223297
Combined result min/max after normalization: 0.0 1.0
Original gt_tensor shape: torch.Size([1, 1, 146, 146])
Original result_tensor shape: torch.Size([1, 1, 146, 146])
Result tensor after removing batch dimension: torch.Size([1, 146, 146])
Result tensor min/max: -0.004008105024695396 0.10441727936267853
Combined result min/max before normalization: -0.004008105024695396 0.10441727936267853
Combined result min/max after normalization: 0.0 0.9999999403953552
Original gt_tensor shape: torch.Size([1, 1, 146, 146])
Original result_tensor shape: torch.Size([1, 1, 146, 146])
Result tensor after removing batch dimension: torch.Size([1, 146, 146])
Result tensor min/max: -0.006607264280319214 0.3654300570487976
Combined result min/max before normalization: -0.006607264280319214 0.3654300570487976
Combined result min/max after normalization: 0.0 1.0
Original gt_tensor shape: torch.Size([1, 1, 146, 146])
Original result_tensor shape: torch.Size([1, 1, 146, 146])
Result tensor after removing batch dimension: torch.Size([1, 146, 146])
Result tensor min/max: 0.019787639379501343 0.4276973605155945
Combined result min/max before normalization: 0.019787639379501343 0.4276973605155945
Combined result min/max after normalization: 0.0 1.0
Original gt_tensor shape: torch.Size([1, 1, 146, 146])
Original result_tensor shape: torch.Size([1, 1, 146, 146])
Result tensor after removing batch dimension: torch.Size([1, 146, 146])
Result tensor min/max: -0.004301125183701515 0.31113457679748535
Combined result min/max before normalization: -0.004301125183701515 0.31113457679748535
Combined result min/max after normalization: 0.0 1.0
Original gt_tensor shape: torch.Size([1, 1, 146, 146])
Original result_tensor shape: torch.Size([1, 1, 146, 146])
Result tensor after removing batch dimension: torch.Size([1, 146, 146])
Result tensor min/max: 0.11372268199920654 0.4373302459716797
Combined result min/max before normalization: 0.11372268199920654 0.4373302459716797
Combined result min/max after normalization: 0.0 1.0
Original gt_tensor shape: torch.Size([1, 1, 146, 146])
Original result_tensor shape: torch.Size([1, 1, 146, 146])
Result tensor after removing batch dimension: torch.Size([1, 146, 146])
Result tensor min/max: 0.0034151077270507812 0.6174906492233276
Combined result min/max before normalization: 0.0034151077270507812 0.6174906492233276
Combined result min/max after normalization: 0.0 1.0
Original gt_tensor shape: torch.Size([1, 1, 146, 146])
Original result_tensor shape: torch.Size([1, 1, 146, 146])
Result tensor after removing batch dimension: torch.Size([1, 146, 146])
Result tensor min/max: 0.017857342958450317 0.44075101613998413
Combined result min/max before normalization: 0.017857342958450317 0.44075101613998413
Combined result min/max after normalization: 0.0 1.0
Original gt_tensor shape: torch.Size([1, 1, 146, 146])
Original result_tensor shape: torch.Size([1, 1, 146, 146])
Result tensor after removing batch dimension: torch.Size([1, 146, 146])
Result tensor min/max: -0.0040993355214595795 0.5938681364059448
Combined result min/max before normalization: -0.0040993355214595795 0.5938681364059448
Combined result min/max after normalization: 0.0 1.0
Original gt_tensor shape: torch.Size([1, 1, 146, 146])
Original result_tensor shape: torch.Size([1, 1, 146, 146])
Result tensor after removing batch dimension: torch.Size([1, 146, 146])
Result tensor min/max: 0.006501525640487671 0.46705156564712524
Combined result min/max before normalization: 0.006501525640487671 0.46705156564712524
Combined result min/max after normalization: 0.0 1.0
Original gt_tensor shape: torch.Size([1, 1, 146, 146])
Original result_tensor shape: torch.Size([1, 1, 146, 146])
Result tensor after removing batch dimension: torch.Size([1, 146, 146])
Result tensor min/max: -0.0026026470586657524 0.5129184722900391
Combined result min/max before normalization: -0.0026026470586657524 0.5129184722900391
Combined result min/max after normalization: 0.0 1.0
Original gt_tensor shape: torch.Size([1, 1, 146, 146])
Original result_tensor shape: torch.Size([1, 1, 146, 146])
Result tensor after removing batch dimension: torch.Size([1, 146, 146])
Result tensor min/max: -0.0062063150107860565 0.7757470011711121
Combined result min/max before normalization: -0.0062063150107860565 0.7757470011711121
Combined result min/max after normalization: 0.0 1.0
Original gt_tensor shape: torch.Size([1, 1, 146, 146])
Original result_tensor shape: torch.Size([1, 1, 146, 146])
Result tensor after removing batch dimension: torch.Size([1, 146, 146])
Result tensor min/max: -0.004178506322205067 0.36263594031333923
Combined result min/max before normalization: -0.004178506322205067 0.36263594031333923
Combined result min/max after normalization: 0.0 1.0
Original gt_tensor shape: torch.Size([1, 1, 146, 146])
Original result_tensor shape: torch.Size([1, 1, 146, 146])
Result tensor after removing batch dimension: torch.Size([1, 146, 146])
Result tensor min/max: -0.005689594894647598 0.14099638164043427
Combined result min/max before normalization: -0.005689594894647598 0.14099638164043427
Combined result min/max after normalization: 0.0 0.9999998807907104
Original gt_tensor shape: torch.Size([1, 1, 146, 146])
Original result_tensor shape: torch.Size([1, 1, 146, 146])
Result tensor after removing batch dimension: torch.Size([1, 146, 146])
Result tensor min/max: -0.0058311522006988525 0.27445024251937866
Combined result min/max before normalization: -0.0058311522006988525 0.27445024251937866
Combined result min/max after normalization: 0.0 1.0
Original gt_tensor shape: torch.Size([1, 1, 146, 146])
Original result_tensor shape: torch.Size([1, 1, 146, 146])
Result tensor after removing batch dimension: torch.Size([1, 146, 146])
Result tensor min/max: -0.003331674262881279 0.6763617396354675
Combined result min/max before normalization: -0.003331674262881279 0.6763617396354675
Combined result min/max after normalization: 0.0 1.0
Original gt_tensor shape: torch.Size([1, 1, 146, 146])
Original result_tensor shape: torch.Size([1, 1, 146, 146])
Result tensor after removing batch dimension: torch.Size([1, 146, 146])
Result tensor min/max: -0.006721522659063339 0.6424916982650757
Combined result min/max before normalization: -0.006721522659063339 0.6424916982650757
Combined result min/max after normalization: 0.0 1.0
Original gt_tensor shape: torch.Size([1, 1, 146, 146])
Original result_tensor shape: torch.Size([1, 1, 146, 146])
Result tensor after removing batch dimension: torch.Size([1, 146, 146])
Result tensor min/max: -0.009671404957771301 0.9420802593231201
Combined result min/max before normalization: -0.009671404957771301 0.9420802593231201
Combined result min/max after normalization: 0.0 1.0
Original gt_tensor shape: torch.Size([1, 1, 146, 146])
Original result_tensor shape: torch.Size([1, 1, 146, 146])
Result tensor after removing batch dimension: torch.Size([1, 146, 146])
Result tensor min/max: 0.060109943151474 0.6101653575897217
Combined result min/max before normalization: 0.060109943151474 0.6101653575897217
Combined result min/max after normalization: 0.0 1.0
Original gt_tensor shape: torch.Size([1, 1, 146, 146])
Original result_tensor shape: torch.Size([1, 1, 146, 146])
Result tensor after removing batch dimension: torch.Size([1, 146, 146])
Result tensor min/max: -0.0065573155879974365 0.19445055723190308
Combined result min/max before normalization: -0.0065573155879974365 0.19445055723190308
Combined result min/max after normalization: 0.0 0.9999999403953552
Original gt_tensor shape: torch.Size([1, 1, 146, 146])
Original result_tensor shape: torch.Size([1, 1, 146, 146])
Result tensor after removing batch dimension: torch.Size([1, 146, 146])
Result tensor min/max: -0.0023406147956848145 0.18680670857429504
Combined result min/max before normalization: -0.0023406147956848145 0.18680670857429504
Combined result min/max after normalization: 0.0 0.9999999403953552
Original gt_tensor shape: torch.Size([1, 1, 146, 146])
Original result_tensor shape: torch.Size([1, 1, 146, 146])
Result tensor after removing batch dimension: torch.Size([1, 146, 146])
Result tensor min/max: -0.005976790562272072 0.04590543359518051
Combined result min/max before normalization: -0.005976790562272072 0.04590543359518051
Combined result min/max after normalization: 0.0 0.9999997615814209
Original gt_tensor shape: torch.Size([1, 1, 146, 146])
Original result_tensor shape: torch.Size([1, 1, 146, 146])
Result tensor after removing batch dimension: torch.Size([1, 146, 146])
Result tensor min/max: -0.005524037405848503 0.10409724712371826
Combined result min/max before normalization: -0.005524037405848503 0.10409724712371826
Combined result min/max after normalization: 0.0 0.9999999403953552
Original gt_tensor shape: torch.Size([1, 1, 146, 146])
Original result_tensor shape: torch.Size([1, 1, 146, 146])
Result tensor after removing batch dimension: torch.Size([1, 146, 146])
Result tensor min/max: 0.03543052077293396 0.6505126953125
Combined result min/max before normalization: 0.03543052077293396 0.6505126953125
Combined result min/max after normalization: 0.0 1.0
Original gt_tensor shape: torch.Size([1, 1, 146, 146])
Original result_tensor shape: torch.Size([1, 1, 146, 146])
Result tensor after removing batch dimension: torch.Size([1, 146, 146])
Result tensor min/max: -0.0044624824076890945 0.09443128854036331
Combined result min/max before normalization: -0.0044624824076890945 0.09443128854036331
Combined result min/max after normalization: 0.0 0.9999999403953552
Original gt_tensor shape: torch.Size([1, 1, 146, 146])
Original result_tensor shape: torch.Size([1, 1, 146, 146])
Result tensor after removing batch dimension: torch.Size([1, 146, 146])
Result tensor min/max: -0.0048780422657728195 0.40730470418930054
Combined result min/max before normalization: -0.0048780422657728195 0.40730470418930054
Combined result min/max after normalization: 0.0 1.0
Original gt_tensor shape: torch.Size([1, 1, 146, 146])
Original result_tensor shape: torch.Size([1, 1, 146, 146])
Result tensor after removing batch dimension: torch.Size([1, 146, 146])
Result tensor min/max: -0.0046656690537929535 0.1753629744052887
Combined result min/max before normalization: -0.0046656690537929535 0.1753629744052887
Combined result min/max after normalization: 0.0 0.9999999403953552
Original gt_tensor shape: torch.Size([1, 1, 146, 146])
Original result_tensor shape: torch.Size([1, 1, 146, 146])
Result tensor after removing batch dimension: torch.Size([1, 146, 146])
Result tensor min/max: 0.09432443976402283 0.5216151475906372
Combined result min/max before normalization: 0.09432443976402283 0.5216151475906372
Combined result min/max after normalization: 0.0 1.0
Original gt_tensor shape: torch.Size([1, 1, 146, 146])
Original result_tensor shape: torch.Size([1, 1, 146, 146])
Result tensor after removing batch dimension: torch.Size([1, 146, 146])
Result tensor min/max: 0.05125552415847778 0.5168453454971313
Combined result min/max before normalization: 0.05125552415847778 0.5168453454971313
Combined result min/max after normalization: 0.0 1.0
Original gt_tensor shape: torch.Size([1, 1, 146, 146])
Original result_tensor shape: torch.Size([1, 1, 146, 146])
Result tensor after removing batch dimension: torch.Size([1, 146, 146])
Result tensor min/max: -0.005496088415384293 0.5509812831878662
Combined result min/max before normalization: -0.005496088415384293 0.5509812831878662
Combined result min/max after normalization: 0.0 1.0
Original gt_tensor shape: torch.Size([1, 1, 146, 146])
Original result_tensor shape: torch.Size([1, 1, 146, 146])
Result tensor after removing batch dimension: torch.Size([1, 146, 146])
Result tensor min/max: -0.0035579055547714233 0.5099292397499084
Combined result min/max before normalization: -0.0035579055547714233 0.5099292397499084
Combined result min/max after normalization: 0.0 1.0
Original gt_tensor shape: torch.Size([1, 1, 146, 146])
Original result_tensor shape: torch.Size([1, 1, 146, 146])
Result tensor after removing batch dimension: torch.Size([1, 146, 146])
Result tensor min/max: -0.005275920033454895 0.37271028757095337
Combined result min/max before normalization: -0.005275920033454895 0.37271028757095337
Combined result min/max after normalization: 0.0 1.0
Original gt_tensor shape: torch.Size([1, 1, 146, 146])
Original result_tensor shape: torch.Size([1, 1, 146, 146])
Result tensor after removing batch dimension: torch.Size([1, 146, 146])
Result tensor min/max: -0.00540769100189209 0.1333780586719513
Combined result min/max before normalization: -0.00540769100189209 0.1333780586719513
Combined result min/max after normalization: 0.0 0.9999998807907104
Original gt_tensor shape: torch.Size([1, 1, 146, 146])
Original result_tensor shape: torch.Size([1, 1, 146, 146])
Result tensor after removing batch dimension: torch.Size([1, 146, 146])
Result tensor min/max: -0.003542006015777588 0.46804821491241455
Combined result min/max before normalization: -0.003542006015777588 0.46804821491241455
Combined result min/max after normalization: 0.0 1.0
Original gt_tensor shape: torch.Size([1, 1, 146, 146])
Original result_tensor shape: torch.Size([1, 1, 146, 146])
Result tensor after removing batch dimension: torch.Size([1, 146, 146])
Result tensor min/max: -0.0025675389915704727 0.07613428682088852
Combined result min/max before normalization: -0.0025675389915704727 0.07613428682088852
Combined result min/max after normalization: 0.0 0.9999998807907104
Original gt_tensor shape: torch.Size([1, 1, 146, 146])
Original result_tensor shape: torch.Size([1, 1, 146, 146])
Result tensor after removing batch dimension: torch.Size([1, 146, 146])
Result tensor min/max: -0.004050880670547485 0.36716824769973755
Combined result min/max before normalization: -0.004050880670547485 0.36716824769973755
Combined result min/max after normalization: 0.0 1.0
Original gt_tensor shape: torch.Size([1, 1, 146, 146])
Original result_tensor shape: torch.Size([1, 1, 146, 146])
Result tensor after removing batch dimension: torch.Size([1, 146, 146])
Result tensor min/max: -0.005387149751186371 0.18298488855361938
Combined result min/max before normalization: -0.005387149751186371 0.18298488855361938
Combined result min/max after normalization: 0.0 0.9999999403953552
Original gt_tensor shape: torch.Size([1, 1, 146, 146])
Original result_tensor shape: torch.Size([1, 1, 146, 146])
Result tensor after removing batch dimension: torch.Size([1, 146, 146])
Result tensor min/max: -0.003368757665157318 0.2621762454509735
Combined result min/max before normalization: -0.003368757665157318 0.2621762454509735
Combined result min/max after normalization: 0.0 1.0
Original gt_tensor shape: torch.Size([1, 1, 146, 146])
Original result_tensor shape: torch.Size([1, 1, 146, 146])
Result tensor after removing batch dimension: torch.Size([1, 146, 146])
Result tensor min/max: -0.004744093865156174 0.24173612892627716
Combined result min/max before normalization: -0.004744093865156174 0.24173612892627716
Combined result min/max after normalization: 0.0 0.9999999403953552
Original gt_tensor shape: torch.Size([1, 1, 146, 146])
