Disable distributed.
USE CSM:  True
USE CSM:  True
 load net keys <built-in method keys of collections.OrderedDict object at 0x148fc1855a70>
 load net keys <built-in method keys of collections.OrderedDict object at 0x148fc1855ef0>
Original result_tensor shape: torch.Size([1, 1, 146, 146])
Result tensor after removing batch dimension: torch.Size([1, 146, 146])
Result tensor min/max: -0.0034834309481084347 0.1697109490633011
Combined result min/max before normalization: -0.0034834309481084347 0.1697109490633011
Combined result min/max after normalization: 0.0 0.9999999403953552
Original gt_tensor shape: torch.Size([1, 1, 146, 146])
Original result_tensor shape: torch.Size([1, 1, 146, 146])
Result tensor after removing batch dimension: torch.Size([1, 146, 146])
Result tensor min/max: -0.7309260964393616 0.498313844203949
Combined result min/max before normalization: -0.7309260964393616 0.498313844203949
Combined result min/max after normalization: 0.0 1.0
Original gt_tensor shape: torch.Size([1, 1, 146, 146])
Original result_tensor shape: torch.Size([1, 1, 146, 146])
Result tensor after removing batch dimension: torch.Size([1, 146, 146])
Result tensor min/max: -0.0034137098118662834 0.12455037236213684
Combined result min/max before normalization: -0.0034137098118662834 0.12455037236213684
Combined result min/max after normalization: 0.0 0.9999998807907104
Original gt_tensor shape: torch.Size([1, 1, 146, 146])
Original result_tensor shape: torch.Size([1, 1, 146, 146])
Result tensor after removing batch dimension: torch.Size([1, 146, 146])
Result tensor min/max: -0.4045080542564392 0.799180805683136
Combined result min/max before normalization: -0.4045080542564392 0.799180805683136
Combined result min/max after normalization: 0.0 1.0
Original gt_tensor shape: torch.Size([1, 1, 146, 146])
Original result_tensor shape: torch.Size([1, 1, 146, 146])
Result tensor after removing batch dimension: torch.Size([1, 146, 146])
Result tensor min/max: -0.002182208001613617 0.05599785968661308
Combined result min/max before normalization: -0.002182208001613617 0.05599785968661308
Combined result min/max after normalization: 0.0 0.9999998211860657
Original gt_tensor shape: torch.Size([1, 1, 146, 146])
Original result_tensor shape: torch.Size([1, 1, 146, 146])
Result tensor after removing batch dimension: torch.Size([1, 146, 146])
Result tensor min/max: -0.27126917243003845 0.3945090174674988
Combined result min/max before normalization: -0.27126917243003845 0.3945090174674988
Combined result min/max after normalization: 0.0 1.0
Original gt_tensor shape: torch.Size([1, 1, 146, 146])
Original result_tensor shape: torch.Size([1, 1, 146, 146])
Result tensor after removing batch dimension: torch.Size([1, 146, 146])
Result tensor min/max: -0.004569655284285545 0.5672014951705933
Combined result min/max before normalization: -0.004569655284285545 0.5672014951705933
Combined result min/max after normalization: 0.0 1.0
Original gt_tensor shape: torch.Size([1, 1, 146, 146])
Original result_tensor shape: torch.Size([1, 1, 146, 146])
Result tensor after removing batch dimension: torch.Size([1, 146, 146])
Result tensor min/max: -0.23867420852184296 0.5428601503372192
Combined result min/max before normalization: -0.23867420852184296 0.5428601503372192
Combined result min/max after normalization: 0.0 1.0
Original gt_tensor shape: torch.Size([1, 1, 146, 146])
Original result_tensor shape: torch.Size([1, 1, 146, 146])
Result tensor after removing batch dimension: torch.Size([1, 146, 146])
Result tensor min/max: -0.006728522479534149 0.764563798904419
Combined result min/max before normalization: -0.006728522479534149 0.764563798904419
Combined result min/max after normalization: 0.0 1.0
Original gt_tensor shape: torch.Size([1, 1, 146, 146])
Original result_tensor shape: torch.Size([1, 1, 146, 146])
Result tensor after removing batch dimension: torch.Size([1, 146, 146])
Result tensor min/max: -0.002700250595808029 0.06645762920379639
Combined result min/max before normalization: -0.002700250595808029 0.06645762920379639
Combined result min/max after normalization: 0.0 0.9999998807907104
Original gt_tensor shape: torch.Size([1, 1, 146, 146])
Original result_tensor shape: torch.Size([1, 1, 146, 146])
Result tensor after removing batch dimension: torch.Size([1, 146, 146])
Result tensor min/max: -0.008079007267951965 0.6653158068656921
Combined result min/max before normalization: -0.008079007267951965 0.6653158068656921
Combined result min/max after normalization: 0.0 1.0
Original gt_tensor shape: torch.Size([1, 1, 146, 146])
Original result_tensor shape: torch.Size([1, 1, 146, 146])
Result tensor after removing batch dimension: torch.Size([1, 146, 146])
Result tensor min/max: -0.0017855066107586026 0.08297915756702423
Combined result min/max before normalization: -0.0017855066107586026 0.08297915756702423
Combined result min/max after normalization: 0.0 0.9999999403953552
Original gt_tensor shape: torch.Size([1, 1, 146, 146])
Original result_tensor shape: torch.Size([1, 1, 146, 146])
Result tensor after removing batch dimension: torch.Size([1, 146, 146])
Result tensor min/max: -0.20557571947574615 0.3223519027233124
Combined result min/max before normalization: -0.20557571947574615 0.3223519027233124
Combined result min/max after normalization: 0.0 1.0
Original gt_tensor shape: torch.Size([1, 1, 146, 146])
Original result_tensor shape: torch.Size([1, 1, 146, 146])
Result tensor after removing batch dimension: torch.Size([1, 146, 146])
Result tensor min/max: -0.006389315240085125 0.36205554008483887
Combined result min/max before normalization: -0.006389315240085125 0.36205554008483887
Combined result min/max after normalization: 0.0 1.0
Original gt_tensor shape: torch.Size([1, 1, 146, 146])
Original result_tensor shape: torch.Size([1, 1, 146, 146])
Result tensor after removing batch dimension: torch.Size([1, 146, 146])
Result tensor min/max: -0.022556249052286148 0.5609018802642822
Combined result min/max before normalization: -0.022556249052286148 0.5609018802642822
Combined result min/max after normalization: 0.0 1.0
Original gt_tensor shape: torch.Size([1, 1, 146, 146])
Original result_tensor shape: torch.Size([1, 1, 146, 146])
Result tensor after removing batch dimension: torch.Size([1, 146, 146])
Result tensor min/max: -0.002536354586482048 0.17526541650295258
Combined result min/max before normalization: -0.002536354586482048 0.17526541650295258
Combined result min/max after normalization: 0.0 0.9999999403953552
Original gt_tensor shape: torch.Size([1, 1, 146, 146])
Original result_tensor shape: torch.Size([1, 1, 146, 146])
Result tensor after removing batch dimension: torch.Size([1, 146, 146])
Result tensor min/max: -0.051271602511405945 0.20871755480766296
Combined result min/max before normalization: -0.051271602511405945 0.20871755480766296
Combined result min/max after normalization: 0.0 1.0
Original gt_tensor shape: torch.Size([1, 1, 146, 146])
Original result_tensor shape: torch.Size([1, 1, 146, 146])
Result tensor after removing batch dimension: torch.Size([1, 146, 146])
Result tensor min/max: -0.0053900121711194515 0.3066490888595581
Combined result min/max before normalization: -0.0053900121711194515 0.3066490888595581
Combined result min/max after normalization: 0.0 1.0
Original gt_tensor shape: torch.Size([1, 1, 146, 146])
Original result_tensor shape: torch.Size([1, 1, 146, 146])
Result tensor after removing batch dimension: torch.Size([1, 146, 146])
Result tensor min/max: -0.002905096858739853 0.022449910640716553
Combined result min/max before normalization: -0.002905096858739853 0.022449910640716553
Combined result min/max after normalization: 0.0 0.9999996423721313
Original gt_tensor shape: torch.Size([1, 1, 146, 146])
Original result_tensor shape: torch.Size([1, 1, 146, 146])
Result tensor after removing batch dimension: torch.Size([1, 146, 146])
Result tensor min/max: -0.001615375280380249 0.42916253209114075
Combined result min/max before normalization: -0.001615375280380249 0.42916253209114075
Combined result min/max after normalization: 0.0 1.0
Original gt_tensor shape: torch.Size([1, 1, 146, 146])
Original result_tensor shape: torch.Size([1, 1, 146, 146])
Result tensor after removing batch dimension: torch.Size([1, 146, 146])
Result tensor min/max: -0.30631324648857117 0.835060715675354
Combined result min/max before normalization: -0.30631324648857117 0.835060715675354
Combined result min/max after normalization: 0.0 1.0
Original gt_tensor shape: torch.Size([1, 1, 146, 146])
Original result_tensor shape: torch.Size([1, 1, 146, 146])
Result tensor after removing batch dimension: torch.Size([1, 146, 146])
Result tensor min/max: -0.4047679901123047 0.4007045030593872
Combined result min/max before normalization: -0.4047679901123047 0.4007045030593872
Combined result min/max after normalization: 0.0 1.0
Original gt_tensor shape: torch.Size([1, 1, 146, 146])
Original result_tensor shape: torch.Size([1, 1, 146, 146])
Result tensor after removing batch dimension: torch.Size([1, 146, 146])
Result tensor min/max: -0.5123662948608398 0.4329146146774292
Combined result min/max before normalization: -0.5123662948608398 0.4329146146774292
Combined result min/max after normalization: 0.0 1.0
Original gt_tensor shape: torch.Size([1, 1, 146, 146])
Original result_tensor shape: torch.Size([1, 1, 146, 146])
Result tensor after removing batch dimension: torch.Size([1, 146, 146])
Result tensor min/max: -0.1254003643989563 0.4325076937675476
Combined result min/max before normalization: -0.1254003643989563 0.4325076937675476
Combined result min/max after normalization: 0.0 1.0
Original gt_tensor shape: torch.Size([1, 1, 146, 146])
Original result_tensor shape: torch.Size([1, 1, 146, 146])
Result tensor after removing batch dimension: torch.Size([1, 146, 146])
Result tensor min/max: -0.001589115709066391 0.12986215949058533
Combined result min/max before normalization: -0.001589115709066391 0.12986215949058533
Combined result min/max after normalization: 0.0 0.9999998807907104
Original gt_tensor shape: torch.Size([1, 1, 146, 146])
Original result_tensor shape: torch.Size([1, 1, 146, 146])
Result tensor after removing batch dimension: torch.Size([1, 146, 146])
Result tensor min/max: -0.0011661835014820099 0.041116055101156235
Combined result min/max before normalization: -0.0011661835014820099 0.041116055101156235
Combined result min/max after normalization: 0.0 0.9999997615814209
Original gt_tensor shape: torch.Size([1, 1, 146, 146])
Original result_tensor shape: torch.Size([1, 1, 146, 146])
Result tensor after removing batch dimension: torch.Size([1, 146, 146])
Result tensor min/max: -0.18046697974205017 0.2516312301158905
Combined result min/max before normalization: -0.18046697974205017 0.2516312301158905
Combined result min/max after normalization: 0.0 1.0
Original gt_tensor shape: torch.Size([1, 1, 146, 146])
Original result_tensor shape: torch.Size([1, 1, 146, 146])
Result tensor after removing batch dimension: torch.Size([1, 146, 146])
Result tensor min/max: -0.1096084862947464 0.37814995646476746
Combined result min/max before normalization: -0.1096084862947464 0.37814995646476746
Combined result min/max after normalization: 0.0 1.0
Original gt_tensor shape: torch.Size([1, 1, 146, 146])
Original result_tensor shape: torch.Size([1, 1, 146, 146])
Result tensor after removing batch dimension: torch.Size([1, 146, 146])
Result tensor min/max: -0.4989785850048065 0.5077604055404663
Combined result min/max before normalization: -0.4989785850048065 0.5077604055404663
Combined result min/max after normalization: 0.0 1.0
Original gt_tensor shape: torch.Size([1, 1, 146, 146])
Original result_tensor shape: torch.Size([1, 1, 146, 146])
Result tensor after removing batch dimension: torch.Size([1, 146, 146])
Result tensor min/max: -0.003240005113184452 0.32555240392684937
Combined result min/max before normalization: -0.003240005113184452 0.32555240392684937
Combined result min/max after normalization: 0.0 1.0
Original gt_tensor shape: torch.Size([1, 1, 146, 146])
Original result_tensor shape: torch.Size([1, 1, 146, 146])
Result tensor after removing batch dimension: torch.Size([1, 146, 146])
Result tensor min/max: -0.01161358505487442 0.8915438652038574
Combined result min/max before normalization: -0.01161358505487442 0.8915438652038574
Combined result min/max after normalization: 0.0 1.0
Original gt_tensor shape: torch.Size([1, 1, 146, 146])
Original result_tensor shape: torch.Size([1, 1, 146, 146])
Result tensor after removing batch dimension: torch.Size([1, 146, 146])
Result tensor min/max: -0.0013831155374646187 0.05365672707557678
Combined result min/max before normalization: -0.0013831155374646187 0.05365672707557678
Combined result min/max after normalization: 0.0 0.9999998211860657
Original gt_tensor shape: torch.Size([1, 1, 146, 146])
Original result_tensor shape: torch.Size([1, 1, 146, 146])
Result tensor after removing batch dimension: torch.Size([1, 146, 146])
Result tensor min/max: -0.02059391885995865 0.48538631200790405
Combined result min/max before normalization: -0.02059391885995865 0.48538631200790405
Combined result min/max after normalization: 0.0 1.0
Original gt_tensor shape: torch.Size([1, 1, 146, 146])
Original result_tensor shape: torch.Size([1, 1, 146, 146])
Result tensor after removing batch dimension: torch.Size([1, 146, 146])
Result tensor min/max: -0.003306850790977478 0.3386906385421753
Combined result min/max before normalization: -0.003306850790977478 0.3386906385421753
Combined result min/max after normalization: 0.0 1.0
Original gt_tensor shape: torch.Size([1, 1, 146, 146])
Original result_tensor shape: torch.Size([1, 1, 146, 146])
Result tensor after removing batch dimension: torch.Size([1, 146, 146])
Result tensor min/max: -0.0024370381142944098 0.05083489790558815
Combined result min/max before normalization: -0.0024370381142944098 0.05083489790558815
Combined result min/max after normalization: 0.0 0.9999997615814209
Original gt_tensor shape: torch.Size([1, 1, 146, 146])
Original result_tensor shape: torch.Size([1, 1, 146, 146])
Result tensor after removing batch dimension: torch.Size([1, 146, 146])
Result tensor min/max: -0.0036666058003902435 0.3301844000816345
Combined result min/max before normalization: -0.0036666058003902435 0.3301844000816345
Combined result min/max after normalization: 0.0 1.0
Original gt_tensor shape: torch.Size([1, 1, 146, 146])
Original result_tensor shape: torch.Size([1, 1, 146, 146])
Result tensor after removing batch dimension: torch.Size([1, 146, 146])
Result tensor min/max: -0.5604938268661499 0.3897366523742676
Combined result min/max before normalization: -0.5604938268661499 0.3897366523742676
Combined result min/max after normalization: 0.0 1.0
Original gt_tensor shape: torch.Size([1, 1, 146, 146])
Original result_tensor shape: torch.Size([1, 1, 146, 146])
Result tensor after removing batch dimension: torch.Size([1, 146, 146])
Result tensor min/max: -0.288444846868515 0.24995729327201843
Combined result min/max before normalization: -0.288444846868515 0.24995729327201843
Combined result min/max after normalization: 0.0 1.0
Original gt_tensor shape: torch.Size([1, 1, 146, 146])
Original result_tensor shape: torch.Size([1, 1, 146, 146])
Result tensor after removing batch dimension: torch.Size([1, 146, 146])
Result tensor min/max: -0.0034456071443855762 0.1418953835964203
Combined result min/max before normalization: -0.0034456071443855762 0.1418953835964203
Combined result min/max after normalization: 0.0 0.9999998807907104
Original gt_tensor shape: torch.Size([1, 1, 146, 146])
Original result_tensor shape: torch.Size([1, 1, 146, 146])
Result tensor after removing batch dimension: torch.Size([1, 146, 146])
Result tensor min/max: -0.0008159875869750977 0.0927758663892746
Combined result min/max before normalization: -0.0008159875869750977 0.0927758663892746
Combined result min/max after normalization: 0.0 0.9999999403953552
Original gt_tensor shape: torch.Size([1, 1, 146, 146])
Original result_tensor shape: torch.Size([1, 1, 146, 146])
Result tensor after removing batch dimension: torch.Size([1, 146, 146])
Result tensor min/max: -0.47442999482154846 0.4777728319168091
Combined result min/max before normalization: -0.47442999482154846 0.4777728319168091
Combined result min/max after normalization: 0.0 1.0
Original gt_tensor shape: torch.Size([1, 1, 146, 146])
Original result_tensor shape: torch.Size([1, 1, 146, 146])
Result tensor after removing batch dimension: torch.Size([1, 146, 146])
Result tensor min/max: -0.001650759018957615 0.054417386651039124
Combined result min/max before normalization: -0.001650759018957615 0.054417386651039124
Combined result min/max after normalization: 0.0 0.9999998211860657
Original gt_tensor shape: torch.Size([1, 1, 146, 146])
Original result_tensor shape: torch.Size([1, 1, 146, 146])
Result tensor after removing batch dimension: torch.Size([1, 146, 146])
Result tensor min/max: -0.0014622044982388616 0.22186873853206635
Combined result min/max before normalization: -0.0014622044982388616 0.22186873853206635
Combined result min/max after normalization: 0.0 0.9999999403953552
Original gt_tensor shape: torch.Size([1, 1, 146, 146])
Original result_tensor shape: torch.Size([1, 1, 146, 146])
Result tensor after removing batch dimension: torch.Size([1, 146, 146])
Result tensor min/max: -0.6048875451087952 0.45448803901672363
Combined result min/max before normalization: -0.6048875451087952 0.45448803901672363
Combined result min/max after normalization: 0.0 1.0
Original gt_tensor shape: torch.Size([1, 1, 146, 146])
Original result_tensor shape: torch.Size([1, 1, 146, 146])
Result tensor after removing batch dimension: torch.Size([1, 146, 146])
Result tensor min/max: -0.540678858757019 0.4475281238555908
Combined result min/max before normalization: -0.540678858757019 0.4475281238555908
Combined result min/max after normalization: 0.0 1.0
Original gt_tensor shape: torch.Size([1, 1, 146, 146])
Original result_tensor shape: torch.Size([1, 1, 146, 146])
Result tensor after removing batch dimension: torch.Size([1, 146, 146])
Result tensor min/max: -0.002232862636446953 0.11332132667303085
Combined result min/max before normalization: -0.002232862636446953 0.11332132667303085
Combined result min/max after normalization: 0.0 0.9999999403953552
Original gt_tensor shape: torch.Size([1, 1, 146, 146])
Original result_tensor shape: torch.Size([1, 1, 146, 146])
Result tensor after removing batch dimension: torch.Size([1, 146, 146])
Result tensor min/max: -0.0014903144910931587 0.08269079774618149
Combined result min/max before normalization: -0.0014903144910931587 0.08269079774618149
Combined result min/max after normalization: 0.0 0.9999999403953552
Original gt_tensor shape: torch.Size([1, 1, 146, 146])
Original result_tensor shape: torch.Size([1, 1, 146, 146])
Result tensor after removing batch dimension: torch.Size([1, 146, 146])
Result tensor min/max: -0.002893928438425064 0.39396020770072937
Combined result min/max before normalization: -0.002893928438425064 0.39396020770072937
Combined result min/max after normalization: 0.0 1.0
Original gt_tensor shape: torch.Size([1, 1, 146, 146])
Original result_tensor shape: torch.Size([1, 1, 146, 146])
Result tensor after removing batch dimension: torch.Size([1, 146, 146])
Result tensor min/max: -0.018480684608221054 0.6608343124389648
Combined result min/max before normalization: -0.018480684608221054 0.6608343124389648
Combined result min/max after normalization: 0.0 1.0
Original gt_tensor shape: torch.Size([1, 1, 146, 146])
Original result_tensor shape: torch.Size([1, 1, 146, 146])
Result tensor after removing batch dimension: torch.Size([1, 146, 146])
Result tensor min/max: -0.0075749000534415245 0.5985396504402161
Combined result min/max before normalization: -0.0075749000534415245 0.5985396504402161
Combined result min/max after normalization: 0.0 1.0
Original gt_tensor shape: torch.Size([1, 1, 146, 146])
Original result_tensor shape: torch.Size([1, 1, 146, 146])
Result tensor after removing batch dimension: torch.Size([1, 146, 146])
Result tensor min/max: -0.00505217257887125 0.5691618919372559
Combined result min/max before normalization: -0.00505217257887125 0.5691618919372559
Combined result min/max after normalization: 0.0 1.0
Original gt_tensor shape: torch.Size([1, 1, 146, 146])
Original result_tensor shape: torch.Size([1, 1, 146, 146])
Result tensor after removing batch dimension: torch.Size([1, 146, 146])
Result tensor min/max: -0.0038828132674098015 0.5908746123313904
Combined result min/max before normalization: -0.0038828132674098015 0.5908746123313904
Combined result min/max after normalization: 0.0 1.0
Original gt_tensor shape: torch.Size([1, 1, 146, 146])
Original result_tensor shape: torch.Size([1, 1, 146, 146])
Result tensor after removing batch dimension: torch.Size([1, 146, 146])
Result tensor min/max: -0.002344297245144844 0.43572935461997986
Combined result min/max before normalization: -0.002344297245144844 0.43572935461997986
Combined result min/max after normalization: 0.0 1.0
Original gt_tensor shape: torch.Size([1, 1, 146, 146])
Original result_tensor shape: torch.Size([1, 1, 146, 146])
Result tensor after removing batch dimension: torch.Size([1, 146, 146])
Result tensor min/max: -0.8942493200302124 0.3790394067764282
Combined result min/max before normalization: -0.8942493200302124 0.3790394067764282
Combined result min/max after normalization: 0.0 1.0
Original gt_tensor shape: torch.Size([1, 1, 146, 146])
Original result_tensor shape: torch.Size([1, 1, 146, 146])
Result tensor after removing batch dimension: torch.Size([1, 146, 146])
Result tensor min/max: -0.0006306618452072144 0.1029575765132904
Combined result min/max before normalization: -0.0006306618452072144 0.1029575765132904
Combined result min/max after normalization: 0.0 0.9999999403953552
Original gt_tensor shape: torch.Size([1, 1, 146, 146])
Original result_tensor shape: torch.Size([1, 1, 146, 146])
Result tensor after removing batch dimension: torch.Size([1, 146, 146])
Result tensor min/max: -0.00028049200773239136 0.08301796019077301
Combined result min/max before normalization: -0.00028049200773239136 0.08301796019077301
Combined result min/max after normalization: 0.0 0.9999998807907104
Original gt_tensor shape: torch.Size([1, 1, 146, 146])
Original result_tensor shape: torch.Size([1, 1, 146, 146])
Result tensor after removing batch dimension: torch.Size([1, 146, 146])
Result tensor min/max: -0.0007428973913192749 0.02102169394493103
Combined result min/max before normalization: -0.0007428973913192749 0.02102169394493103
Combined result min/max after normalization: 0.0 0.9999995827674866
Original gt_tensor shape: torch.Size([1, 1, 146, 146])
Original result_tensor shape: torch.Size([1, 1, 146, 146])
Result tensor after removing batch dimension: torch.Size([1, 146, 146])
Result tensor min/max: -0.524964451789856 0.3591569662094116
Combined result min/max before normalization: -0.524964451789856 0.3591569662094116
Combined result min/max after normalization: 0.0 1.0
Original gt_tensor shape: torch.Size([1, 1, 146, 146])
Original result_tensor shape: torch.Size([1, 1, 146, 146])
Result tensor after removing batch dimension: torch.Size([1, 146, 146])
Result tensor min/max: -0.0007650554180145264 0.13600453734397888
Combined result min/max before normalization: -0.0007650554180145264 0.13600453734397888
Combined result min/max after normalization: 0.0 0.9999998807907104
Original gt_tensor shape: torch.Size([1, 1, 146, 146])
Original result_tensor shape: torch.Size([1, 1, 146, 146])
Result tensor after removing batch dimension: torch.Size([1, 146, 146])
Result tensor min/max: -0.2476104348897934 0.2728109359741211
Combined result min/max before normalization: -0.2476104348897934 0.2728109359741211
Combined result min/max after normalization: 0.0 1.0
Original gt_tensor shape: torch.Size([1, 1, 146, 146])
Original result_tensor shape: torch.Size([1, 1, 146, 146])
Result tensor after removing batch dimension: torch.Size([1, 146, 146])
Result tensor min/max: -0.0009848438203334808 0.10194676369428635
Combined result min/max before normalization: -0.0009848438203334808 0.10194676369428635
Combined result min/max after normalization: 0.0 0.9999999403953552
Original gt_tensor shape: torch.Size([1, 1, 146, 146])
Original result_tensor shape: torch.Size([1, 1, 146, 146])
Result tensor after removing batch dimension: torch.Size([1, 146, 146])
Result tensor min/max: -0.3988345265388489 0.18114948272705078
Combined result min/max before normalization: -0.3988345265388489 0.18114948272705078
Combined result min/max after normalization: 0.0 1.0
Original gt_tensor shape: torch.Size([1, 1, 146, 146])
Original result_tensor shape: torch.Size([1, 1, 146, 146])
Result tensor after removing batch dimension: torch.Size([1, 146, 146])
Result tensor min/max: -0.002050727605819702 0.3442133665084839
Combined result min/max before normalization: -0.002050727605819702 0.3442133665084839
Combined result min/max after normalization: 0.0 1.0
Original gt_tensor shape: torch.Size([1, 1, 146, 146])
Original result_tensor shape: torch.Size([1, 1, 146, 146])
Result tensor after removing batch dimension: torch.Size([1, 146, 146])
Result tensor min/max: -0.002456681802868843 0.3528606593608856
Combined result min/max before normalization: -0.002456681802868843 0.3528606593608856
Combined result min/max after normalization: 0.0 1.0
Original gt_tensor shape: torch.Size([1, 1, 146, 146])
Original result_tensor shape: torch.Size([1, 1, 146, 146])
Result tensor after removing batch dimension: torch.Size([1, 146, 146])
Result tensor min/max: -0.0009896224364638329 0.040534138679504395
Combined result min/max before normalization: -0.0009896224364638329 0.040534138679504395
Combined result min/max after normalization: 0.0 0.9999997019767761
Original gt_tensor shape: torch.Size([1, 1, 146, 146])
Original result_tensor shape: torch.Size([1, 1, 146, 146])
Result tensor after removing batch dimension: torch.Size([1, 146, 146])
Result tensor min/max: -0.001842123456299305 0.2950318157672882
Combined result min/max before normalization: -0.001842123456299305 0.2950318157672882
Combined result min/max after normalization: 0.0 1.0
Original gt_tensor shape: torch.Size([1, 1, 146, 146])
Original result_tensor shape: torch.Size([1, 1, 146, 146])
Result tensor after removing batch dimension: torch.Size([1, 146, 146])
Result tensor min/max: -0.7354174852371216 0.6264366507530212
Combined result min/max before normalization: -0.7354174852371216 0.6264366507530212
Combined result min/max after normalization: 0.0 1.0
Original gt_tensor shape: torch.Size([1, 1, 146, 146])
Original result_tensor shape: torch.Size([1, 1, 146, 146])
Result tensor after removing batch dimension: torch.Size([1, 146, 146])
Result tensor min/max: -0.0014341981150209904 0.0380229577422142
Combined result min/max before normalization: -0.0014341981150209904 0.0380229577422142
Combined result min/max after normalization: 0.0 0.9999997019767761
Original gt_tensor shape: torch.Size([1, 1, 146, 146])
Original result_tensor shape: torch.Size([1, 1, 146, 146])
Result tensor after removing batch dimension: torch.Size([1, 146, 146])
Result tensor min/max: -0.0025504399091005325 0.2592572569847107
Combined result min/max before normalization: -0.0025504399091005325 0.2592572569847107
Combined result min/max after normalization: 0.0 1.0
Original gt_tensor shape: torch.Size([1, 1, 146, 146])
Original result_tensor shape: torch.Size([1, 1, 146, 146])
Result tensor after removing batch dimension: torch.Size([1, 146, 146])
Result tensor min/max: -0.0018303832039237022 0.12499208003282547
Combined result min/max before normalization: -0.0018303832039237022 0.12499208003282547
Combined result min/max after normalization: 0.0 0.9999998807907104
Original gt_tensor shape: torch.Size([1, 1, 146, 146])
Original result_tensor shape: torch.Size([1, 1, 146, 146])
Result tensor after removing batch dimension: torch.Size([1, 146, 146])
Result tensor min/max: -0.003021206706762314 0.5341954827308655
Combined result min/max before normalization: -0.003021206706762314 0.5341954827308655
Combined result min/max after normalization: 0.0 1.0
Original gt_tensor shape: torch.Size([1, 1, 146, 146])
Original result_tensor shape: torch.Size([1, 1, 146, 146])
Result tensor after removing batch dimension: torch.Size([1, 146, 146])
Result tensor min/max: -0.0021075764670968056 0.23339885473251343
Combined result min/max before normalization: -0.0021075764670968056 0.23339885473251343
Combined result min/max after normalization: 0.0 0.9999999403953552
Original gt_tensor shape: torch.Size([1, 1, 146, 146])
