Disable distributed.
Path already exists. Rename it to tb_logger/finetune_using_csm_archived_20250516_000243
USE CSM:  True
USE CSM:  True
 load net keys <built-in method keys of collections.OrderedDict object at 0x14e7b5b45950>
 load net keys <built-in method keys of collections.OrderedDict object at 0x14e7bda59050>
Original result_tensor shape: torch.Size([1, 1, 146, 146])
Result tensor after removing batch dimension: torch.Size([1, 146, 146])
Result tensor min/max: -0.018164845183491707 0.17691633105278015
Combined result min/max before normalization: -0.018164845183491707 0.17691633105278015
Combined result min/max after normalization: 0.0 0.9999999403953552
Original gt_tensor shape: torch.Size([1, 1, 146, 146])
Original result_tensor shape: torch.Size([1, 1, 146, 146])
Result tensor after removing batch dimension: torch.Size([1, 146, 146])
Result tensor min/max: 0.16681021451950073 0.8274073600769043
Combined result min/max before normalization: 0.16681021451950073 0.8274073600769043
Combined result min/max after normalization: 0.0 1.0
Original gt_tensor shape: torch.Size([1, 1, 146, 146])
Original result_tensor shape: torch.Size([1, 1, 146, 146])
Result tensor after removing batch dimension: torch.Size([1, 146, 146])
Result tensor min/max: -0.015149490907788277 0.10957005620002747
Combined result min/max before normalization: -0.015149490907788277 0.10957005620002747
Combined result min/max after normalization: 0.0 0.9999999403953552
Original gt_tensor shape: torch.Size([1, 1, 146, 146])
Original result_tensor shape: torch.Size([1, 1, 146, 146])
Result tensor after removing batch dimension: torch.Size([1, 146, 146])
Result tensor min/max: 0.08357343077659607 0.9151341319084167
Combined result min/max before normalization: 0.08357343077659607 0.9151341319084167
Combined result min/max after normalization: 0.0 1.0
Original gt_tensor shape: torch.Size([1, 1, 146, 146])
Original result_tensor shape: torch.Size([1, 1, 146, 146])
Result tensor after removing batch dimension: torch.Size([1, 146, 146])
Result tensor min/max: -0.008931433781981468 0.06138982996344566
Combined result min/max before normalization: -0.008931433781981468 0.06138982996344566
Combined result min/max after normalization: 0.0 0.9999998807907104
Original gt_tensor shape: torch.Size([1, 1, 146, 146])
Original result_tensor shape: torch.Size([1, 1, 146, 146])
Result tensor after removing batch dimension: torch.Size([1, 146, 146])
Result tensor min/max: 0.041834756731987 0.3638267517089844
Combined result min/max before normalization: 0.041834756731987 0.3638267517089844
Combined result min/max after normalization: 0.0 1.0
Original gt_tensor shape: torch.Size([1, 1, 146, 146])
Original result_tensor shape: torch.Size([1, 1, 146, 146])
Result tensor after removing batch dimension: torch.Size([1, 146, 146])
Result tensor min/max: -0.020449619740247726 0.5930845737457275
Combined result min/max before normalization: -0.020449619740247726 0.5930845737457275
Combined result min/max after normalization: 0.0 1.0
Original gt_tensor shape: torch.Size([1, 1, 146, 146])
Original result_tensor shape: torch.Size([1, 1, 146, 146])
Result tensor after removing batch dimension: torch.Size([1, 146, 146])
Result tensor min/max: -0.009847477078437805 0.5352055430412292
Combined result min/max before normalization: -0.009847477078437805 0.5352055430412292
Combined result min/max after normalization: 0.0 1.0
Original gt_tensor shape: torch.Size([1, 1, 146, 146])
Original result_tensor shape: torch.Size([1, 1, 146, 146])
Result tensor after removing batch dimension: torch.Size([1, 146, 146])
Result tensor min/max: -0.03361506760120392 0.7597651481628418
Combined result min/max before normalization: -0.03361506760120392 0.7597651481628418
Combined result min/max after normalization: 0.0 1.0
Original gt_tensor shape: torch.Size([1, 1, 146, 146])
Original result_tensor shape: torch.Size([1, 1, 146, 146])
Result tensor after removing batch dimension: torch.Size([1, 146, 146])
Result tensor min/max: -0.011186853982508183 0.06216730922460556
Combined result min/max before normalization: -0.011186853982508183 0.06216730922460556
Combined result min/max after normalization: 0.0 0.9999998807907104
Original gt_tensor shape: torch.Size([1, 1, 146, 146])
Original result_tensor shape: torch.Size([1, 1, 146, 146])
Result tensor after removing batch dimension: torch.Size([1, 146, 146])
Result tensor min/max: -0.0365118607878685 0.6774802803993225
Combined result min/max before normalization: -0.0365118607878685 0.6774802803993225
Combined result min/max after normalization: 0.0 1.0
Original gt_tensor shape: torch.Size([1, 1, 146, 146])
Original result_tensor shape: torch.Size([1, 1, 146, 146])
Result tensor after removing batch dimension: torch.Size([1, 146, 146])
Result tensor min/max: -0.013579207472503185 0.07552123814821243
Combined result min/max before normalization: -0.013579207472503185 0.07552123814821243
Combined result min/max after normalization: 0.0 0.9999999403953552
Original gt_tensor shape: torch.Size([1, 1, 146, 146])
Original result_tensor shape: torch.Size([1, 1, 146, 146])
Result tensor after removing batch dimension: torch.Size([1, 146, 146])
Result tensor min/max: 0.001093834638595581 0.2666497826576233
Combined result min/max before normalization: 0.001093834638595581 0.2666497826576233
Combined result min/max after normalization: 0.0 1.0
Original gt_tensor shape: torch.Size([1, 1, 146, 146])
Original result_tensor shape: torch.Size([1, 1, 146, 146])
Result tensor after removing batch dimension: torch.Size([1, 146, 146])
Result tensor min/max: -0.014879833906888962 0.3648909032344818
Combined result min/max before normalization: -0.014879833906888962 0.3648909032344818
Combined result min/max after normalization: 0.0 1.0
Original gt_tensor shape: torch.Size([1, 1, 146, 146])
Original result_tensor shape: torch.Size([1, 1, 146, 146])
Result tensor after removing batch dimension: torch.Size([1, 146, 146])
Result tensor min/max: -0.04708968102931976 0.5743920207023621
Combined result min/max before normalization: -0.04708968102931976 0.5743920207023621
Combined result min/max after normalization: 0.0 1.0
Original gt_tensor shape: torch.Size([1, 1, 146, 146])
Original result_tensor shape: torch.Size([1, 1, 146, 146])
Result tensor after removing batch dimension: torch.Size([1, 146, 146])
Result tensor min/max: -0.01928595080971718 0.1701935976743698
Combined result min/max before normalization: -0.01928595080971718 0.1701935976743698
Combined result min/max after normalization: 0.0 0.9999999403953552
Original gt_tensor shape: torch.Size([1, 1, 146, 146])
Original result_tensor shape: torch.Size([1, 1, 146, 146])
Result tensor after removing batch dimension: torch.Size([1, 146, 146])
Result tensor min/max: 0.0020240694284439087 0.16283446550369263
Combined result min/max before normalization: 0.0020240694284439087 0.16283446550369263
Combined result min/max after normalization: 0.0 0.9999998807907104
Original gt_tensor shape: torch.Size([1, 1, 146, 146])
Original result_tensor shape: torch.Size([1, 1, 146, 146])
Result tensor after removing batch dimension: torch.Size([1, 146, 146])
Result tensor min/max: -0.018983062356710434 0.2836833596229553
Combined result min/max before normalization: -0.018983062356710434 0.2836833596229553
Combined result min/max after normalization: 0.0 1.0
Original gt_tensor shape: torch.Size([1, 1, 146, 146])
Original result_tensor shape: torch.Size([1, 1, 146, 146])
Result tensor after removing batch dimension: torch.Size([1, 146, 146])
Result tensor min/max: -0.015958983451128006 0.01749422214925289
Combined result min/max before normalization: -0.015958983451128006 0.01749422214925289
Combined result min/max after normalization: 0.0 0.9999996423721313
Original gt_tensor shape: torch.Size([1, 1, 146, 146])
Original result_tensor shape: torch.Size([1, 1, 146, 146])
Result tensor after removing batch dimension: torch.Size([1, 146, 146])
Result tensor min/max: -0.0053056031465530396 0.44067901372909546
Combined result min/max before normalization: -0.0053056031465530396 0.44067901372909546
Combined result min/max after normalization: 0.0 1.0
Original gt_tensor shape: torch.Size([1, 1, 146, 146])
Original result_tensor shape: torch.Size([1, 1, 146, 146])
Result tensor after removing batch dimension: torch.Size([1, 146, 146])
Result tensor min/max: -0.015017837285995483 0.8821401596069336
Combined result min/max before normalization: -0.015017837285995483 0.8821401596069336
Combined result min/max after normalization: 0.0 1.0
Original gt_tensor shape: torch.Size([1, 1, 146, 146])
Original result_tensor shape: torch.Size([1, 1, 146, 146])
Result tensor after removing batch dimension: torch.Size([1, 146, 146])
Result tensor min/max: 0.05173030495643616 0.605054497718811
Combined result min/max before normalization: 0.05173030495643616 0.605054497718811
Combined result min/max after normalization: 0.0 1.0
Original gt_tensor shape: torch.Size([1, 1, 146, 146])
Original result_tensor shape: torch.Size([1, 1, 146, 146])
Result tensor after removing batch dimension: torch.Size([1, 146, 146])
Result tensor min/max: 0.06486135721206665 0.8034194707870483
Combined result min/max before normalization: 0.06486135721206665 0.8034194707870483
Combined result min/max after normalization: 0.0 1.0
Original gt_tensor shape: torch.Size([1, 1, 146, 146])
Original result_tensor shape: torch.Size([1, 1, 146, 146])
Result tensor after removing batch dimension: torch.Size([1, 146, 146])
Result tensor min/max: 0.0006620138883590698 0.6983909606933594
Combined result min/max before normalization: 0.0006620138883590698 0.6983909606933594
Combined result min/max after normalization: 0.0 1.0
Original gt_tensor shape: torch.Size([1, 1, 146, 146])
Original result_tensor shape: torch.Size([1, 1, 146, 146])
Result tensor after removing batch dimension: torch.Size([1, 146, 146])
Result tensor min/max: -0.013448573648929596 0.12841759622097015
Combined result min/max before normalization: -0.013448573648929596 0.12841759622097015
Combined result min/max after normalization: 0.0 0.9999998807907104
Original gt_tensor shape: torch.Size([1, 1, 146, 146])
Original result_tensor shape: torch.Size([1, 1, 146, 146])
Result tensor after removing batch dimension: torch.Size([1, 146, 146])
Result tensor min/max: -0.011532027274370193 0.04076475650072098
Combined result min/max before normalization: -0.011532027274370193 0.04076475650072098
Combined result min/max after normalization: 0.0 0.9999997615814209
Original gt_tensor shape: torch.Size([1, 1, 146, 146])
Original result_tensor shape: torch.Size([1, 1, 146, 146])
Result tensor after removing batch dimension: torch.Size([1, 146, 146])
Result tensor min/max: -0.004807531833648682 0.24786704778671265
Combined result min/max before normalization: -0.004807531833648682 0.24786704778671265
Combined result min/max after normalization: 0.0 1.0
Original gt_tensor shape: torch.Size([1, 1, 146, 146])
Original result_tensor shape: torch.Size([1, 1, 146, 146])
Result tensor after removing batch dimension: torch.Size([1, 146, 146])
Result tensor min/max: -0.013363659381866455 0.38285040855407715
Combined result min/max before normalization: -0.013363659381866455 0.38285040855407715
Combined result min/max after normalization: 0.0 1.0
Original gt_tensor shape: torch.Size([1, 1, 146, 146])
Original result_tensor shape: torch.Size([1, 1, 146, 146])
Result tensor after removing batch dimension: torch.Size([1, 146, 146])
Result tensor min/max: 0.055534571409225464 0.6806238889694214
Combined result min/max before normalization: 0.055534571409225464 0.6806238889694214
Combined result min/max after normalization: 0.0 1.0
Original gt_tensor shape: torch.Size([1, 1, 146, 146])
Original result_tensor shape: torch.Size([1, 1, 146, 146])
Result tensor after removing batch dimension: torch.Size([1, 146, 146])
Result tensor min/max: -0.014600858092308044 0.30774182081222534
Combined result min/max before normalization: -0.014600858092308044 0.30774182081222534
Combined result min/max after normalization: 0.0 1.0
Original gt_tensor shape: torch.Size([1, 1, 146, 146])
Original result_tensor shape: torch.Size([1, 1, 146, 146])
Result tensor after removing batch dimension: torch.Size([1, 146, 146])
Result tensor min/max: -0.01614747941493988 0.8810910582542419
Combined result min/max before normalization: -0.01614747941493988 0.8810910582542419
Combined result min/max after normalization: 0.0 1.0
Original gt_tensor shape: torch.Size([1, 1, 146, 146])
Original result_tensor shape: torch.Size([1, 1, 146, 146])
Result tensor after removing batch dimension: torch.Size([1, 146, 146])
Result tensor min/max: -0.010194934904575348 0.058078791946172714
Combined result min/max before normalization: -0.010194934904575348 0.058078791946172714
Combined result min/max after normalization: 0.0 0.9999998807907104
Original gt_tensor shape: torch.Size([1, 1, 146, 146])
Original result_tensor shape: torch.Size([1, 1, 146, 146])
Result tensor after removing batch dimension: torch.Size([1, 146, 146])
Result tensor min/max: -0.004321947693824768 0.37081629037857056
Combined result min/max before normalization: -0.004321947693824768 0.37081629037857056
Combined result min/max after normalization: 0.0 1.0
Original gt_tensor shape: torch.Size([1, 1, 146, 146])
Original result_tensor shape: torch.Size([1, 1, 146, 146])
Result tensor after removing batch dimension: torch.Size([1, 146, 146])
Result tensor min/max: -0.013395912945270538 0.34318873286247253
Combined result min/max before normalization: -0.013395912945270538 0.34318873286247253
Combined result min/max after normalization: 0.0 1.0
Original gt_tensor shape: torch.Size([1, 1, 146, 146])
Original result_tensor shape: torch.Size([1, 1, 146, 146])
Result tensor after removing batch dimension: torch.Size([1, 146, 146])
Result tensor min/max: -0.013295929878950119 0.05194178223609924
Combined result min/max before normalization: -0.013295929878950119 0.05194178223609924
Combined result min/max after normalization: 0.0 0.9999998807907104
Original gt_tensor shape: torch.Size([1, 1, 146, 146])
Original result_tensor shape: torch.Size([1, 1, 146, 146])
Result tensor after removing batch dimension: torch.Size([1, 146, 146])
Result tensor min/max: -0.012468434870243073 0.3437606692314148
Combined result min/max before normalization: -0.012468434870243073 0.3437606692314148
Combined result min/max after normalization: 0.0 1.0
Original gt_tensor shape: torch.Size([1, 1, 146, 146])
Original result_tensor shape: torch.Size([1, 1, 146, 146])
Result tensor after removing batch dimension: torch.Size([1, 146, 146])
Result tensor min/max: 0.07153370976448059 0.7328847646713257
Combined result min/max before normalization: 0.07153370976448059 0.7328847646713257
Combined result min/max after normalization: 0.0 1.0
Original gt_tensor shape: torch.Size([1, 1, 146, 146])
Original result_tensor shape: torch.Size([1, 1, 146, 146])
Result tensor after removing batch dimension: torch.Size([1, 146, 146])
Result tensor min/max: -0.02625209093093872 0.4070298671722412
Combined result min/max before normalization: -0.02625209093093872 0.4070298671722412
Combined result min/max after normalization: 0.0 1.0
Original gt_tensor shape: torch.Size([1, 1, 146, 146])
Original result_tensor shape: torch.Size([1, 1, 146, 146])
Result tensor after removing batch dimension: torch.Size([1, 146, 146])
Result tensor min/max: -0.012114954181015491 0.1389571577310562
Combined result min/max before normalization: -0.012114954181015491 0.1389571577310562
Combined result min/max after normalization: 0.0 0.9999998807907104
Original gt_tensor shape: torch.Size([1, 1, 146, 146])
Original result_tensor shape: torch.Size([1, 1, 146, 146])
Result tensor after removing batch dimension: torch.Size([1, 146, 146])
Result tensor min/max: -0.012030206620693207 0.08655939996242523
Combined result min/max before normalization: -0.012030206620693207 0.08655939996242523
Combined result min/max after normalization: 0.0 0.9999999403953552
Original gt_tensor shape: torch.Size([1, 1, 146, 146])
Original result_tensor shape: torch.Size([1, 1, 146, 146])
Result tensor after removing batch dimension: torch.Size([1, 146, 146])
Result tensor min/max: -0.30495667457580566 0.5521281361579895
Combined result min/max before normalization: -0.30495667457580566 0.5521281361579895
Combined result min/max after normalization: 0.0 1.0
Original gt_tensor shape: torch.Size([1, 1, 146, 146])
Original result_tensor shape: torch.Size([1, 1, 146, 146])
Result tensor after removing batch dimension: torch.Size([1, 146, 146])
Result tensor min/max: -0.013042401522397995 0.04381744936108589
Combined result min/max before normalization: -0.013042401522397995 0.04381744936108589
Combined result min/max after normalization: 0.0 0.9999998211860657
Original gt_tensor shape: torch.Size([1, 1, 146, 146])
Original result_tensor shape: torch.Size([1, 1, 146, 146])
Result tensor after removing batch dimension: torch.Size([1, 146, 146])
Result tensor min/max: -0.01060008630156517 0.22504082322120667
Combined result min/max before normalization: -0.01060008630156517 0.22504082322120667
Combined result min/max after normalization: 0.0 0.9999999403953552
Original gt_tensor shape: torch.Size([1, 1, 146, 146])
Original result_tensor shape: torch.Size([1, 1, 146, 146])
Result tensor after removing batch dimension: torch.Size([1, 146, 146])
Result tensor min/max: -0.7529754042625427 0.5712096691131592
Combined result min/max before normalization: -0.7529754042625427 0.5712096691131592
Combined result min/max after normalization: 0.0 1.0
Original gt_tensor shape: torch.Size([1, 1, 146, 146])
Original result_tensor shape: torch.Size([1, 1, 146, 146])
Result tensor after removing batch dimension: torch.Size([1, 146, 146])
Result tensor min/max: -0.6478643417358398 0.6400458812713623
Combined result min/max before normalization: -0.6478643417358398 0.6400458812713623
Combined result min/max after normalization: 0.0 1.0
Original gt_tensor shape: torch.Size([1, 1, 146, 146])
Original result_tensor shape: torch.Size([1, 1, 146, 146])
Result tensor after removing batch dimension: torch.Size([1, 146, 146])
Result tensor min/max: -0.00974363461136818 0.09871917217969894
Combined result min/max before normalization: -0.00974363461136818 0.09871917217969894
Combined result min/max after normalization: 0.0 0.9999999403953552
Original gt_tensor shape: torch.Size([1, 1, 146, 146])
Original result_tensor shape: torch.Size([1, 1, 146, 146])
Result tensor after removing batch dimension: torch.Size([1, 146, 146])
Result tensor min/max: -0.011113118380308151 0.0762520283460617
Combined result min/max before normalization: -0.011113118380308151 0.0762520283460617
Combined result min/max after normalization: 0.0 0.9999999403953552
Original gt_tensor shape: torch.Size([1, 1, 146, 146])
Original result_tensor shape: torch.Size([1, 1, 146, 146])
Result tensor after removing batch dimension: torch.Size([1, 146, 146])
Result tensor min/max: -0.010084085166454315 0.3796963691711426
Combined result min/max before normalization: -0.010084085166454315 0.3796963691711426
Combined result min/max after normalization: 0.0 1.0
Original gt_tensor shape: torch.Size([1, 1, 146, 146])
Original result_tensor shape: torch.Size([1, 1, 146, 146])
Result tensor after removing batch dimension: torch.Size([1, 146, 146])
Result tensor min/max: -0.00765561405569315 0.6296919584274292
Combined result min/max before normalization: -0.00765561405569315 0.6296919584274292
Combined result min/max after normalization: 0.0 1.0
Original gt_tensor shape: torch.Size([1, 1, 146, 146])
Original result_tensor shape: torch.Size([1, 1, 146, 146])
Result tensor after removing batch dimension: torch.Size([1, 146, 146])
Result tensor min/max: -0.012619906105101109 0.5857135653495789
Combined result min/max before normalization: -0.012619906105101109 0.5857135653495789
Combined result min/max after normalization: 0.0 1.0
Original gt_tensor shape: torch.Size([1, 1, 146, 146])
Original result_tensor shape: torch.Size([1, 1, 146, 146])
Result tensor after removing batch dimension: torch.Size([1, 146, 146])
Result tensor min/max: -0.01011849008500576 0.5671088099479675
Combined result min/max before normalization: -0.01011849008500576 0.5671088099479675
Combined result min/max after normalization: 0.0 1.0
Original gt_tensor shape: torch.Size([1, 1, 146, 146])
Original result_tensor shape: torch.Size([1, 1, 146, 146])
Result tensor after removing batch dimension: torch.Size([1, 146, 146])
Result tensor min/max: -0.011518687009811401 0.6139702200889587
Combined result min/max before normalization: -0.011518687009811401 0.6139702200889587
Combined result min/max after normalization: 0.0 1.0
Original gt_tensor shape: torch.Size([1, 1, 146, 146])
Original result_tensor shape: torch.Size([1, 1, 146, 146])
Result tensor after removing batch dimension: torch.Size([1, 146, 146])
Result tensor min/max: -0.009910322725772858 0.4496854245662689
Combined result min/max before normalization: -0.009910322725772858 0.4496854245662689
Combined result min/max after normalization: 0.0 1.0
Original gt_tensor shape: torch.Size([1, 1, 146, 146])
Original result_tensor shape: torch.Size([1, 1, 146, 146])
Result tensor after removing batch dimension: torch.Size([1, 146, 146])
Result tensor min/max: -1.992181420326233 0.5792747139930725
Combined result min/max before normalization: -1.992181420326233 0.5792747139930725
Combined result min/max after normalization: 0.0 1.0
Original gt_tensor shape: torch.Size([1, 1, 146, 146])
Original result_tensor shape: torch.Size([1, 1, 146, 146])
Result tensor after removing batch dimension: torch.Size([1, 146, 146])
Result tensor min/max: -0.004341907799243927 0.1271820068359375
Combined result min/max before normalization: -0.004341907799243927 0.1271820068359375
Combined result min/max after normalization: 0.0 0.9999998807907104
Original gt_tensor shape: torch.Size([1, 1, 146, 146])
Original result_tensor shape: torch.Size([1, 1, 146, 146])
Result tensor after removing batch dimension: torch.Size([1, 146, 146])
Result tensor min/max: -0.0034459084272384644 0.09143103659152985
Combined result min/max before normalization: -0.0034459084272384644 0.09143103659152985
Combined result min/max after normalization: 0.0 0.9999999403953552
Original gt_tensor shape: torch.Size([1, 1, 146, 146])
Original result_tensor shape: torch.Size([1, 1, 146, 146])
Result tensor after removing batch dimension: torch.Size([1, 146, 146])
Result tensor min/max: -0.0072618573904037476 0.026148706674575806
Combined result min/max before normalization: -0.0072618573904037476 0.026148706674575806
Combined result min/max after normalization: 0.0 0.9999996423721313
Original gt_tensor shape: torch.Size([1, 1, 146, 146])
Original result_tensor shape: torch.Size([1, 1, 146, 146])
Result tensor after removing batch dimension: torch.Size([1, 146, 146])
Result tensor min/max: -1.0676652193069458 0.38263559341430664
Combined result min/max before normalization: -1.0676652193069458 0.38263559341430664
Combined result min/max after normalization: 0.0 1.0
Original gt_tensor shape: torch.Size([1, 1, 146, 146])
Original result_tensor shape: torch.Size([1, 1, 146, 146])
Result tensor after removing batch dimension: torch.Size([1, 146, 146])
Result tensor min/max: -0.004911348223686218 0.14021649956703186
Combined result min/max before normalization: -0.004911348223686218 0.14021649956703186
Combined result min/max after normalization: 0.0 0.9999998807907104
Original gt_tensor shape: torch.Size([1, 1, 146, 146])
Original result_tensor shape: torch.Size([1, 1, 146, 146])
Result tensor after removing batch dimension: torch.Size([1, 146, 146])
Result tensor min/max: -0.023499637842178345 0.27241796255111694
Combined result min/max before normalization: -0.023499637842178345 0.27241796255111694
Combined result min/max after normalization: 0.0 1.0
Original gt_tensor shape: torch.Size([1, 1, 146, 146])
Original result_tensor shape: torch.Size([1, 1, 146, 146])
Result tensor after removing batch dimension: torch.Size([1, 146, 146])
Result tensor min/max: -0.008244909346103668 0.10036803781986237
Combined result min/max before normalization: -0.008244909346103668 0.10036803781986237
Combined result min/max after normalization: 0.0 0.9999999403953552
Original gt_tensor shape: torch.Size([1, 1, 146, 146])
Original result_tensor shape: torch.Size([1, 1, 146, 146])
Result tensor after removing batch dimension: torch.Size([1, 146, 146])
Result tensor min/max: -0.05836865305900574 0.3599500060081482
Combined result min/max before normalization: -0.05836865305900574 0.3599500060081482
Combined result min/max after normalization: 0.0 1.0
Original gt_tensor shape: torch.Size([1, 1, 146, 146])
Original result_tensor shape: torch.Size([1, 1, 146, 146])
Result tensor after removing batch dimension: torch.Size([1, 146, 146])
Result tensor min/max: -0.006205346435308456 0.33445388078689575
Combined result min/max before normalization: -0.006205346435308456 0.33445388078689575
Combined result min/max after normalization: 0.0 1.0
Original gt_tensor shape: torch.Size([1, 1, 146, 146])
Original result_tensor shape: torch.Size([1, 1, 146, 146])
Result tensor after removing batch dimension: torch.Size([1, 146, 146])
Result tensor min/max: -0.008981611579656601 0.3374813199043274
Combined result min/max before normalization: -0.008981611579656601 0.3374813199043274
Combined result min/max after normalization: 0.0 1.0
Original gt_tensor shape: torch.Size([1, 1, 146, 146])
Original result_tensor shape: torch.Size([1, 1, 146, 146])
Result tensor after removing batch dimension: torch.Size([1, 146, 146])
Result tensor min/max: -0.009469829499721527 0.03563723713159561
Combined result min/max before normalization: -0.009469829499721527 0.03563723713159561
Combined result min/max after normalization: 0.0 0.9999997615814209
Original gt_tensor shape: torch.Size([1, 1, 146, 146])
Original result_tensor shape: torch.Size([1, 1, 146, 146])
Result tensor after removing batch dimension: torch.Size([1, 146, 146])
Result tensor min/max: -0.008492819964885712 0.2848789691925049
Combined result min/max before normalization: -0.008492819964885712 0.2848789691925049
Combined result min/max after normalization: 0.0 1.0
Original gt_tensor shape: torch.Size([1, 1, 146, 146])
Original result_tensor shape: torch.Size([1, 1, 146, 146])
Result tensor after removing batch dimension: torch.Size([1, 146, 146])
Result tensor min/max: -1.6959781646728516 2.098129987716675
Combined result min/max before normalization: -1.6959781646728516 2.098129987716675
Combined result min/max after normalization: 0.0 1.0
Original gt_tensor shape: torch.Size([1, 1, 146, 146])
Original result_tensor shape: torch.Size([1, 1, 146, 146])
Result tensor after removing batch dimension: torch.Size([1, 146, 146])
Result tensor min/max: -0.007773950695991516 0.03796651214361191
Combined result min/max before normalization: -0.007773950695991516 0.03796651214361191
Combined result min/max after normalization: 0.0 0.9999997615814209
Original gt_tensor shape: torch.Size([1, 1, 146, 146])
Original result_tensor shape: torch.Size([1, 1, 146, 146])
Result tensor after removing batch dimension: torch.Size([1, 146, 146])
Result tensor min/max: -0.010283928364515305 0.23359675705432892
Combined result min/max before normalization: -0.010283928364515305 0.23359675705432892
Combined result min/max after normalization: 0.0 0.9999999403953552
Original gt_tensor shape: torch.Size([1, 1, 146, 146])
Original result_tensor shape: torch.Size([1, 1, 146, 146])
Result tensor after removing batch dimension: torch.Size([1, 146, 146])
Result tensor min/max: -0.007746078073978424 0.12580057978630066
Combined result min/max before normalization: -0.007746078073978424 0.12580057978630066
Combined result min/max after normalization: 0.0 0.9999998807907104
Original gt_tensor shape: torch.Size([1, 1, 146, 146])
Original result_tensor shape: torch.Size([1, 1, 146, 146])
Result tensor after removing batch dimension: torch.Size([1, 146, 146])
Result tensor min/max: -0.007324473932385445 0.5281639099121094
Combined result min/max before normalization: -0.007324473932385445 0.5281639099121094
Combined result min/max after normalization: 0.0 1.0
Original gt_tensor shape: torch.Size([1, 1, 146, 146])
Original result_tensor shape: torch.Size([1, 1, 146, 146])
Result tensor after removing batch dimension: torch.Size([1, 146, 146])
Result tensor min/max: -0.007619362324476242 0.22911794483661652
Combined result min/max before normalization: -0.007619362324476242 0.22911794483661652
Combined result min/max after normalization: 0.0 0.9999999403953552
Original gt_tensor shape: torch.Size([1, 1, 146, 146])
Original result_tensor shape: torch.Size([1, 1, 146, 146])
Result tensor after removing batch dimension: torch.Size([1, 146, 146])
Result tensor min/max: -1.947015404701233 0.5552645325660706
Combined result min/max before normalization: -1.947015404701233 0.5552645325660706
Combined result min/max after normalization: 0.0 1.0
Original gt_tensor shape: torch.Size([1, 1, 146, 146])
Original result_tensor shape: torch.Size([1, 1, 146, 146])
Result tensor after removing batch dimension: torch.Size([1, 146, 146])
Result tensor min/max: -0.005662906914949417 0.458178848028183
Combined result min/max before normalization: -0.005662906914949417 0.458178848028183
Combined result min/max after normalization: 0.0 1.0
Original gt_tensor shape: torch.Size([1, 1, 146, 146])
Original result_tensor shape: torch.Size([1, 1, 146, 146])
Result tensor after removing batch dimension: torch.Size([1, 146, 146])
Result tensor min/max: -0.007132820785045624 0.3111203610897064
Combined result min/max before normalization: -0.007132820785045624 0.3111203610897064
Combined result min/max after normalization: 0.0 1.0
Original gt_tensor shape: torch.Size([1, 1, 146, 146])
Original result_tensor shape: torch.Size([1, 1, 146, 146])
Result tensor after removing batch dimension: torch.Size([1, 146, 146])
Result tensor min/max: -0.005043789744377136 0.03825446963310242
Combined result min/max before normalization: -0.005043789744377136 0.03825446963310242
Combined result min/max after normalization: 0.0 0.9999997615814209
Original gt_tensor shape: torch.Size([1, 1, 146, 146])
Original result_tensor shape: torch.Size([1, 1, 146, 146])
Result tensor after removing batch dimension: torch.Size([1, 146, 146])
Result tensor min/max: -0.005524240434169769 0.441705584526062
Combined result min/max before normalization: -0.005524240434169769 0.441705584526062
Combined result min/max after normalization: 0.0 1.0
Original gt_tensor shape: torch.Size([1, 1, 146, 146])
Original result_tensor shape: torch.Size([1, 1, 146, 146])
Result tensor after removing batch dimension: torch.Size([1, 146, 146])
Result tensor min/max: -0.01269509457051754 0.7269130349159241
Combined result min/max before normalization: -0.01269509457051754 0.7269130349159241
Combined result min/max after normalization: 0.0 1.0
Original gt_tensor shape: torch.Size([1, 1, 146, 146])
Original result_tensor shape: torch.Size([1, 1, 146, 146])
Result tensor after removing batch dimension: torch.Size([1, 146, 146])
Result tensor min/max: -0.0063048675656318665 0.3668665289878845
Combined result min/max before normalization: -0.0063048675656318665 0.3668665289878845
Combined result min/max after normalization: 0.0 1.0
Original gt_tensor shape: torch.Size([1, 1, 146, 146])
Original result_tensor shape: torch.Size([1, 1, 146, 146])
Result tensor after removing batch dimension: torch.Size([1, 146, 146])
Result tensor min/max: -0.006436498835682869 0.7270437479019165
Combined result min/max before normalization: -0.006436498835682869 0.7270437479019165
Combined result min/max after normalization: 0.0 1.0
Original gt_tensor shape: torch.Size([1, 1, 146, 146])
Original result_tensor shape: torch.Size([1, 1, 146, 146])
Result tensor after removing batch dimension: torch.Size([1, 146, 146])
Result tensor min/max: -0.005885262042284012 0.2537565231323242
Combined result min/max before normalization: -0.005885262042284012 0.2537565231323242
Combined result min/max after normalization: 0.0 1.0
Original gt_tensor shape: torch.Size([1, 1, 146, 146])
Original result_tensor shape: torch.Size([1, 1, 146, 146])
Result tensor after removing batch dimension: torch.Size([1, 146, 146])
Result tensor min/max: -2.4609827995300293 1.219597578048706
Combined result min/max before normalization: -2.4609827995300293 1.219597578048706
Combined result min/max after normalization: 0.0 1.0
Original gt_tensor shape: torch.Size([1, 1, 146, 146])
Original result_tensor shape: torch.Size([1, 1, 146, 146])
Result tensor after removing batch dimension: torch.Size([1, 146, 146])
Result tensor min/max: -0.0056297797709703445 0.4421803951263428
Combined result min/max before normalization: -0.0056297797709703445 0.4421803951263428
Combined result min/max after normalization: 0.0 1.0
Original gt_tensor shape: torch.Size([1, 1, 146, 146])
Original result_tensor shape: torch.Size([1, 1, 146, 146])
Result tensor after removing batch dimension: torch.Size([1, 146, 146])
Result tensor min/max: -2.2419791221618652 1.144606351852417
Combined result min/max before normalization: -2.2419791221618652 1.144606351852417
Combined result min/max after normalization: 0.0 1.0
Original gt_tensor shape: torch.Size([1, 1, 146, 146])
Original result_tensor shape: torch.Size([1, 1, 146, 146])
Result tensor after removing batch dimension: torch.Size([1, 146, 146])
Result tensor min/max: -0.005584314465522766 0.14013592898845673
Combined result min/max before normalization: -0.005584314465522766 0.14013592898845673
Combined result min/max after normalization: 0.0 0.9999998807907104
Original gt_tensor shape: torch.Size([1, 1, 146, 146])
Original result_tensor shape: torch.Size([1, 1, 146, 146])
Result tensor after removing batch dimension: torch.Size([1, 146, 146])
Result tensor min/max: -2.0308327674865723 1.7273136377334595
Combined result min/max before normalization: -2.0308327674865723 1.7273136377334595
Combined result min/max after normalization: 0.0 1.0
Original gt_tensor shape: torch.Size([1, 1, 146, 146])
Original result_tensor shape: torch.Size([1, 1, 146, 146])
Result tensor after removing batch dimension: torch.Size([1, 146, 146])
Result tensor min/max: -0.004254758358001709 0.20299556851387024
Combined result min/max before normalization: -0.004254758358001709 0.20299556851387024
Combined result min/max after normalization: 0.0 0.9999999403953552
Original gt_tensor shape: torch.Size([1, 1, 146, 146])
Original result_tensor shape: torch.Size([1, 1, 146, 146])
Result tensor after removing batch dimension: torch.Size([1, 146, 146])
Result tensor min/max: -1.2933679819107056 0.6341566443443298
Combined result min/max before normalization: -1.2933679819107056 0.6341566443443298
Combined result min/max after normalization: 0.0 1.0
Original gt_tensor shape: torch.Size([1, 1, 146, 146])
Original result_tensor shape: torch.Size([1, 1, 146, 146])
Result tensor after removing batch dimension: torch.Size([1, 146, 146])
Result tensor min/max: -0.3130950331687927 0.5497297048568726
Combined result min/max before normalization: -0.3130950331687927 0.5497297048568726
Combined result min/max after normalization: 0.0 1.0
Original gt_tensor shape: torch.Size([1, 1, 146, 146])
Original result_tensor shape: torch.Size([1, 1, 146, 146])
Result tensor after removing batch dimension: torch.Size([1, 146, 146])
Result tensor min/max: -0.005625918507575989 0.18924614787101746
Combined result min/max before normalization: -0.005625918507575989 0.18924614787101746
Combined result min/max after normalization: 0.0 0.9999999403953552
Original gt_tensor shape: torch.Size([1, 1, 146, 146])
Original result_tensor shape: torch.Size([1, 1, 146, 146])
Result tensor after removing batch dimension: torch.Size([1, 146, 146])
Result tensor min/max: -1.5677454471588135 1.3874483108520508
Combined result min/max before normalization: -1.5677454471588135 1.3874483108520508
Combined result min/max after normalization: 0.0 1.0
Original gt_tensor shape: torch.Size([1, 1, 146, 146])
Original result_tensor shape: torch.Size([1, 1, 146, 146])
Result tensor after removing batch dimension: torch.Size([1, 146, 146])
Result tensor min/max: -0.006449766457080841 0.4752281904220581
Combined result min/max before normalization: -0.006449766457080841 0.4752281904220581
Combined result min/max after normalization: 0.0 1.0
Original gt_tensor shape: torch.Size([1, 1, 146, 146])
Original result_tensor shape: torch.Size([1, 1, 146, 146])
Result tensor after removing batch dimension: torch.Size([1, 146, 146])
Result tensor min/max: -0.00570935383439064 0.22614800930023193
Combined result min/max before normalization: -0.00570935383439064 0.22614800930023193
Combined result min/max after normalization: 0.0 0.9999999403953552
Original gt_tensor shape: torch.Size([1, 1, 146, 146])
Original result_tensor shape: torch.Size([1, 1, 146, 146])
Result tensor after removing batch dimension: torch.Size([1, 146, 146])
Result tensor min/max: -0.03371179848909378 0.8376933932304382
Combined result min/max before normalization: -0.03371179848909378 0.8376933932304382
Combined result min/max after normalization: 0.0 1.0
Original gt_tensor shape: torch.Size([1, 1, 146, 146])
Original result_tensor shape: torch.Size([1, 1, 146, 146])
Result tensor after removing batch dimension: torch.Size([1, 146, 146])
Result tensor min/max: -2.0798137187957764 2.647486448287964
Combined result min/max before normalization: -2.0798137187957764 2.647486448287964
Combined result min/max after normalization: 0.0 1.0
Original gt_tensor shape: torch.Size([1, 1, 146, 146])
Original result_tensor shape: torch.Size([1, 1, 146, 146])
Result tensor after removing batch dimension: torch.Size([1, 146, 146])
Result tensor min/max: -0.6308115720748901 0.5477072596549988
Combined result min/max before normalization: -0.6308115720748901 0.5477072596549988
Combined result min/max after normalization: 0.0 1.0
Original gt_tensor shape: torch.Size([1, 1, 146, 146])
Original result_tensor shape: torch.Size([1, 1, 146, 146])
Result tensor after removing batch dimension: torch.Size([1, 146, 146])
Result tensor min/max: -0.005073856562376022 0.18822148442268372
Combined result min/max before normalization: -0.005073856562376022 0.18822148442268372
Combined result min/max after normalization: 0.0 0.9999999403953552
Original gt_tensor shape: torch.Size([1, 1, 146, 146])
Original result_tensor shape: torch.Size([1, 1, 146, 146])
Result tensor after removing batch dimension: torch.Size([1, 146, 146])
Result tensor min/max: -0.5188630223274231 1.3257713317871094
Combined result min/max before normalization: -0.5188630223274231 1.3257713317871094
Combined result min/max after normalization: 0.0 1.0
Original gt_tensor shape: torch.Size([1, 1, 146, 146])
Original result_tensor shape: torch.Size([1, 1, 146, 146])
Result tensor after removing batch dimension: torch.Size([1, 146, 146])
Result tensor min/max: -0.47981053590774536 1.4219876527786255
Combined result min/max before normalization: -0.47981053590774536 1.4219876527786255
Combined result min/max after normalization: 0.0 1.0
Original gt_tensor shape: torch.Size([1, 1, 146, 146])
Original result_tensor shape: torch.Size([1, 1, 146, 146])
Result tensor after removing batch dimension: torch.Size([1, 146, 146])
Result tensor min/max: -0.005484189838171005 0.19079680740833282
Combined result min/max before normalization: -0.005484189838171005 0.19079680740833282
Combined result min/max after normalization: 0.0 0.9999999403953552
Original gt_tensor shape: torch.Size([1, 1, 146, 146])
Original result_tensor shape: torch.Size([1, 1, 146, 146])
Result tensor after removing batch dimension: torch.Size([1, 146, 146])
Result tensor min/max: -0.2910149395465851 0.45593732595443726
Combined result min/max before normalization: -0.2910149395465851 0.45593732595443726
Combined result min/max after normalization: 0.0 1.0
Original gt_tensor shape: torch.Size([1, 1, 146, 146])
Original result_tensor shape: torch.Size([1, 1, 146, 146])
Result tensor after removing batch dimension: torch.Size([1, 146, 146])
Result tensor min/max: -1.2212228775024414 2.64845871925354
Combined result min/max before normalization: -1.2212228775024414 2.64845871925354
Combined result min/max after normalization: 0.0 1.0
Original gt_tensor shape: torch.Size([1, 1, 146, 146])
Original result_tensor shape: torch.Size([1, 1, 146, 146])
Result tensor after removing batch dimension: torch.Size([1, 146, 146])
Result tensor min/max: -2.254912853240967 2.366997718811035
Combined result min/max before normalization: -2.254912853240967 2.366997718811035
Combined result min/max after normalization: 0.0 1.0
Original gt_tensor shape: torch.Size([1, 1, 146, 146])
Original result_tensor shape: torch.Size([1, 1, 146, 146])
Result tensor after removing batch dimension: torch.Size([1, 146, 146])
Result tensor min/max: -0.002365387976169586 0.13876447081565857
Combined result min/max before normalization: -0.002365387976169586 0.13876447081565857
Combined result min/max after normalization: 0.0 0.9999998807907104
Original gt_tensor shape: torch.Size([1, 1, 146, 146])
Original result_tensor shape: torch.Size([1, 1, 146, 146])
Result tensor after removing batch dimension: torch.Size([1, 146, 146])
Result tensor min/max: -0.0050926730036735535 0.2734464406967163
Combined result min/max before normalization: -0.0050926730036735535 0.2734464406967163
Combined result min/max after normalization: 0.0 1.0
Original gt_tensor shape: torch.Size([1, 1, 146, 146])
Original result_tensor shape: torch.Size([1, 1, 146, 146])
Result tensor after removing batch dimension: torch.Size([1, 146, 146])
Result tensor min/max: -0.006006209179759026 0.6209353804588318
Combined result min/max before normalization: -0.006006209179759026 0.6209353804588318
Combined result min/max after normalization: 0.0 1.0
Original gt_tensor shape: torch.Size([1, 1, 146, 146])
Original result_tensor shape: torch.Size([1, 1, 146, 146])
Result tensor after removing batch dimension: torch.Size([1, 146, 146])
Result tensor min/max: -0.00568021833896637 0.08125226199626923
Combined result min/max before normalization: -0.00568021833896637 0.08125226199626923
Combined result min/max after normalization: 0.0 0.9999999403953552
Original gt_tensor shape: torch.Size([1, 1, 146, 146])
Original result_tensor shape: torch.Size([1, 1, 146, 146])
Result tensor after removing batch dimension: torch.Size([1, 146, 146])
Result tensor min/max: -1.7747193574905396 2.4310290813446045
Combined result min/max before normalization: -1.7747193574905396 2.4310290813446045
Combined result min/max after normalization: 0.0 1.0
Original gt_tensor shape: torch.Size([1, 1, 146, 146])
Original result_tensor shape: torch.Size([1, 1, 146, 146])
Result tensor after removing batch dimension: torch.Size([1, 146, 146])
Result tensor min/max: -0.0022412464022636414 0.4137905538082123
Combined result min/max before normalization: -0.0022412464022636414 0.4137905538082123
Combined result min/max after normalization: 0.0 1.0
Original gt_tensor shape: torch.Size([1, 1, 146, 146])
Original result_tensor shape: torch.Size([1, 1, 146, 146])
Result tensor after removing batch dimension: torch.Size([1, 146, 146])
Result tensor min/max: -0.005396626889705658 0.19261351227760315
Combined result min/max before normalization: -0.005396626889705658 0.19261351227760315
Combined result min/max after normalization: 0.0 0.9999999403953552
Original gt_tensor shape: torch.Size([1, 1, 146, 146])
Original result_tensor shape: torch.Size([1, 1, 146, 146])
Result tensor after removing batch dimension: torch.Size([1, 146, 146])
Result tensor min/max: -0.005788127891719341 0.6691864728927612
Combined result min/max before normalization: -0.005788127891719341 0.6691864728927612
Combined result min/max after normalization: 0.0 1.0
Original gt_tensor shape: torch.Size([1, 1, 146, 146])
Original result_tensor shape: torch.Size([1, 1, 146, 146])
Result tensor after removing batch dimension: torch.Size([1, 146, 146])
Result tensor min/max: -0.005183558911085129 0.14852316677570343
Combined result min/max before normalization: -0.005183558911085129 0.14852316677570343
Combined result min/max after normalization: 0.0 0.9999998807907104
Original gt_tensor shape: torch.Size([1, 1, 146, 146])
Original result_tensor shape: torch.Size([1, 1, 146, 146])
Result tensor after removing batch dimension: torch.Size([1, 146, 146])
Result tensor min/max: -1.7004239559173584 1.4440113306045532
Combined result min/max before normalization: -1.7004239559173584 1.4440113306045532
Combined result min/max after normalization: 0.0 1.0
Original gt_tensor shape: torch.Size([1, 1, 146, 146])
Original result_tensor shape: torch.Size([1, 1, 146, 146])
Result tensor after removing batch dimension: torch.Size([1, 146, 146])
Result tensor min/max: -2.59768009185791 2.2621407508850098
Combined result min/max before normalization: -2.59768009185791 2.2621407508850098
Combined result min/max after normalization: 0.0 1.0
Original gt_tensor shape: torch.Size([1, 1, 146, 146])
Original result_tensor shape: torch.Size([1, 1, 146, 146])
Result tensor after removing batch dimension: torch.Size([1, 146, 146])
Result tensor min/max: -0.0050615910440683365 0.07094825804233551
Combined result min/max before normalization: -0.0050615910440683365 0.07094825804233551
Combined result min/max after normalization: 0.0 0.9999998807907104
Original gt_tensor shape: torch.Size([1, 1, 146, 146])
Original result_tensor shape: torch.Size([1, 1, 146, 146])
Result tensor after removing batch dimension: torch.Size([1, 146, 146])
Result tensor min/max: -0.47620248794555664 1.0537230968475342
Combined result min/max before normalization: -0.47620248794555664 1.0537230968475342
Combined result min/max after normalization: 0.0 1.0
Original gt_tensor shape: torch.Size([1, 1, 146, 146])
Original result_tensor shape: torch.Size([1, 1, 146, 146])
Result tensor after removing batch dimension: torch.Size([1, 146, 146])
Result tensor min/max: -0.540454089641571 1.075154423713684
Combined result min/max before normalization: -0.540454089641571 1.075154423713684
Combined result min/max after normalization: 0.0 1.0
Original gt_tensor shape: torch.Size([1, 1, 146, 146])
Original result_tensor shape: torch.Size([1, 1, 146, 146])
Result tensor after removing batch dimension: torch.Size([1, 146, 146])
Result tensor min/max: -1.5139365196228027 0.8986537456512451
Combined result min/max before normalization: -1.5139365196228027 0.8986537456512451
Combined result min/max after normalization: 0.0 1.0
Original gt_tensor shape: torch.Size([1, 1, 146, 146])
Original result_tensor shape: torch.Size([1, 1, 146, 146])
Result tensor after removing batch dimension: torch.Size([1, 146, 146])
Result tensor min/max: -0.004620984196662903 0.09749965369701385
Combined result min/max before normalization: -0.004620984196662903 0.09749965369701385
Combined result min/max after normalization: 0.0 0.9999999403953552
Original gt_tensor shape: torch.Size([1, 1, 146, 146])
Original result_tensor shape: torch.Size([1, 1, 146, 146])
Result tensor after removing batch dimension: torch.Size([1, 146, 146])
Result tensor min/max: -2.320340633392334 1.2861735820770264
Combined result min/max before normalization: -2.320340633392334 1.2861735820770264
Combined result min/max after normalization: 0.0 1.0
Original gt_tensor shape: torch.Size([1, 1, 146, 146])
Original result_tensor shape: torch.Size([1, 1, 146, 146])
Result tensor after removing batch dimension: torch.Size([1, 146, 146])
Result tensor min/max: -1.1716134548187256 2.1930902004241943
Combined result min/max before normalization: -1.1716134548187256 2.1930902004241943
Combined result min/max after normalization: 0.0 1.0
Original gt_tensor shape: torch.Size([1, 1, 146, 146])
Original result_tensor shape: torch.Size([1, 1, 146, 146])
Result tensor after removing batch dimension: torch.Size([1, 146, 146])
Result tensor min/max: -0.004932232201099396 0.16523699462413788
Combined result min/max before normalization: -0.004932232201099396 0.16523699462413788
Combined result min/max after normalization: 0.0 0.9999999403953552
Original gt_tensor shape: torch.Size([1, 1, 146, 146])
Original result_tensor shape: torch.Size([1, 1, 146, 146])
Result tensor after removing batch dimension: torch.Size([1, 146, 146])
Result tensor min/max: -1.5186424255371094 3.245915174484253
Combined result min/max before normalization: -1.5186424255371094 3.245915174484253
Combined result min/max after normalization: 0.0 1.0
Original gt_tensor shape: torch.Size([1, 1, 146, 146])
Original result_tensor shape: torch.Size([1, 1, 146, 146])
Result tensor after removing batch dimension: torch.Size([1, 146, 146])
Result tensor min/max: -2.7481067180633545 1.7456423044204712
Combined result min/max before normalization: -2.7481067180633545 1.7456423044204712
Combined result min/max after normalization: 0.0 1.0
Original gt_tensor shape: torch.Size([1, 1, 146, 146])
Original result_tensor shape: torch.Size([1, 1, 146, 146])
Result tensor after removing batch dimension: torch.Size([1, 146, 146])
Result tensor min/max: -0.007235199213027954 0.7161596417427063
Combined result min/max before normalization: -0.007235199213027954 0.7161596417427063
Combined result min/max after normalization: 0.0 1.0
Original gt_tensor shape: torch.Size([1, 1, 146, 146])
Original result_tensor shape: torch.Size([1, 1, 146, 146])
Result tensor after removing batch dimension: torch.Size([1, 146, 146])
Result tensor min/max: -0.005620790645480156 0.15688203275203705
Combined result min/max before normalization: -0.005620790645480156 0.15688203275203705
Combined result min/max after normalization: 0.0 0.9999998807907104
Original gt_tensor shape: torch.Size([1, 1, 146, 146])
Original result_tensor shape: torch.Size([1, 1, 146, 146])
Result tensor after removing batch dimension: torch.Size([1, 146, 146])
Result tensor min/max: -0.002731911838054657 0.4590989947319031
Combined result min/max before normalization: -0.002731911838054657 0.4590989947319031
Combined result min/max after normalization: 0.0 1.0
Original gt_tensor shape: torch.Size([1, 1, 146, 146])
Original result_tensor shape: torch.Size([1, 1, 146, 146])
Result tensor after removing batch dimension: torch.Size([1, 146, 146])
Result tensor min/max: -0.006417401134967804 0.1131325513124466
Combined result min/max before normalization: -0.006417401134967804 0.1131325513124466
Combined result min/max after normalization: 0.0 0.9999999403953552
Original gt_tensor shape: torch.Size([1, 1, 146, 146])
Original result_tensor shape: torch.Size([1, 1, 146, 146])
Result tensor after removing batch dimension: torch.Size([1, 146, 146])
Result tensor min/max: -0.006846491247415543 0.35257139801979065
Combined result min/max before normalization: -0.006846491247415543 0.35257139801979065
Combined result min/max after normalization: 0.0 1.0
Original gt_tensor shape: torch.Size([1, 1, 146, 146])
Original result_tensor shape: torch.Size([1, 1, 146, 146])
Result tensor after removing batch dimension: torch.Size([1, 146, 146])
Result tensor min/max: -1.0605618953704834 2.36008358001709
Combined result min/max before normalization: -1.0605618953704834 2.36008358001709
Combined result min/max after normalization: 0.0 1.0
Original gt_tensor shape: torch.Size([1, 1, 146, 146])
Original result_tensor shape: torch.Size([1, 1, 146, 146])
Result tensor after removing batch dimension: torch.Size([1, 146, 146])
Result tensor min/max: -0.004519064910709858 0.31385913491249084
Combined result min/max before normalization: -0.004519064910709858 0.31385913491249084
Combined result min/max after normalization: 0.0 1.0
Original gt_tensor shape: torch.Size([1, 1, 146, 146])
Original result_tensor shape: torch.Size([1, 1, 146, 146])
Result tensor after removing batch dimension: torch.Size([1, 146, 146])
Result tensor min/max: -2.0031533241271973 5.125997066497803
Combined result min/max before normalization: -2.0031533241271973 5.125997066497803
Combined result min/max after normalization: 0.0 1.0
Original gt_tensor shape: torch.Size([1, 1, 146, 146])
Original result_tensor shape: torch.Size([1, 1, 146, 146])
Result tensor after removing batch dimension: torch.Size([1, 146, 146])
Result tensor min/max: -0.8559831976890564 1.6334158182144165
Combined result min/max before normalization: -0.8559831976890564 1.6334158182144165
Combined result min/max after normalization: 0.0 1.0
Original gt_tensor shape: torch.Size([1, 1, 146, 146])
Original result_tensor shape: torch.Size([1, 1, 146, 146])
Result tensor after removing batch dimension: torch.Size([1, 146, 146])
Result tensor min/max: -1.298511266708374 3.3288614749908447
Combined result min/max before normalization: -1.298511266708374 3.3288614749908447
Combined result min/max after normalization: 0.0 1.0
Original gt_tensor shape: torch.Size([1, 1, 146, 146])
Original result_tensor shape: torch.Size([1, 1, 146, 146])
Result tensor after removing batch dimension: torch.Size([1, 146, 146])
Result tensor min/max: -0.00574677437543869 0.5850552320480347
Combined result min/max before normalization: -0.00574677437543869 0.5850552320480347
Combined result min/max after normalization: 0.0 1.0
Original gt_tensor shape: torch.Size([1, 1, 146, 146])
Original result_tensor shape: torch.Size([1, 1, 146, 146])
Result tensor after removing batch dimension: torch.Size([1, 146, 146])
Result tensor min/max: -1.8205640316009521 0.6742258071899414
Combined result min/max before normalization: -1.8205640316009521 0.6742258071899414
Combined result min/max after normalization: 0.0 1.0
Original gt_tensor shape: torch.Size([1, 1, 146, 146])
Original result_tensor shape: torch.Size([1, 1, 146, 146])
Result tensor after removing batch dimension: torch.Size([1, 146, 146])
Result tensor min/max: -0.00607643648982048 0.5078238248825073
Combined result min/max before normalization: -0.00607643648982048 0.5078238248825073
Combined result min/max after normalization: 0.0 1.0
Original gt_tensor shape: torch.Size([1, 1, 146, 146])
Original result_tensor shape: torch.Size([1, 1, 146, 146])
Result tensor after removing batch dimension: torch.Size([1, 146, 146])
Result tensor min/max: -0.010461056604981422 0.7591928839683533
Combined result min/max before normalization: -0.010461056604981422 0.7591928839683533
Combined result min/max after normalization: 0.0 1.0
Original gt_tensor shape: torch.Size([1, 1, 146, 146])
Original result_tensor shape: torch.Size([1, 1, 146, 146])
Result tensor after removing batch dimension: torch.Size([1, 146, 146])
Result tensor min/max: -0.004275238141417503 0.3599429428577423
Combined result min/max before normalization: -0.004275238141417503 0.3599429428577423
Combined result min/max after normalization: 0.0 1.0
Original gt_tensor shape: torch.Size([1, 1, 146, 146])
Original result_tensor shape: torch.Size([1, 1, 146, 146])
Result tensor after removing batch dimension: torch.Size([1, 146, 146])
Result tensor min/max: -0.003846127539873123 0.16168473660945892
Combined result min/max before normalization: -0.003846127539873123 0.16168473660945892
Combined result min/max after normalization: 0.0 0.9999998807907104
Original gt_tensor shape: torch.Size([1, 1, 146, 146])
Original result_tensor shape: torch.Size([1, 1, 146, 146])
Result tensor after removing batch dimension: torch.Size([1, 146, 146])
Result tensor min/max: -0.0018886253237724304 0.2429177612066269
Combined result min/max before normalization: -0.0018886253237724304 0.2429177612066269
Combined result min/max after normalization: 0.0 0.9999999403953552
Original gt_tensor shape: torch.Size([1, 1, 146, 146])
Original result_tensor shape: torch.Size([1, 1, 146, 146])
Result tensor after removing batch dimension: torch.Size([1, 146, 146])
Result tensor min/max: -0.006878434680402279 0.6603692770004272
Combined result min/max before normalization: -0.006878434680402279 0.6603692770004272
Combined result min/max after normalization: 0.0 1.0
Original gt_tensor shape: torch.Size([1, 1, 146, 146])
Original result_tensor shape: torch.Size([1, 1, 146, 146])
Result tensor after removing batch dimension: torch.Size([1, 146, 146])
Result tensor min/max: -0.004790438339114189 0.6428630948066711
Combined result min/max before normalization: -0.004790438339114189 0.6428630948066711
Combined result min/max after normalization: 0.0 1.0
Original gt_tensor shape: torch.Size([1, 1, 146, 146])
Original result_tensor shape: torch.Size([1, 1, 146, 146])
Result tensor after removing batch dimension: torch.Size([1, 146, 146])
Result tensor min/max: -0.735977053642273 1.558516025543213
Combined result min/max before normalization: -0.735977053642273 1.558516025543213
Combined result min/max after normalization: 0.0 1.0
Original gt_tensor shape: torch.Size([1, 1, 146, 146])
Original result_tensor shape: torch.Size([1, 1, 146, 146])
Result tensor after removing batch dimension: torch.Size([1, 146, 146])
Result tensor min/max: -2.7939507961273193 2.801180362701416
Combined result min/max before normalization: -2.7939507961273193 2.801180362701416
Combined result min/max after normalization: 0.0 1.0
Original gt_tensor shape: torch.Size([1, 1, 146, 146])
Original result_tensor shape: torch.Size([1, 1, 146, 146])
Result tensor after removing batch dimension: torch.Size([1, 146, 146])
Result tensor min/max: -0.0026602447032928467 0.008705027401447296
Combined result min/max before normalization: -0.0026602447032928467 0.008705027401447296
Combined result min/max after normalization: 0.0 0.9999991059303284
Original gt_tensor shape: torch.Size([1, 1, 146, 146])
Original result_tensor shape: torch.Size([1, 1, 146, 146])
Result tensor after removing batch dimension: torch.Size([1, 146, 146])
Result tensor min/max: -0.0015236437320709229 0.18288859724998474
Combined result min/max before normalization: -0.0015236437320709229 0.18288859724998474
Combined result min/max after normalization: 0.0 0.9999999403953552
Original gt_tensor shape: torch.Size([1, 1, 146, 146])
Original result_tensor shape: torch.Size([1, 1, 146, 146])
Result tensor after removing batch dimension: torch.Size([1, 146, 146])
Result tensor min/max: -0.0055871568620204926 0.04319238290190697
Combined result min/max before normalization: -0.0055871568620204926 0.04319238290190697
Combined result min/max after normalization: 0.0 0.9999997615814209
Original gt_tensor shape: torch.Size([1, 1, 146, 146])
Original result_tensor shape: torch.Size([1, 1, 146, 146])
Result tensor after removing batch dimension: torch.Size([1, 146, 146])
Result tensor min/max: -0.005118686705827713 0.09778207540512085
Combined result min/max before normalization: -0.005118686705827713 0.09778207540512085
Combined result min/max after normalization: 0.0 0.9999999403953552
Original gt_tensor shape: torch.Size([1, 1, 146, 146])
Original result_tensor shape: torch.Size([1, 1, 146, 146])
Result tensor after removing batch dimension: torch.Size([1, 146, 146])
Result tensor min/max: -2.3599300384521484 2.5367558002471924
Combined result min/max before normalization: -2.3599300384521484 2.5367558002471924
Combined result min/max after normalization: 0.0 1.0
Original gt_tensor shape: torch.Size([1, 1, 146, 146])
Original result_tensor shape: torch.Size([1, 1, 146, 146])
Result tensor after removing batch dimension: torch.Size([1, 146, 146])
Result tensor min/max: -0.004826691001653671 0.09283577650785446
Combined result min/max before normalization: -0.004826691001653671 0.09283577650785446
Combined result min/max after normalization: 0.0 0.9999999403953552
Original gt_tensor shape: torch.Size([1, 1, 146, 146])
Original result_tensor shape: torch.Size([1, 1, 146, 146])
Result tensor after removing batch dimension: torch.Size([1, 146, 146])
Result tensor min/max: -0.005154065787792206 0.397784024477005
Combined result min/max before normalization: -0.005154065787792206 0.397784024477005
Combined result min/max after normalization: 0.0 1.0
Original gt_tensor shape: torch.Size([1, 1, 146, 146])
Original result_tensor shape: torch.Size([1, 1, 146, 146])
Result tensor after removing batch dimension: torch.Size([1, 146, 146])
Result tensor min/max: -0.004706960171461105 0.1845608651638031
Combined result min/max before normalization: -0.004706960171461105 0.1845608651638031
Combined result min/max after normalization: 0.0 0.9999999403953552
Original gt_tensor shape: torch.Size([1, 1, 146, 146])
Original result_tensor shape: torch.Size([1, 1, 146, 146])
Result tensor after removing batch dimension: torch.Size([1, 146, 146])
Result tensor min/max: -3.1238555908203125 4.106769561767578
Combined result min/max before normalization: -3.1238555908203125 4.106769561767578
Combined result min/max after normalization: 0.0 1.0
Original gt_tensor shape: torch.Size([1, 1, 146, 146])
Original result_tensor shape: torch.Size([1, 1, 146, 146])
Result tensor after removing batch dimension: torch.Size([1, 146, 146])
Result tensor min/max: -2.4599485397338867 3.2159440517425537
Combined result min/max before normalization: -2.4599485397338867 3.2159440517425537
Combined result min/max after normalization: 0.0 1.0
Original gt_tensor shape: torch.Size([1, 1, 146, 146])
Original result_tensor shape: torch.Size([1, 1, 146, 146])
Result tensor after removing batch dimension: torch.Size([1, 146, 146])
Result tensor min/max: -0.005334965884685516 0.5570695400238037
Combined result min/max before normalization: -0.005334965884685516 0.5570695400238037
Combined result min/max after normalization: 0.0 1.0
Original gt_tensor shape: torch.Size([1, 1, 146, 146])
Original result_tensor shape: torch.Size([1, 1, 146, 146])
Result tensor after removing batch dimension: torch.Size([1, 146, 146])
Result tensor min/max: -0.004104629158973694 0.51943039894104
Combined result min/max before normalization: -0.004104629158973694 0.51943039894104
Combined result min/max after normalization: 0.0 1.0
Original gt_tensor shape: torch.Size([1, 1, 146, 146])
Original result_tensor shape: torch.Size([1, 1, 146, 146])
Result tensor after removing batch dimension: torch.Size([1, 146, 146])
Result tensor min/max: -0.005366712808609009 0.38719087839126587
Combined result min/max before normalization: -0.005366712808609009 0.38719087839126587
Combined result min/max after normalization: 0.0 1.0
Original gt_tensor shape: torch.Size([1, 1, 146, 146])
Original result_tensor shape: torch.Size([1, 1, 146, 146])
Result tensor after removing batch dimension: torch.Size([1, 146, 146])
Result tensor min/max: -0.0015600025653839111 0.10094469785690308
Combined result min/max before normalization: -0.0015600025653839111 0.10094469785690308
Combined result min/max after normalization: 0.0 0.9999999403953552
Original gt_tensor shape: torch.Size([1, 1, 146, 146])
Original result_tensor shape: torch.Size([1, 1, 146, 146])
Result tensor after removing batch dimension: torch.Size([1, 146, 146])
Result tensor min/max: -1.9125224351882935 1.7350823879241943
Combined result min/max before normalization: -1.9125224351882935 1.7350823879241943
Combined result min/max after normalization: 0.0 1.0
Original gt_tensor shape: torch.Size([1, 1, 146, 146])
Original result_tensor shape: torch.Size([1, 1, 146, 146])
Result tensor after removing batch dimension: torch.Size([1, 146, 146])
Result tensor min/max: -0.00464567169547081 0.07649103552103043
Combined result min/max before normalization: -0.00464567169547081 0.07649103552103043
Combined result min/max after normalization: 0.0 0.9999998807907104
Original gt_tensor shape: torch.Size([1, 1, 146, 146])
Original result_tensor shape: torch.Size([1, 1, 146, 146])
Result tensor after removing batch dimension: torch.Size([1, 146, 146])
Result tensor min/max: -1.6566368341445923 1.521963119506836
Combined result min/max before normalization: -1.6566368341445923 1.521963119506836
Combined result min/max after normalization: 0.0 1.0
Original gt_tensor shape: torch.Size([1, 1, 146, 146])
Original result_tensor shape: torch.Size([1, 1, 146, 146])
Result tensor after removing batch dimension: torch.Size([1, 146, 146])
Result tensor min/max: -0.002454463392496109 0.17577272653579712
Combined result min/max before normalization: -0.002454463392496109 0.17577272653579712
Combined result min/max after normalization: 0.0 0.9999999403953552
Original gt_tensor shape: torch.Size([1, 1, 146, 146])
Original result_tensor shape: torch.Size([1, 1, 146, 146])
Result tensor after removing batch dimension: torch.Size([1, 146, 146])
Result tensor min/max: -0.005261983722448349 0.2626493573188782
Combined result min/max before normalization: -0.005261983722448349 0.2626493573188782
Combined result min/max after normalization: 0.0 1.0
Original gt_tensor shape: torch.Size([1, 1, 146, 146])
Original result_tensor shape: torch.Size([1, 1, 146, 146])
Result tensor after removing batch dimension: torch.Size([1, 146, 146])
Result tensor min/max: -0.003878185525536537 0.23894129693508148
Combined result min/max before normalization: -0.003878185525536537 0.23894129693508148
Combined result min/max after normalization: 0.0 0.9999999403953552
Original gt_tensor shape: torch.Size([1, 1, 146, 146])
